[2021-11-02 21:42:11.899] [exthost] [info] extension host started
[2021-11-02 21:42:11.938] [exthost] [info] ExtensionService#_doActivateExtension vscode.microsoft-authentication, startup: false, activationEvent: 'onAuthenticationRequest:microsoft'
[2021-11-02 21:42:11.938] [exthost] [info] ExtensionService#loadCommonJSModule file:///usr/share/code/resources/app/extensions/microsoft-authentication/dist/extension.js
[2021-11-02 21:42:11.946] [exthost] [info] ExtensionService#_doActivateExtension vscode.debug-auto-launch, startup: true, activationEvent: '*'
[2021-11-02 21:42:11.946] [exthost] [info] ExtensionService#loadCommonJSModule file:///usr/share/code/resources/app/extensions/debug-auto-launch/dist/extension
[2021-11-02 21:42:11.948] [exthost] [info] ExtensionService#_doActivateExtension vscode.git, startup: true, activationEvent: '*', root cause: vscode.github
[2021-11-02 21:42:11.948] [exthost] [info] ExtensionService#loadCommonJSModule file:///usr/share/code/resources/app/extensions/git/dist/main
[2021-11-02 21:42:11.959] [exthost] [info] ExtensionService#_doActivateExtension PKief.material-icon-theme, startup: true, activationEvent: '*'
[2021-11-02 21:42:11.959] [exthost] [info] ExtensionService#loadCommonJSModule file:///home/moonwhite/.vscode/extensions/pkief.material-icon-theme-4.10.0/dist/extension
[2021-11-02 21:42:12.017] [exthost] [info] ExtensionService#_doActivateExtension vscode.github, startup: true, activationEvent: '*'
[2021-11-02 21:42:12.017] [exthost] [info] ExtensionService#loadCommonJSModule file:///usr/share/code/resources/app/extensions/github/dist/extension.js
[2021-11-02 21:42:12.043] [exthost] [info] eager extensions activated
[2021-11-02 21:42:12.049] [exthost] [info] ExtensionService#_doActivateExtension ms-vscode.js-debug, startup: false, activationEvent: 'onCommand:extension.js-debug.clearAutoAttachVariables'
[2021-11-02 21:42:12.050] [exthost] [info] ExtensionService#loadCommonJSModule file:///usr/share/code/resources/app/extensions/ms-vscode.js-debug/src/extension.js
[2021-11-02 21:42:12.136] [exthost] [info] ExtensionService#_doActivateExtension vscode.emmet, startup: false, activationEvent: 'onStartupFinished'
[2021-11-02 21:42:12.136] [exthost] [info] ExtensionService#loadCommonJSModule file:///usr/share/code/resources/app/extensions/emmet/dist/node/emmetNodeMain
[2021-11-02 21:42:12.139] [exthost] [info] ExtensionService#_doActivateExtension vscode.merge-conflict, startup: false, activationEvent: 'onStartupFinished'
[2021-11-02 21:42:12.139] [exthost] [info] ExtensionService#loadCommonJSModule file:///usr/share/code/resources/app/extensions/merge-conflict/dist/mergeConflictMain
[2021-11-02 21:42:12.165] [exthost] [info] ExtensionService#_doActivateExtension vscode.github-authentication, startup: false, activationEvent: 'onAuthenticationRequest:github'
[2021-11-02 21:42:12.165] [exthost] [info] ExtensionService#loadCommonJSModule file:///usr/share/code/resources/app/extensions/github-authentication/dist/extension.js
[2021-11-02 21:42:13.562] [exthost] [info] extension host terminating: renderer closed the socket
[2021-11-02 21:42:14.567] [exthost] [info] exiting with code 0
