Validating found git in: git
Using git 2.25.1 from git
> git rev-parse --git-dir
Open repository: /home/moonwhite/MoonwhiteProjects/ClientApplication/FreespaceClient
> git fetch
> git status -z -u
> git symbolic-ref --short HEAD
> git for-each-ref --format=%(refname)%00%(upstream:short)%00%(objectname)%00%(upstream:track) refs/heads/master refs/remotes/master
> git for-each-ref --sort -committerdate --format %(refname) %(objectname) %(*objectname)
> git remote --verbose
Warning: Failed to watch ref '/home/moonwhite/MoonwhiteProjects/ClientApplication/FreespaceClient/.git/refs/remotes/origin/master', is most likely packed.
> git config --get commit.template
> git show --textconv :src/app/admin/designation/designation.component.ts
> git ls-files --stage -- /home/moonwhite/MoonwhiteProjects/ClientApplication/FreespaceClient/src/app/admin/designation/designation.component.ts
> git status -z -u
> git symbolic-ref --short HEAD
> git for-each-ref --format=%(refname)%00%(upstream:short)%00%(objectname)%00%(upstream:track) refs/heads/master refs/remotes/master
> git for-each-ref --sort -committerdate --format %(refname) %(objectname) %(*objectname)
> git remote --verbose
Warning: Failed to watch ref '/home/moonwhite/MoonwhiteProjects/ClientApplication/FreespaceClient/.git/refs/remotes/origin/master', is most likely packed.
> git config --get commit.template
> git check-ignore -v -z --stdin
> git ls-files --stage -- /home/moonwhite/MoonwhiteProjects/ClientApplication/FreespaceClient/src/app/admin/designation/designation.component.ts
> git show --textconv :src/app/admin/designation/designation.component.ts
> git status -z -u
> git symbolic-ref --short HEAD
> git for-each-ref --format=%(refname)%00%(upstream:short)%00%(objectname)%00%(upstream:track) refs/heads/master refs/remotes/master
> git for-each-ref --sort -committerdate --format %(refname) %(objectname) %(*objectname)
> git remote --verbose
Warning: Failed to watch ref '/home/moonwhite/MoonwhiteProjects/ClientApplication/FreespaceClient/.git/refs/remotes/origin/master', is most likely packed.
> git config --get commit.template
> git status -z -u
> git symbolic-ref --short HEAD
> git for-each-ref --format=%(refname)%00%(upstream:short)%00%(objectname)%00%(upstream:track) refs/heads/master refs/remotes/master
> git for-each-ref --sort -committerdate --format %(refname) %(objectname) %(*objectname)
> git remote --verbose
Warning: Failed to watch ref '/home/moonwhite/MoonwhiteProjects/ClientApplication/FreespaceClient/.git/refs/remotes/origin/master', is most likely packed.
> git config --get commit.template
> git status -z -u
> git symbolic-ref --short HEAD
> git for-each-ref --format=%(refname)%00%(upstream:short)%00%(objectname)%00%(upstream:track) refs/heads/master refs/remotes/master
> git for-each-ref --sort -committerdate --format %(refname) %(objectname) %(*objectname)
> git remote --verbose
Warning: Failed to watch ref '/home/moonwhite/MoonwhiteProjects/ClientApplication/FreespaceClient/.git/refs/remotes/origin/master', is most likely packed.
> git config --get commit.template
> git fetch
> git status -z -u
> git symbolic-ref --short HEAD
> git for-each-ref --format=%(refname)%00%(upstream:short)%00%(objectname)%00%(upstream:track) refs/heads/master refs/remotes/master
> git for-each-ref --sort -committerdate --format %(refname) %(objectname) %(*objectname)
> git remote --verbose
Warning: Failed to watch ref '/home/moonwhite/MoonwhiteProjects/ClientApplication/FreespaceClient/.git/refs/remotes/origin/master', is most likely packed.
> git config --get commit.template
> git ls-files --stage -- /home/moonwhite/MoonwhiteProjects/ClientApplication/FreespaceClient/src/app/admin/designation/designation.component.ts
> git show --textconv :src/app/admin/designation/designation.component.ts
> git status -z -u
> git symbolic-ref --short HEAD
> git for-each-ref --format=%(refname)%00%(upstream:short)%00%(objectname)%00%(upstream:track) refs/heads/master refs/remotes/master
> git for-each-ref --sort -committerdate --format %(refname) %(objectname) %(*objectname)
> git remote --verbose
Warning: Failed to watch ref '/home/moonwhite/MoonwhiteProjects/ClientApplication/FreespaceClient/.git/refs/remotes/origin/master', is most likely packed.
> git config --get commit.template
> git status -z -u
> git symbolic-ref --short HEAD
> git for-each-ref --format=%(refname)%00%(upstream:short)%00%(objectname)%00%(upstream:track) refs/heads/master refs/remotes/master
> git for-each-ref --sort -committerdate --format %(refname) %(objectname) %(*objectname)
> git remote --verbose
Warning: Failed to watch ref '/home/moonwhite/MoonwhiteProjects/ClientApplication/FreespaceClient/.git/refs/remotes/origin/master', is most likely packed.
> git config --get commit.template
