[   163.531] (--) Log file renamed from "/home/moonwhite/.local/share/xorg/Xorg.pid-1579.log" to "/home/moonwhite/.local/share/xorg/Xorg.0.log"
[   163.531] 
X.Org X Server 1.20.11
X Protocol Version 11, Revision 0
[   163.531] Build Operating System: linux Ubuntu
[   163.531] Current Operating System: Linux moonwhite-ThinkPad-E14-Gen-2 5.11.0-38-generic #42~20.04.1-Ubuntu SMP Tue Sep 28 20:41:07 UTC 2021 x86_64
[   163.531] Kernel command line: BOOT_IMAGE=/boot/vmlinuz-5.11.0-38-generic root=UUID=0a2ff033-5aef-4de3-bdfd-3f377371f07b ro quiet splash vt.handoff=7
[   163.531] Build Date: 06 July 2021  10:17:51AM
[   163.531] xorg-server 2:1.20.11-1ubuntu1~20.04.2 (For technical support please see http://www.ubuntu.com/support) 
[   163.531] Current version of pixman: 0.38.4
[   163.531] 	Before reporting problems, check http://wiki.x.org
	to make sure that you have the latest version.
[   163.531] Markers: (--) probed, (**) from config file, (==) default setting,
	(++) from command line, (!!) notice, (II) informational,
	(WW) warning, (EE) error, (NI) not implemented, (??) unknown.
[   163.531] (==) Log file: "/home/moonwhite/.local/share/xorg/Xorg.0.log", Time: Wed Nov  3 09:20:45 2021
[   163.531] (==) Using system config directory "/usr/share/X11/xorg.conf.d"
[   163.532] (==) No Layout section.  Using the first Screen section.
[   163.532] (==) No screen section available. Using defaults.
[   163.532] (**) |-->Screen "Default Screen Section" (0)
[   163.532] (**) |   |-->Monitor "<default monitor>"
[   163.533] (==) No monitor specified for screen "Default Screen Section".
	Using a default monitor configuration.
[   163.533] (==) Automatically adding devices
[   163.533] (==) Automatically enabling devices
[   163.533] (==) Automatically adding GPU devices
[   163.533] (==) Automatically binding GPU devices
[   163.533] (==) Max clients allowed: 256, resource mask: 0x1fffff
[   163.533] (WW) The directory "/usr/share/fonts/X11/cyrillic" does not exist.
[   163.533] 	Entry deleted from font path.
[   163.533] (WW) The directory "/usr/share/fonts/X11/100dpi/" does not exist.
[   163.533] 	Entry deleted from font path.
[   163.533] (WW) The directory "/usr/share/fonts/X11/75dpi/" does not exist.
[   163.533] 	Entry deleted from font path.
[   163.533] (WW) The directory "/usr/share/fonts/X11/100dpi" does not exist.
[   163.533] 	Entry deleted from font path.
[   163.533] (WW) The directory "/usr/share/fonts/X11/75dpi" does not exist.
[   163.533] 	Entry deleted from font path.
[   163.533] (==) FontPath set to:
	/usr/share/fonts/X11/misc,
	/usr/share/fonts/X11/Type1,
	built-ins
[   163.533] (==) ModulePath set to "/usr/lib/xorg/modules"
[   163.533] (II) The server relies on udev to provide the list of input devices.
	If no devices become available, reconfigure udev or disable AutoAddDevices.
[   163.533] (II) Loader magic: 0x55d3efb08020
[   163.533] (II) Module ABI versions:
[   163.533] 	X.Org ANSI C Emulation: 0.4
[   163.533] 	X.Org Video Driver: 24.1
[   163.533] 	X.Org XInput driver : 24.1
[   163.533] 	X.Org Server Extension : 10.0
[   163.533] (++) using VT number 2

[   163.534] (II) systemd-logind: took control of session /org/freedesktop/login1/session/_32
[   163.534] (II) xfree86: Adding drm device (/dev/dri/card0)
[   163.534] (II) systemd-logind: got fd for /dev/dri/card0 226:0 fd 12 paused 0
[   163.536] (--) PCI:*(0@0:2:0) 8086:9a49:17aa:5088 rev 1, Mem @ 0x601c000000/16777216, 0x4000000000/268435456, I/O @ 0x00004000/64, BIOS @ 0x????????/131072
[   163.536] (II) LoadModule: "glx"
[   163.536] (II) Loading /usr/lib/xorg/modules/extensions/libglx.so
[   163.538] (II) Module glx: vendor="X.Org Foundation"
[   163.538] 	compiled for 1.20.11, module version = 1.0.0
[   163.538] 	ABI class: X.Org Server Extension, version 10.0
[   163.538] (==) Matched modesetting as autoconfigured driver 0
[   163.538] (==) Matched fbdev as autoconfigured driver 1
[   163.538] (==) Matched vesa as autoconfigured driver 2
[   163.538] (==) Assigned the driver to the xf86ConfigLayout
[   163.538] (II) LoadModule: "modesetting"
[   163.538] (II) Loading /usr/lib/xorg/modules/drivers/modesetting_drv.so
[   163.539] (II) Module modesetting: vendor="X.Org Foundation"
[   163.539] 	compiled for 1.20.11, module version = 1.20.11
[   163.539] 	Module class: X.Org Video Driver
[   163.539] 	ABI class: X.Org Video Driver, version 24.1
[   163.539] (II) LoadModule: "fbdev"
[   163.539] (II) Loading /usr/lib/xorg/modules/drivers/fbdev_drv.so
[   163.539] (II) Module fbdev: vendor="X.Org Foundation"
[   163.539] 	compiled for 1.20.1, module version = 0.5.0
[   163.539] 	Module class: X.Org Video Driver
[   163.539] 	ABI class: X.Org Video Driver, version 24.0
[   163.539] (II) LoadModule: "vesa"
[   163.539] (II) Loading /usr/lib/xorg/modules/drivers/vesa_drv.so
[   163.539] (II) Module vesa: vendor="X.Org Foundation"
[   163.539] 	compiled for 1.20.4, module version = 2.4.0
[   163.539] 	Module class: X.Org Video Driver
[   163.539] 	ABI class: X.Org Video Driver, version 24.0
[   163.539] (II) modesetting: Driver for Modesetting Kernel Drivers: kms
[   163.539] (II) FBDEV: driver for framebuffer: fbdev
[   163.539] (II) VESA: driver for VESA chipsets: vesa
[   163.539] xf86EnableIOPorts: failed to set IOPL for I/O (Operation not permitted)
[   163.539] (II) modeset(0): using drv /dev/dri/card0
[   163.539] (WW) Falling back to old probe method for fbdev
[   163.539] (II) Loading sub module "fbdevhw"
[   163.539] (II) LoadModule: "fbdevhw"
[   163.540] (II) Loading /usr/lib/xorg/modules/libfbdevhw.so
[   163.540] (II) Module fbdevhw: vendor="X.Org Foundation"
[   163.540] 	compiled for 1.20.11, module version = 0.0.2
[   163.540] 	ABI class: X.Org Video Driver, version 24.1
[   163.540] (EE) open /dev/fb0: Permission denied
[   163.540] (WW) VGA arbiter: cannot open kernel arbiter, no multi-card support
[   163.540] (II) modeset(0): Creating default Display subsection in Screen section
	"Default Screen Section" for depth/fbbpp 24/32
[   163.540] (==) modeset(0): Depth 24, (==) framebuffer bpp 32
[   163.540] (==) modeset(0): RGB weight 888
[   163.540] (==) modeset(0): Default visual is TrueColor
[   163.540] (II) Loading sub module "glamoregl"
[   163.540] (II) LoadModule: "glamoregl"
[   163.540] (II) Loading /usr/lib/xorg/modules/libglamoregl.so
[   163.543] (II) Module glamoregl: vendor="X.Org Foundation"
[   163.543] 	compiled for 1.20.11, module version = 1.0.1
[   163.543] 	ABI class: X.Org ANSI C Emulation, version 0.4
[   163.566] (II) modeset(0): glamor X acceleration enabled on Mesa Intel(R) Xe Graphics (TGL GT2)
[   163.566] (II) modeset(0): glamor initialized
[   163.567] (II) modeset(0): Output eDP-1 has no monitor section
[   163.567] (II) modeset(0): Output HDMI-1 has no monitor section
[   163.576] (II) modeset(0): Output DP-1 has no monitor section
[   163.576] (II) modeset(0): Output DP-2 has no monitor section
[   163.576] (II) modeset(0): Output DP-3 has no monitor section
[   163.576] (II) modeset(0): Output DP-4 has no monitor section
[   163.577] (II) modeset(0): EDID for output eDP-1
[   163.577] (II) modeset(0): Manufacturer: AUO  Model: 403d  Serial#: 0
[   163.577] (II) modeset(0): Year: 2018  Week: 33
[   163.577] (II) modeset(0): EDID Version: 1.4
[   163.577] (II) modeset(0): Digital Display Input
[   163.577] (II) modeset(0): 8 bits per channel
[   163.577] (II) modeset(0): Digital interface is DisplayPort
[   163.577] (II) modeset(0): Max Image Size [cm]: horiz.: 31  vert.: 17
[   163.577] (II) modeset(0): Gamma: 2.20
[   163.577] (II) modeset(0): No DPMS capabilities specified
[   163.577] (II) modeset(0): Supported color encodings: RGB 4:4:4 
[   163.577] (II) modeset(0): First detailed timing is preferred mode
[   163.577] (II) modeset(0): Preferred mode is native pixel format and refresh rate
[   163.577] (II) modeset(0): Display is continuous-frequency
[   163.577] (II) modeset(0): redX: 0.572 redY: 0.337   greenX: 0.350 greenY: 0.565
[   163.577] (II) modeset(0): blueX: 0.162 blueY: 0.125   whiteX: 0.313 whiteY: 0.329
[   163.577] (II) modeset(0): Manufacturer's mask: 0
[   163.577] (II) modeset(0): Supported detailed timing:
[   163.577] (II) modeset(0): clock: 141.0 MHz   Image Size:  309 x 174 mm
[   163.577] (II) modeset(0): h_active: 1920  h_sync: 1936  h_sync_end 1952 h_blank_end 2104 h_border: 0
[   163.577] (II) modeset(0): v_active: 1080  v_sync: 1083  v_sync_end 1097 v_blanking: 1116 v_border: 0
[   163.577] (II) modeset(0): Unknown vendor-specific block 0
[   163.577] (II) modeset(0):  AUO
[   163.577] (II) modeset(0):  B140HAN04.0
[   163.577] (II) modeset(0): EDID (in hex):
[   163.577] (II) modeset(0): 	00ffffffffffff0006af3d4000000000
[   163.577] (II) modeset(0): 	211c0104a51f1178039b859256599029
[   163.577] (II) modeset(0): 	20505400000001010101010101010101
[   163.577] (II) modeset(0): 	010101010101143780b8703824401010
[   163.577] (II) modeset(0): 	3e0035ae100000180000000000000000
[   163.577] (II) modeset(0): 	00000000000000000020000000fe0041
[   163.577] (II) modeset(0): 	554f0a202020202020202020000000fe
[   163.577] (II) modeset(0): 	004231343048414e30342e30200a0097
[   163.578] (II) modeset(0): Printing probed modes for output eDP-1
[   163.578] (II) modeset(0): Modeline "1920x1080"x60.0  141.00  1920 1936 1952 2104  1080 1083 1097 1116 -hsync -vsync (67.0 kHz eP)
[   163.578] (II) modeset(0): Modeline "1920x1080"x120.0  356.38  1920 2080 2288 2656  1080 1081 1084 1118 doublescan -hsync +vsync (134.2 kHz d)
[   163.578] (II) modeset(0): Modeline "1920x1080"x119.9  266.50  1920 1944 1960 2000  1080 1081 1084 1111 doublescan +hsync -vsync (133.2 kHz d)
[   163.578] (II) modeset(0): Modeline "1920x1080"x60.0  173.00  1920 2048 2248 2576  1080 1083 1088 1120 -hsync +vsync (67.2 kHz d)
[   163.578] (II) modeset(0): Modeline "1920x1080"x59.9  138.50  1920 1968 2000 2080  1080 1083 1088 1111 +hsync -vsync (66.6 kHz d)
[   163.578] (II) modeset(0): Modeline "1680x1050"x60.0  146.25  1680 1784 1960 2240  1050 1053 1059 1089 -hsync +vsync (65.3 kHz d)
[   163.578] (II) modeset(0): Modeline "1680x1050"x59.9  119.00  1680 1728 1760 1840  1050 1053 1059 1080 +hsync -vsync (64.7 kHz d)
[   163.578] (II) modeset(0): Modeline "1600x1024"x60.2  103.12  1600 1600 1656 1664  1024 1024 1029 1030 +hsync +vsync (62.0 kHz d)
[   163.578] (II) modeset(0): Modeline "1400x1050"x60.0  122.00  1400 1488 1640 1880  1050 1052 1064 1082 +hsync +vsync (64.9 kHz d)
[   163.578] (II) modeset(0): Modeline "1600x900"x120.0  246.00  1600 1728 1900 2200  900 901 904 932 doublescan -hsync +vsync (111.8 kHz d)
[   163.578] (II) modeset(0): Modeline "1600x900"x119.9  186.50  1600 1624 1640 1680  900 901 904 926 doublescan +hsync -vsync (111.0 kHz d)
[   163.578] (II) modeset(0): Modeline "1600x900"x59.9  118.25  1600 1696 1856 2112  900 903 908 934 -hsync +vsync (56.0 kHz d)
[   163.578] (II) modeset(0): Modeline "1600x900"x59.8   97.50  1600 1648 1680 1760  900 903 908 926 +hsync -vsync (55.4 kHz d)
[   163.578] (II) modeset(0): Modeline "1280x1024"x60.0  108.00  1280 1328 1440 1688  1024 1025 1028 1066 +hsync +vsync (64.0 kHz d)
[   163.578] (II) modeset(0): Modeline "1440x900"x59.9  106.50  1440 1520 1672 1904  900 903 909 934 -hsync +vsync (55.9 kHz d)
[   163.578] (II) modeset(0): Modeline "1400x900"x60.0  103.50  1400 1480 1624 1848  900 903 913 934 -hsync +vsync (56.0 kHz d)
[   163.578] (II) modeset(0): Modeline "1400x900"x59.9   86.50  1400 1448 1480 1560  900 903 913 926 +hsync -vsync (55.4 kHz d)
[   163.578] (II) modeset(0): Modeline "1280x960"x60.0  108.00  1280 1376 1488 1800  960 961 964 1000 +hsync +vsync (60.0 kHz d)
[   163.578] (II) modeset(0): Modeline "1440x810"x120.0  198.12  1440 1548 1704 1968  810 811 814 839 doublescan -hsync +vsync (100.7 kHz d)
[   163.578] (II) modeset(0): Modeline "1440x810"x119.9  151.88  1440 1464 1480 1520  810 811 814 833 doublescan +hsync -vsync (99.9 kHz d)
[   163.578] (II) modeset(0): Modeline "1368x768"x59.9   85.25  1368 1440 1576 1784  768 771 781 798 -hsync +vsync (47.8 kHz d)
[   163.578] (II) modeset(0): Modeline "1368x768"x59.9   72.25  1368 1416 1448 1528  768 771 781 790 +hsync -vsync (47.3 kHz d)
[   163.578] (II) modeset(0): Modeline "1360x768"x59.8   84.75  1360 1432 1568 1776  768 771 781 798 -hsync +vsync (47.7 kHz d)
[   163.578] (II) modeset(0): Modeline "1360x768"x60.0   72.00  1360 1408 1440 1520  768 771 781 790 +hsync -vsync (47.4 kHz d)
[   163.578] (II) modeset(0): Modeline "1280x800"x120.0  174.25  1280 1380 1516 1752  800 801 804 829 doublescan -hsync +vsync (99.5 kHz d)
[   163.578] (II) modeset(0): Modeline "1280x800"x119.9  134.25  1280 1304 1320 1360  800 801 804 823 doublescan +hsync -vsync (98.7 kHz d)
[   163.578] (II) modeset(0): Modeline "1280x800"x59.8   83.50  1280 1352 1480 1680  800 803 809 831 -hsync +vsync (49.7 kHz d)
[   163.578] (II) modeset(0): Modeline "1280x800"x59.9   71.00  1280 1328 1360 1440  800 803 809 823 +hsync -vsync (49.3 kHz d)
[   163.578] (II) modeset(0): Modeline "1152x864"x60.0   81.62  1152 1216 1336 1520  864 865 868 895 -hsync +vsync (53.7 kHz d)
[   163.578] (II) modeset(0): Modeline "1280x720"x120.0  156.12  1280 1376 1512 1744  720 721 724 746 doublescan -hsync +vsync (89.5 kHz d)
[   163.578] (II) modeset(0): Modeline "1280x720"x120.0  120.75  1280 1304 1320 1360  720 721 724 740 doublescan +hsync -vsync (88.8 kHz d)
[   163.578] (II) modeset(0): Modeline "1280x720"x59.9   74.50  1280 1344 1472 1664  720 723 728 748 -hsync +vsync (44.8 kHz d)
[   163.578] (II) modeset(0): Modeline "1280x720"x59.7   63.75  1280 1328 1360 1440  720 723 728 741 +hsync -vsync (44.3 kHz d)
[   163.578] (II) modeset(0): Modeline "1024x768"x120.1  133.47  1024 1100 1212 1400  768 768 770 794 doublescan -hsync +vsync (95.3 kHz d)
[   163.578] (II) modeset(0): Modeline "1024x768"x60.0   65.00  1024 1048 1184 1344  768 771 777 806 -hsync -vsync (48.4 kHz d)
[   163.578] (II) modeset(0): Modeline "960x720"x120.0  117.00  960 1024 1128 1300  720 720 722 750 doublescan -hsync +vsync (90.0 kHz d)
[   163.578] (II) modeset(0): Modeline "928x696"x120.1  109.15  928 976 1088 1264  696 696 698 719 doublescan -hsync +vsync (86.4 kHz d)
[   163.578] (II) modeset(0): Modeline "896x672"x120.0  102.40  896 960 1060 1224  672 672 674 697 doublescan -hsync +vsync (83.7 kHz d)
[   163.578] (II) modeset(0): Modeline "1024x576"x119.9   98.50  1024 1092 1200 1376  576 577 580 597 doublescan -hsync +vsync (71.6 kHz d)
[   163.578] (II) modeset(0): Modeline "1024x576"x119.9   78.38  1024 1048 1064 1104  576 577 580 592 doublescan +hsync -vsync (71.0 kHz d)
[   163.578] (II) modeset(0): Modeline "1024x576"x59.9   46.50  1024 1064 1160 1296  576 579 584 599 -hsync +vsync (35.9 kHz d)
[   163.578] (II) modeset(0): Modeline "1024x576"x59.8   42.00  1024 1072 1104 1184  576 579 584 593 +hsync -vsync (35.5 kHz d)
[   163.578] (II) modeset(0): Modeline "960x600"x119.9   96.62  960 1028 1128 1296  600 601 604 622 doublescan -hsync +vsync (74.6 kHz d)
[   163.578] (II) modeset(0): Modeline "960x600"x120.0   77.00  960 984 1000 1040  600 601 604 617 doublescan +hsync -vsync (74.0 kHz d)
[   163.578] (II) modeset(0): Modeline "960x540"x119.9   86.50  960 1024 1124 1288  540 541 544 560 doublescan -hsync +vsync (67.2 kHz d)
[   163.578] (II) modeset(0): Modeline "960x540"x120.0   69.25  960 984 1000 1040  540 541 544 555 doublescan +hsync -vsync (66.6 kHz d)
[   163.578] (II) modeset(0): Modeline "960x540"x59.6   40.75  960 992 1088 1216  540 543 548 562 -hsync +vsync (33.5 kHz d)
[   163.578] (II) modeset(0): Modeline "960x540"x59.8   37.25  960 1008 1040 1120  540 543 548 556 +hsync -vsync (33.3 kHz d)
[   163.578] (II) modeset(0): Modeline "800x600"x120.0   81.00  800 832 928 1080  600 600 602 625 doublescan +hsync +vsync (75.0 kHz d)
[   163.578] (II) modeset(0): Modeline "800x600"x60.3   40.00  800 840 968 1056  600 601 605 628 +hsync +vsync (37.9 kHz d)
[   163.578] (II) modeset(0): Modeline "800x600"x56.2   36.00  800 824 896 1024  600 601 603 625 +hsync +vsync (35.2 kHz d)
[   163.578] (II) modeset(0): Modeline "840x525"x120.0   73.12  840 892 980 1120  525 526 529 544 doublescan -hsync +vsync (65.3 kHz d)
[   163.578] (II) modeset(0): Modeline "840x525"x119.8   59.50  840 864 880 920  525 526 529 540 doublescan +hsync -vsync (64.7 kHz d)
[   163.578] (II) modeset(0): Modeline "864x486"x59.9   32.50  864 888 968 1072  486 489 494 506 -hsync +vsync (30.3 kHz d)
[   163.578] (II) modeset(0): Modeline "864x486"x59.6   30.50  864 912 944 1024  486 489 494 500 +hsync -vsync (29.8 kHz d)
[   163.578] (II) modeset(0): Modeline "800x512"x120.3   51.56  800 800 828 832  512 512 514 515 doublescan +hsync +vsync (62.0 kHz d)
[   163.578] (II) modeset(0): Modeline "700x525"x120.0   61.00  700 744 820 940  525 526 532 541 doublescan +hsync +vsync (64.9 kHz d)
[   163.578] (II) modeset(0): Modeline "800x450"x119.9   59.12  800 848 928 1056  450 451 454 467 doublescan -hsync +vsync (56.0 kHz d)
[   163.578] (II) modeset(0): Modeline "800x450"x119.6   48.75  800 824 840 880  450 451 454 463 doublescan +hsync -vsync (55.4 kHz d)
[   163.578] (II) modeset(0): Modeline "640x512"x120.0   54.00  640 664 720 844  512 512 514 533 doublescan +hsync +vsync (64.0 kHz d)
[   163.578] (II) modeset(0): Modeline "720x450"x119.8   53.25  720 760 836 952  450 451 454 467 doublescan -hsync +vsync (55.9 kHz d)
[   163.578] (II) modeset(0): Modeline "700x450"x119.9   51.75  700 740 812 924  450 451 456 467 doublescan -hsync +vsync (56.0 kHz d)
[   163.578] (II) modeset(0): Modeline "700x450"x119.8   43.25  700 724 740 780  450 451 456 463 doublescan +hsync -vsync (55.4 kHz d)
[   163.578] (II) modeset(0): Modeline "640x480"x120.0   54.00  640 688 744 900  480 480 482 500 doublescan +hsync +vsync (60.0 kHz d)
[   163.578] (II) modeset(0): Modeline "640x480"x59.9   25.18  640 656 752 800  480 490 492 525 -hsync -vsync (31.5 kHz d)
[   163.578] (II) modeset(0): Modeline "720x405"x59.5   22.50  720 744 808 896  405 408 413 422 -hsync +vsync (25.1 kHz d)
[   163.578] (II) modeset(0): Modeline "720x405"x59.0   21.75  720 768 800 880  405 408 413 419 +hsync -vsync (24.7 kHz d)
[   163.578] (II) modeset(0): Modeline "684x384"x119.8   42.62  684 720 788 892  384 385 390 399 doublescan -hsync +vsync (47.8 kHz d)
[   163.578] (II) modeset(0): Modeline "684x384"x119.7   36.12  684 708 724 764  384 385 390 395 doublescan +hsync -vsync (47.3 kHz d)
[   163.578] (II) modeset(0): Modeline "680x384"x119.6   42.38  680 716 784 888  384 385 390 399 doublescan -hsync +vsync (47.7 kHz d)
[   163.578] (II) modeset(0): Modeline "680x384"x119.9   36.00  680 704 720 760  384 385 390 395 doublescan +hsync -vsync (47.4 kHz d)
[   163.578] (II) modeset(0): Modeline "640x400"x119.8   41.75  640 676 740 840  400 401 404 415 doublescan -hsync +vsync (49.7 kHz d)
[   163.578] (II) modeset(0): Modeline "640x400"x120.0   35.50  640 664 680 720  400 401 404 411 doublescan +hsync -vsync (49.3 kHz d)
[   163.578] (II) modeset(0): Modeline "576x432"x120.1   40.81  576 608 668 760  432 432 434 447 doublescan -hsync +vsync (53.7 kHz d)
[   163.578] (II) modeset(0): Modeline "640x360"x119.7   37.25  640 672 736 832  360 361 364 374 doublescan -hsync +vsync (44.8 kHz d)
[   163.578] (II) modeset(0): Modeline "640x360"x119.7   31.88  640 664 680 720  360 361 364 370 doublescan +hsync -vsync (44.3 kHz d)
[   163.578] (II) modeset(0): Modeline "640x360"x59.8   18.00  640 664 720 800  360 363 368 376 -hsync +vsync (22.5 kHz d)
[   163.578] (II) modeset(0): Modeline "640x360"x59.3   17.75  640 688 720 800  360 363 368 374 +hsync -vsync (22.2 kHz d)
[   163.578] (II) modeset(0): Modeline "512x384"x120.0   32.50  512 524 592 672  384 385 388 403 doublescan -hsync -vsync (48.4 kHz d)
[   163.578] (II) modeset(0): Modeline "512x288"x120.0   23.25  512 532 580 648  288 289 292 299 doublescan -hsync +vsync (35.9 kHz d)
[   163.578] (II) modeset(0): Modeline "512x288"x119.8   21.00  512 536 552 592  288 289 292 296 doublescan +hsync -vsync (35.5 kHz d)
[   163.578] (II) modeset(0): Modeline "480x270"x119.3   20.38  480 496 544 608  270 271 274 281 doublescan -hsync +vsync (33.5 kHz d)
[   163.578] (II) modeset(0): Modeline "480x270"x119.6   18.62  480 504 520 560  270 271 274 278 doublescan +hsync -vsync (33.3 kHz d)
[   163.578] (II) modeset(0): Modeline "400x300"x120.6   20.00  400 420 484 528  300 300 302 314 doublescan +hsync +vsync (37.9 kHz d)
[   163.578] (II) modeset(0): Modeline "400x300"x112.7   18.00  400 412 448 512  300 300 301 312 doublescan +hsync +vsync (35.2 kHz d)
[   163.578] (II) modeset(0): Modeline "432x243"x119.8   16.25  432 444 484 536  243 244 247 253 doublescan -hsync +vsync (30.3 kHz d)
[   163.578] (II) modeset(0): Modeline "432x243"x119.1   15.25  432 456 472 512  243 244 247 250 doublescan +hsync -vsync (29.8 kHz d)
[   163.578] (II) modeset(0): Modeline "320x240"x120.1   12.59  320 328 376 400  240 245 246 262 doublescan -hsync -vsync (31.5 kHz d)
[   163.578] (II) modeset(0): Modeline "360x202"x119.0   11.25  360 372 404 448  202 204 206 211 doublescan -hsync +vsync (25.1 kHz d)
[   163.578] (II) modeset(0): Modeline "360x202"x118.3   10.88  360 384 400 440  202 204 206 209 doublescan +hsync -vsync (24.7 kHz d)
[   163.578] (II) modeset(0): Modeline "320x180"x119.7    9.00  320 332 360 400  180 181 184 188 doublescan -hsync +vsync (22.5 kHz d)
[   163.578] (II) modeset(0): Modeline "320x180"x118.6    8.88  320 344 360 400  180 181 184 187 doublescan +hsync -vsync (22.2 kHz d)
[   163.578] (II) modeset(0): EDID for output HDMI-1
[   163.588] (II) modeset(0): EDID for output DP-1
[   163.616] (II) modeset(0): EDID for output DP-2
[   163.616] (II) modeset(0): EDID for output DP-3
[   163.616] (II) modeset(0): EDID for output DP-4
[   163.616] (II) modeset(0): Output eDP-1 connected
[   163.616] (II) modeset(0): Output HDMI-1 disconnected
[   163.616] (II) modeset(0): Output DP-1 disconnected
[   163.616] (II) modeset(0): Output DP-2 disconnected
[   163.616] (II) modeset(0): Output DP-3 disconnected
[   163.616] (II) modeset(0): Output DP-4 disconnected
[   163.616] (II) modeset(0): Using exact sizes for initial modes
[   163.616] (II) modeset(0): Output eDP-1 using initial mode 1920x1080 +0+0
[   163.616] (==) modeset(0): Using gamma correction (1.0, 1.0, 1.0)
[   163.616] (==) modeset(0): DPI set to (96, 96)
[   163.616] (II) Loading sub module "fb"
[   163.616] (II) LoadModule: "fb"
[   163.616] (II) Loading /usr/lib/xorg/modules/libfb.so
[   163.617] (II) Module fb: vendor="X.Org Foundation"
[   163.617] 	compiled for 1.20.11, module version = 1.0.0
[   163.617] 	ABI class: X.Org ANSI C Emulation, version 0.4
[   163.617] (II) UnloadModule: "fbdev"
[   163.617] (II) Unloading fbdev
[   163.617] (II) UnloadSubModule: "fbdevhw"
[   163.617] (II) Unloading fbdevhw
[   163.617] (II) UnloadModule: "vesa"
[   163.617] (II) Unloading vesa
[   163.625] (==) modeset(0): Backing store enabled
[   163.625] (==) modeset(0): Silken mouse enabled
[   163.699] (II) modeset(0): Initializing kms color map for depth 24, 8 bpc.
[   163.699] (==) modeset(0): DPMS enabled
[   163.700] (II) modeset(0): [DRI2] Setup complete
[   163.700] (II) modeset(0): [DRI2]   DRI driver: iris
[   163.700] (II) modeset(0): [DRI2]   VDPAU driver: va_gl
[   163.700] (II) Initializing extension Generic Event Extension
[   163.700] (II) Initializing extension SHAPE
[   163.700] (II) Initializing extension MIT-SHM
[   163.701] (II) Initializing extension XInputExtension
[   163.701] (II) Initializing extension XTEST
[   163.701] (II) Initializing extension BIG-REQUESTS
[   163.701] (II) Initializing extension SYNC
[   163.702] (II) Initializing extension XKEYBOARD
[   163.702] (II) Initializing extension XC-MISC
[   163.702] (II) Initializing extension SECURITY
[   163.702] (II) Initializing extension XFIXES
[   163.702] (II) Initializing extension RENDER
[   163.702] (II) Initializing extension RANDR
[   163.703] (II) Initializing extension COMPOSITE
[   163.703] (II) Initializing extension DAMAGE
[   163.703] (II) Initializing extension MIT-SCREEN-SAVER
[   163.703] (II) Initializing extension DOUBLE-BUFFER
[   163.703] (II) Initializing extension RECORD
[   163.704] (II) Initializing extension DPMS
[   163.704] (II) Initializing extension Present
[   163.704] (II) Initializing extension DRI3
[   163.704] (II) Initializing extension X-Resource
[   163.704] (II) Initializing extension XVideo
[   163.704] (II) Initializing extension XVideo-MotionCompensation
[   163.704] (II) Initializing extension SELinux
[   163.704] (II) SELinux: Disabled on system
[   163.704] (II) Initializing extension GLX
[   163.709] (II) AIGLX: Loaded and initialized iris
[   163.709] (II) GLX: Initialized DRI2 GL provider for screen 0
[   163.709] (II) Initializing extension XFree86-VidModeExtension
[   163.709] (II) Initializing extension XFree86-DGA
[   163.709] (II) Initializing extension XFree86-DRI
[   163.709] (II) Initializing extension DRI2
[   163.710] (II) modeset(0): Damage tracking initialized
[   163.710] (II) modeset(0): Setting screen physical size to 508 x 285
[   163.727] (II) config/udev: Adding input device Video Bus (/dev/input/event7)
[   163.728] (**) Video Bus: Applying InputClass "libinput keyboard catchall"
[   163.728] (II) LoadModule: "libinput"
[   163.728] (II) Loading /usr/lib/xorg/modules/input/libinput_drv.so
[   163.729] (II) Module libinput: vendor="X.Org Foundation"
[   163.729] 	compiled for 1.20.4, module version = 0.29.0
[   163.729] 	Module class: X.Org XInput Driver
[   163.729] 	ABI class: X.Org XInput driver, version 24.1
[   163.729] (II) Using input driver 'libinput' for 'Video Bus'
[   163.730] (II) systemd-logind: got fd for /dev/input/event7 13:71 fd 26 paused 0
[   163.730] (**) Video Bus: always reports core events
[   163.730] (**) Option "Device" "/dev/input/event7"
[   163.730] (**) Option "_source" "server/udev"
[   163.731] (II) event7  - Video Bus: is tagged by udev as: Keyboard
[   163.731] (II) event7  - Video Bus: device is a keyboard
[   163.731] (II) event7  - Video Bus: device removed
[   163.731] (**) Option "config_info" "udev:/sys/devices/LNXSYSTM:00/LNXSYBUS:00/PNP0A08:00/LNXVIDEO:00/input/input9/event7"
[   163.731] (II) XINPUT: Adding extended input device "Video Bus" (type: KEYBOARD, id 6)
[   163.731] (**) Option "xkb_model" "pc105"
[   163.731] (**) Option "xkb_layout" "us"
[   163.731] (II) event7  - Video Bus: is tagged by udev as: Keyboard
[   163.732] (II) event7  - Video Bus: device is a keyboard
[   163.732] (II) config/udev: Adding input device Power Button (/dev/input/event0)
[   163.732] (**) Power Button: Applying InputClass "libinput keyboard catchall"
[   163.732] (II) Using input driver 'libinput' for 'Power Button'
[   163.732] (II) systemd-logind: got fd for /dev/input/event0 13:64 fd 29 paused 0
[   163.732] (**) Power Button: always reports core events
[   163.732] (**) Option "Device" "/dev/input/event0"
[   163.732] (**) Option "_source" "server/udev"
[   163.733] (II) event0  - Power Button: is tagged by udev as: Keyboard
[   163.733] (II) event0  - Power Button: device is a keyboard
[   163.733] (II) event0  - Power Button: device removed
[   163.733] (**) Option "config_info" "udev:/sys/devices/LNXSYSTM:00/LNXSYBUS:00/PNP0C0C:00/input/input0/event0"
[   163.733] (II) XINPUT: Adding extended input device "Power Button" (type: KEYBOARD, id 7)
[   163.733] (**) Option "xkb_model" "pc105"
[   163.733] (**) Option "xkb_layout" "us"
[   163.733] (II) event0  - Power Button: is tagged by udev as: Keyboard
[   163.733] (II) event0  - Power Button: device is a keyboard
[   163.733] (II) config/udev: Adding input device Lid Switch (/dev/input/event2)
[   163.733] (II) No input driver specified, ignoring this device.
[   163.733] (II) This device may have been added with another device file.
[   163.734] (II) config/udev: Adding input device Sleep Button (/dev/input/event1)
[   163.734] (**) Sleep Button: Applying InputClass "libinput keyboard catchall"
[   163.734] (II) Using input driver 'libinput' for 'Sleep Button'
[   163.734] (II) systemd-logind: got fd for /dev/input/event1 13:65 fd 30 paused 0
[   163.734] (**) Sleep Button: always reports core events
[   163.734] (**) Option "Device" "/dev/input/event1"
[   163.734] (**) Option "_source" "server/udev"
[   163.734] (II) event1  - Sleep Button: is tagged by udev as: Keyboard
[   163.734] (II) event1  - Sleep Button: device is a keyboard
[   163.734] (II) event1  - Sleep Button: device removed
[   163.734] (**) Option "config_info" "udev:/sys/devices/LNXSYSTM:00/LNXSYBUS:00/PNP0C0E:00/input/input1/event1"
[   163.734] (II) XINPUT: Adding extended input device "Sleep Button" (type: KEYBOARD, id 8)
[   163.734] (**) Option "xkb_model" "pc105"
[   163.734] (**) Option "xkb_layout" "us"
[   163.735] (II) event1  - Sleep Button: is tagged by udev as: Keyboard
[   163.735] (II) event1  - Sleep Button: device is a keyboard
[   163.736] (II) config/udev: Adding input device Integrated Camera: Integrated C (/dev/input/event8)
[   163.736] (**) Integrated Camera: Integrated C: Applying InputClass "libinput keyboard catchall"
[   163.736] (II) Using input driver 'libinput' for 'Integrated Camera: Integrated C'
[   163.736] (II) systemd-logind: got fd for /dev/input/event8 13:72 fd 31 paused 0
[   163.736] (**) Integrated Camera: Integrated C: always reports core events
[   163.736] (**) Option "Device" "/dev/input/event8"
[   163.736] (**) Option "_source" "server/udev"
[   163.737] (II) event8  - Integrated Camera: Integrated C: is tagged by udev as: Keyboard
[   163.737] (II) event8  - Integrated Camera: Integrated C: device is a keyboard
[   163.737] (II) event8  - Integrated Camera: Integrated C: device removed
[   163.737] (**) Option "config_info" "udev:/sys/devices/pci0000:00/0000:00:14.0/usb3/3-8/3-8:1.0/input/input10/event8"
[   163.737] (II) XINPUT: Adding extended input device "Integrated Camera: Integrated C" (type: KEYBOARD, id 9)
[   163.737] (**) Option "xkb_model" "pc105"
[   163.737] (**) Option "xkb_layout" "us"
[   163.737] (II) event8  - Integrated Camera: Integrated C: is tagged by udev as: Keyboard
[   163.737] (II) event8  - Integrated Camera: Integrated C: device is a keyboard
[   163.738] (II) config/udev: Adding input device sof-hda-dsp Mic (/dev/input/event9)
[   163.738] (II) No input driver specified, ignoring this device.
[   163.738] (II) This device may have been added with another device file.
[   163.738] (II) config/udev: Adding input device sof-hda-dsp Headphone (/dev/input/event10)
[   163.738] (II) No input driver specified, ignoring this device.
[   163.738] (II) This device may have been added with another device file.
[   163.738] (II) config/udev: Adding input device sof-hda-dsp HDMI/DP,pcm=3 (/dev/input/event11)
[   163.738] (II) No input driver specified, ignoring this device.
[   163.738] (II) This device may have been added with another device file.
[   163.738] (II) config/udev: Adding input device sof-hda-dsp HDMI/DP,pcm=4 (/dev/input/event12)
[   163.738] (II) No input driver specified, ignoring this device.
[   163.738] (II) This device may have been added with another device file.
[   163.738] (II) config/udev: Adding input device sof-hda-dsp HDMI/DP,pcm=5 (/dev/input/event13)
[   163.738] (II) No input driver specified, ignoring this device.
[   163.738] (II) This device may have been added with another device file.
[   163.739] (II) config/udev: Adding input device Elan Touchpad (/dev/input/event4)
[   163.739] (**) Elan Touchpad: Applying InputClass "libinput touchpad catchall"
[   163.739] (II) Using input driver 'libinput' for 'Elan Touchpad'
[   163.739] (II) systemd-logind: got fd for /dev/input/event4 13:68 fd 32 paused 0
[   163.739] (**) Elan Touchpad: always reports core events
[   163.739] (**) Option "Device" "/dev/input/event4"
[   163.739] (**) Option "_source" "server/udev"
[   163.739] (II) event4  - Elan Touchpad: is tagged by udev as: Touchpad
[   163.740] (II) event4  - Elan Touchpad: device is a touchpad
[   163.740] (II) event4  - Elan Touchpad: device removed
[   163.740] (**) Option "config_info" "udev:/sys/devices/pci0000:00/0000:00:1f.4/i2c-0/0-0015/input/input6/event4"
[   163.740] (II) XINPUT: Adding extended input device "Elan Touchpad" (type: TOUCHPAD, id 10)
[   163.741] (**) Option "AccelerationScheme" "none"
[   163.741] (**) Elan Touchpad: (accel) selected scheme none/0
[   163.741] (**) Elan Touchpad: (accel) acceleration factor: 2.000
[   163.741] (**) Elan Touchpad: (accel) acceleration threshold: 4
[   163.741] (II) event4  - Elan Touchpad: is tagged by udev as: Touchpad
[   163.742] (II) event4  - Elan Touchpad: device is a touchpad
[   163.742] (II) config/udev: Adding input device Elan Touchpad (/dev/input/mouse0)
[   163.742] (II) No input driver specified, ignoring this device.
[   163.742] (II) This device may have been added with another device file.
[   163.743] (II) config/udev: Adding input device Elan TrackPoint (/dev/input/event5)
[   163.743] (**) Elan TrackPoint: Applying InputClass "libinput pointer catchall"
[   163.743] (II) Using input driver 'libinput' for 'Elan TrackPoint'
[   163.743] (II) systemd-logind: got fd for /dev/input/event5 13:69 fd 33 paused 0
[   163.743] (**) Elan TrackPoint: always reports core events
[   163.743] (**) Option "Device" "/dev/input/event5"
[   163.743] (**) Option "_source" "server/udev"
[   163.744] (II) event5  - Elan TrackPoint: is tagged by udev as: Mouse Pointingstick
[   163.744] (II) event5  - Elan TrackPoint: device is a pointer
[   163.744] (II) event5  - Elan TrackPoint: device removed
[   163.744] (**) Option "config_info" "udev:/sys/devices/pci0000:00/0000:00:1f.4/i2c-0/0-0015/input/input7/event5"
[   163.744] (II) XINPUT: Adding extended input device "Elan TrackPoint" (type: MOUSE, id 11)
[   163.744] (**) Option "AccelerationScheme" "none"
[   163.744] (**) Elan TrackPoint: (accel) selected scheme none/0
[   163.744] (**) Elan TrackPoint: (accel) acceleration factor: 2.000
[   163.744] (**) Elan TrackPoint: (accel) acceleration threshold: 4
[   163.745] (II) event5  - Elan TrackPoint: is tagged by udev as: Mouse Pointingstick
[   163.745] (II) event5  - Elan TrackPoint: device is a pointer
[   163.745] (II) config/udev: Adding input device Elan TrackPoint (/dev/input/mouse1)
[   163.745] (II) No input driver specified, ignoring this device.
[   163.745] (II) This device may have been added with another device file.
[   163.746] (II) config/udev: Adding input device AT Translated Set 2 keyboard (/dev/input/event3)
[   163.746] (**) AT Translated Set 2 keyboard: Applying InputClass "libinput keyboard catchall"
[   163.746] (II) Using input driver 'libinput' for 'AT Translated Set 2 keyboard'
[   163.746] (II) systemd-logind: got fd for /dev/input/event3 13:67 fd 34 paused 0
[   163.746] (**) AT Translated Set 2 keyboard: always reports core events
[   163.746] (**) Option "Device" "/dev/input/event3"
[   163.746] (**) Option "_source" "server/udev"
[   163.746] (II) event3  - AT Translated Set 2 keyboard: is tagged by udev as: Keyboard
[   163.747] (II) event3  - AT Translated Set 2 keyboard: device is a keyboard
[   163.747] (II) event3  - AT Translated Set 2 keyboard: device removed
[   163.747] (**) Option "config_info" "udev:/sys/devices/platform/i8042/serio0/input/input3/event3"
[   163.747] (II) XINPUT: Adding extended input device "AT Translated Set 2 keyboard" (type: KEYBOARD, id 12)
[   163.747] (**) Option "xkb_model" "pc105"
[   163.747] (**) Option "xkb_layout" "us"
[   163.747] (II) event3  - AT Translated Set 2 keyboard: is tagged by udev as: Keyboard
[   163.748] (II) event3  - AT Translated Set 2 keyboard: device is a keyboard
[   163.749] (II) config/udev: Adding input device ThinkPad Extra Buttons (/dev/input/event6)
[   163.749] (**) ThinkPad Extra Buttons: Applying InputClass "libinput keyboard catchall"
[   163.749] (II) Using input driver 'libinput' for 'ThinkPad Extra Buttons'
[   163.749] (II) systemd-logind: got fd for /dev/input/event6 13:70 fd 35 paused 0
[   163.749] (**) ThinkPad Extra Buttons: always reports core events
[   163.749] (**) Option "Device" "/dev/input/event6"
[   163.749] (**) Option "_source" "server/udev"
[   163.750] (II) event6  - ThinkPad Extra Buttons: is tagged by udev as: Keyboard Switch
[   163.750] (II) event6  - ThinkPad Extra Buttons: device is a keyboard
[   163.750] (II) event6  - ThinkPad Extra Buttons: device is a switch device
[   163.750] (II) event6  - ThinkPad Extra Buttons: device removed
[   163.750] (**) Option "config_info" "udev:/sys/devices/platform/thinkpad_acpi/input/input8/event6"
[   163.750] (II) XINPUT: Adding extended input device "ThinkPad Extra Buttons" (type: KEYBOARD, id 13)
[   163.750] (**) Option "xkb_model" "pc105"
[   163.750] (**) Option "xkb_layout" "us"
[   163.751] (II) event6  - ThinkPad Extra Buttons: is tagged by udev as: Keyboard Switch
[   163.751] (II) event6  - ThinkPad Extra Buttons: device is a keyboard
[   163.751] (II) event6  - ThinkPad Extra Buttons: device is a switch device
[   164.110] (II) modeset(0): EDID vendor "AUO", prod id 16445
[   164.110] (II) modeset(0): Printing DDC gathered Modelines:
[   164.110] (II) modeset(0): Modeline "1920x1080"x0.0  141.00  1920 1936 1952 2104  1080 1083 1097 1116 -hsync -vsync (67.0 kHz eP)
[   206.397] (II) config/udev: Adding input device SINOWEALTH Game Mouse (/dev/input/mouse2)
[   206.397] (II) No input driver specified, ignoring this device.
[   206.397] (II) This device may have been added with another device file.
[   206.462] (II) config/udev: Adding input device SINOWEALTH Game Mouse (/dev/input/event14)
[   206.462] (**) SINOWEALTH Game Mouse: Applying InputClass "libinput pointer catchall"
[   206.462] (II) Using input driver 'libinput' for 'SINOWEALTH Game Mouse'
[   206.462] (II) systemd-logind: got fd for /dev/input/event14 13:78 fd 52 paused 0
[   206.463] (**) SINOWEALTH Game Mouse: always reports core events
[   206.463] (**) Option "Device" "/dev/input/event14"
[   206.463] (**) Option "_source" "server/udev"
[   206.465] (II) event14 - SINOWEALTH Game Mouse: is tagged by udev as: Mouse
[   206.465] (II) event14 - SINOWEALTH Game Mouse: device is a pointer
[   206.466] (II) event14 - SINOWEALTH Game Mouse: device removed
[   206.466] (**) Option "config_info" "udev:/sys/devices/pci0000:00/0000:00:14.0/usb3/3-5/3-5:1.0/0003:258A:1007.0001/input/input16/event14"
[   206.466] (II) XINPUT: Adding extended input device "SINOWEALTH Game Mouse" (type: MOUSE, id 14)
[   206.466] (**) Option "AccelerationScheme" "none"
[   206.466] (**) SINOWEALTH Game Mouse: (accel) selected scheme none/0
[   206.466] (**) SINOWEALTH Game Mouse: (accel) acceleration factor: 2.000
[   206.466] (**) SINOWEALTH Game Mouse: (accel) acceleration threshold: 4
[   206.468] (II) event14 - SINOWEALTH Game Mouse: is tagged by udev as: Mouse
[   206.468] (II) event14 - SINOWEALTH Game Mouse: device is a pointer
[   206.470] (II) config/udev: Adding input device SINOWEALTH Game Mouse Keyboard (/dev/input/event15)
[   206.470] (**) SINOWEALTH Game Mouse Keyboard: Applying InputClass "libinput keyboard catchall"
[   206.470] (II) Using input driver 'libinput' for 'SINOWEALTH Game Mouse Keyboard'
[   206.471] (II) systemd-logind: got fd for /dev/input/event15 13:79 fd 53 paused 0
[   206.471] (**) SINOWEALTH Game Mouse Keyboard: always reports core events
[   206.471] (**) Option "Device" "/dev/input/event15"
[   206.471] (**) Option "_source" "server/udev"
[   206.473] (II) event15 - SINOWEALTH Game Mouse Keyboard: is tagged by udev as: Keyboard
[   206.473] (II) event15 - SINOWEALTH Game Mouse Keyboard: device is a keyboard
[   206.473] (II) event15 - SINOWEALTH Game Mouse Keyboard: device removed
[   206.473] (**) Option "config_info" "udev:/sys/devices/pci0000:00/0000:00:14.0/usb3/3-5/3-5:1.1/0003:258A:1007.0002/input/input17/event15"
[   206.473] (II) XINPUT: Adding extended input device "SINOWEALTH Game Mouse Keyboard" (type: KEYBOARD, id 15)
[   206.473] (**) Option "xkb_model" "pc105"
[   206.473] (**) Option "xkb_layout" "us"
[   206.473] (WW) Option "xkb_variant" requires a string value
[   206.473] (WW) Option "xkb_options" requires a string value
[   206.475] (II) event15 - SINOWEALTH Game Mouse Keyboard: is tagged by udev as: Keyboard
[   206.475] (II) event15 - SINOWEALTH Game Mouse Keyboard: device is a keyboard
