[2021-11-10 10:04:04.358] [exthost] [info] extension host started
[2021-11-10 10:04:04.359] [exthost] [info] Skipping acquiring lock for /home/moonwhite/.config/Code/User/workspaceStorage/185f27b6d75422de9574e07dbb44ad0a.
[2021-11-10 10:04:04.536] [exthost] [info] ExtensionService#_doActivateExtension vscode.microsoft-authentication, startup: false, activationEvent: 'onAuthenticationRequest:microsoft'
[2021-11-10 10:04:04.536] [exthost] [info] ExtensionService#loadCommonJSModule file:///usr/share/code/resources/app/extensions/microsoft-authentication/dist/extension.js
[2021-11-10 10:04:04.546] [exthost] [info] ExtensionService#_doActivateExtension vscode.typescript-language-features, startup: false, activationEvent: 'onLanguage:typescript'
[2021-11-10 10:04:04.546] [exthost] [info] ExtensionService#loadCommonJSModule file:///usr/share/code/resources/app/extensions/typescript-language-features/dist/extension
[2021-11-10 10:04:04.554] [exthost] [info] ExtensionService#_doActivateExtension vscode.debug-auto-launch, startup: true, activationEvent: '*'
[2021-11-10 10:04:04.554] [exthost] [info] ExtensionService#loadCommonJSModule file:///usr/share/code/resources/app/extensions/debug-auto-launch/dist/extension
[2021-11-10 10:04:04.560] [exthost] [info] ExtensionService#_doActivateExtension vscode.git, startup: true, activationEvent: '*', root cause: vscode.github
[2021-11-10 10:04:04.560] [exthost] [info] ExtensionService#loadCommonJSModule file:///usr/share/code/resources/app/extensions/git/dist/main
[2021-11-10 10:04:04.576] [exthost] [info] ExtensionService#_doActivateExtension PKief.material-icon-theme, startup: true, activationEvent: '*'
[2021-11-10 10:04:04.576] [exthost] [info] ExtensionService#loadCommonJSModule file:///home/moonwhite/.vscode/extensions/pkief.material-icon-theme-4.10.0/dist/extension
[2021-11-10 10:04:04.865] [exthost] [info] ExtensionService#_doActivateExtension vscode.github, startup: true, activationEvent: '*'
[2021-11-10 10:04:04.865] [exthost] [info] ExtensionService#loadCommonJSModule file:///usr/share/code/resources/app/extensions/github/dist/extension.js
[2021-11-10 10:04:04.941] [exthost] [info] eager extensions activated
[2021-11-10 10:04:05.019] [exthost] [info] ExtensionService#_doActivateExtension ms-vscode.js-debug, startup: false, activationEvent: 'onCommand:extension.js-debug.clearAutoAttachVariables'
[2021-11-10 10:04:05.020] [exthost] [info] ExtensionService#loadCommonJSModule file:///usr/share/code/resources/app/extensions/ms-vscode.js-debug/src/extension.js
[2021-11-10 10:04:05.162] [exthost] [info] ExtensionService#_doActivateExtension vscode.emmet, startup: false, activationEvent: 'onStartupFinished'
[2021-11-10 10:04:05.163] [exthost] [info] ExtensionService#loadCommonJSModule file:///usr/share/code/resources/app/extensions/emmet/dist/node/emmetNodeMain
[2021-11-10 10:04:05.172] [exthost] [info] ExtensionService#_doActivateExtension vscode.merge-conflict, startup: false, activationEvent: 'onStartupFinished'
[2021-11-10 10:04:05.172] [exthost] [info] ExtensionService#loadCommonJSModule file:///usr/share/code/resources/app/extensions/merge-conflict/dist/mergeConflictMain
[2021-11-10 10:04:05.513] [exthost] [info] ExtensionService#_doActivateExtension vscode.github-authentication, startup: false, activationEvent: 'onAuthenticationRequest:github'
[2021-11-10 10:04:05.513] [exthost] [info] ExtensionService#loadCommonJSModule file:///usr/share/code/resources/app/extensions/github-authentication/dist/extension.js
[2021-11-10 10:04:08.442] [exthost] [info] ExtensionService#_doActivateExtension vscode.configuration-editing, startup: false, activationEvent: 'onLanguage:jsonc'
[2021-11-10 10:04:08.442] [exthost] [info] ExtensionService#loadCommonJSModule file:///usr/share/code/resources/app/extensions/configuration-editing/dist/configurationEditingMain
[2021-11-10 10:04:08.446] [exthost] [info] ExtensionService#_doActivateExtension vscode.json-language-features, startup: false, activationEvent: 'onLanguage:jsonc'
[2021-11-10 10:04:08.446] [exthost] [info] ExtensionService#loadCommonJSModule file:///usr/share/code/resources/app/extensions/json-language-features/client/dist/node/jsonClientMain
[2021-11-10 10:04:11.605] [exthost] [warning] [Decorations] CAPPING events from decorations provider vscode.git 10003
[2021-11-10 10:04:12.641] [exthost] [warning] [Decorations] CAPPING events from decorations provider vscode.git 10003
[2021-11-10 10:05:04.845] [exthost] [info] ExtensionService#_doActivateExtension vscode.simple-browser, startup: false, activationEvent: 'onOpenExternalUri:http'
[2021-11-10 10:05:04.845] [exthost] [info] ExtensionService#loadCommonJSModule file:///usr/share/code/resources/app/extensions/simple-browser/dist/extension
[2021-11-10 10:11:26.907] [exthost] [warning] [Decorations] CAPPING events from decorations provider vscode.git 10006
[2021-11-10 10:16:01.425] [exthost] [warning] [Decorations] CAPPING events from decorations provider vscode.git 10012
[2021-11-10 10:16:05.008] [exthost] [info] ExtensionService#_doActivateExtension vscode.html-language-features, startup: false, activationEvent: 'onLanguage:html'
[2021-11-10 10:16:05.009] [exthost] [info] ExtensionService#loadCommonJSModule file:///usr/share/code/resources/app/extensions/html-language-features/client/dist/node/htmlClientMain
[2021-11-10 10:19:01.884] [exthost] [warning] [Decorations] CAPPING events from decorations provider vscode.git 10003
[2021-11-10 10:23:29.419] [exthost] [warning] [Decorations] CAPPING events from decorations provider vscode.git 10003
[2021-11-10 10:26:29.877] [exthost] [warning] [Decorations] CAPPING events from decorations provider vscode.git 10003
[2021-11-10 10:29:52.801] [exthost] [warning] [Decorations] CAPPING events from decorations provider vscode.git 10004
[2021-11-10 10:32:53.249] [exthost] [warning] [Decorations] CAPPING events from decorations provider vscode.git 10004
[2021-11-10 10:35:53.679] [exthost] [warning] [Decorations] CAPPING events from decorations provider vscode.git 10003
[2021-11-10 10:40:22.823] [exthost] [warning] [Decorations] CAPPING events from decorations provider vscode.git 10003
[2021-11-10 10:43:23.250] [exthost] [warning] [Decorations] CAPPING events from decorations provider vscode.git 10003
[2021-11-10 10:46:23.685] [exthost] [warning] [Decorations] CAPPING events from decorations provider vscode.git 10003
[2021-11-10 10:49:44.991] [exthost] [warning] [Decorations] CAPPING events from decorations provider vscode.git 10003
[2021-11-10 10:52:45.426] [exthost] [warning] [Decorations] CAPPING events from decorations provider vscode.git 10003
[2021-11-10 10:58:07.930] [exthost] [warning] [Decorations] CAPPING events from decorations provider vscode.git 10004
[2021-11-10 11:01:08.384] [exthost] [warning] [Decorations] CAPPING events from decorations provider vscode.git 10003
[2021-11-10 11:04:44.331] [exthost] [warning] [Decorations] CAPPING events from decorations provider vscode.git 10003
[2021-11-10 11:08:00.375] [exthost] [warning] [Decorations] CAPPING events from decorations provider vscode.git 10003
[2021-11-10 11:13:36.272] [exthost] [warning] [Decorations] CAPPING events from decorations provider vscode.git 10003
[2021-11-10 11:18:23.446] [exthost] [warning] [Decorations] CAPPING events from decorations provider vscode.git 10003
[2021-11-10 11:21:23.942] [exthost] [warning] [Decorations] CAPPING events from decorations provider vscode.git 10003
[2021-11-10 11:26:45.105] [exthost] [warning] [Decorations] CAPPING events from decorations provider vscode.git 10003
[2021-11-10 11:29:45.585] [exthost] [warning] [Decorations] CAPPING events from decorations provider vscode.git 10003
[2021-11-10 11:34:01.686] [exthost] [warning] [Decorations] CAPPING events from decorations provider vscode.git 10003
[2021-11-10 11:37:03.636] [exthost] [warning] [Decorations] CAPPING events from decorations provider vscode.git 10003
[2021-11-10 11:40:04.088] [exthost] [warning] [Decorations] CAPPING events from decorations provider vscode.git 10003
[2021-11-10 11:43:04.543] [exthost] [warning] [Decorations] CAPPING events from decorations provider vscode.git 10003
[2021-11-10 11:46:04.986] [exthost] [warning] [Decorations] CAPPING events from decorations provider vscode.git 10003
[2021-11-10 11:49:05.429] [exthost] [warning] [Decorations] CAPPING events from decorations provider vscode.git 10003
[2021-11-10 11:52:05.868] [exthost] [warning] [Decorations] CAPPING events from decorations provider vscode.git 10003
[2021-11-10 11:55:06.310] [exthost] [warning] [Decorations] CAPPING events from decorations provider vscode.git 10003
[2021-11-10 12:00:25.922] [exthost] [warning] [Decorations] CAPPING events from decorations provider vscode.git 10059
[2021-11-10 12:00:50.748] [exthost] [warning] [Decorations] CAPPING events from decorations provider vscode.git 19783
[2021-11-10 12:01:22.734] [exthost] [warning] [Decorations] CAPPING events from decorations provider vscode.git 10000
[2021-11-10 12:01:25.905] [exthost] [warning] [Decorations] CAPPING events from decorations provider vscode.git 10000
[2021-11-10 12:02:20.321] [exthost] [warning] [Decorations] CAPPING events from decorations provider vscode.git 10000
[2021-11-10 12:03:43.666] [exthost] [warning] [Decorations] CAPPING events from decorations provider vscode.git 10004
[2021-11-10 12:06:46.253] [exthost] [warning] [Decorations] CAPPING events from decorations provider vscode.git 10000
[2021-11-10 12:10:12.754] [exthost] [warning] [Decorations] CAPPING events from decorations provider vscode.git 10003
[2021-11-10 12:10:39.999] [exthost] [warning] [Decorations] CAPPING events from decorations provider vscode.git 19899
[2021-11-10 12:13:14.830] [exthost] [warning] [Decorations] CAPPING events from decorations provider vscode.git 10050
[2021-11-10 12:13:37.508] [exthost] [warning] [Decorations] CAPPING events from decorations provider vscode.git 10001
[2021-11-10 12:13:44.065] [exthost] [warning] [Decorations] CAPPING events from decorations provider vscode.git 10000
[2021-11-10 12:13:59.442] [exthost] [warning] [Decorations] CAPPING events from decorations provider vscode.git 20000
[2021-11-10 12:17:13.867] [exthost] [warning] [Decorations] CAPPING events from decorations provider vscode.git 10144
