[2021-11-03 09:22:52.105] [exthost] [info] extension host started
[2021-11-03 09:22:52.105] [exthost] [info] Skipping acquiring lock for /home/moonwhite/.config/Code/User/workspaceStorage/9b880bd2d765c699cf80a10ae53d9bc5.
[2021-11-03 09:22:52.158] [exthost] [info] ExtensionService#_doActivateExtension vscode.microsoft-authentication, startup: false, activationEvent: 'onAuthenticationRequest:microsoft'
[2021-11-03 09:22:52.158] [exthost] [info] ExtensionService#loadCommonJSModule file:///usr/share/code/resources/app/extensions/microsoft-authentication/dist/extension.js
[2021-11-03 09:22:52.164] [exthost] [info] ExtensionService#_doActivateExtension vscode.debug-auto-launch, startup: true, activationEvent: '*'
[2021-11-03 09:22:52.165] [exthost] [info] ExtensionService#loadCommonJSModule file:///usr/share/code/resources/app/extensions/debug-auto-launch/dist/extension
[2021-11-03 09:22:52.167] [exthost] [info] ExtensionService#_doActivateExtension vscode.git, startup: true, activationEvent: '*', root cause: vscode.github
[2021-11-03 09:22:52.167] [exthost] [info] ExtensionService#loadCommonJSModule file:///usr/share/code/resources/app/extensions/git/dist/main
[2021-11-03 09:22:52.179] [exthost] [info] ExtensionService#_doActivateExtension PKief.material-icon-theme, startup: true, activationEvent: '*'
[2021-11-03 09:22:52.179] [exthost] [info] ExtensionService#loadCommonJSModule file:///home/moonwhite/.vscode/extensions/pkief.material-icon-theme-4.10.0/dist/extension
[2021-11-03 09:22:52.274] [exthost] [info] ExtensionService#_doActivateExtension vscode.github, startup: true, activationEvent: '*'
[2021-11-03 09:22:52.275] [exthost] [info] ExtensionService#loadCommonJSModule file:///usr/share/code/resources/app/extensions/github/dist/extension.js
[2021-11-03 09:22:52.302] [exthost] [info] eager extensions activated
[2021-11-03 09:22:52.309] [exthost] [info] ExtensionService#_doActivateExtension ms-vscode.js-debug, startup: false, activationEvent: 'onCommand:extension.js-debug.clearAutoAttachVariables'
[2021-11-03 09:22:52.309] [exthost] [info] ExtensionService#loadCommonJSModule file:///usr/share/code/resources/app/extensions/ms-vscode.js-debug/src/extension.js
[2021-11-03 09:22:52.380] [exthost] [info] ExtensionService#_doActivateExtension vscode.emmet, startup: false, activationEvent: 'onStartupFinished'
[2021-11-03 09:22:52.380] [exthost] [info] ExtensionService#loadCommonJSModule file:///usr/share/code/resources/app/extensions/emmet/dist/node/emmetNodeMain
[2021-11-03 09:22:52.385] [exthost] [info] ExtensionService#_doActivateExtension vscode.merge-conflict, startup: false, activationEvent: 'onStartupFinished'
[2021-11-03 09:22:52.385] [exthost] [info] ExtensionService#loadCommonJSModule file:///usr/share/code/resources/app/extensions/merge-conflict/dist/mergeConflictMain
[2021-11-03 09:22:52.417] [exthost] [info] ExtensionService#_doActivateExtension vscode.github-authentication, startup: false, activationEvent: 'onAuthenticationRequest:github'
[2021-11-03 09:22:52.417] [exthost] [info] ExtensionService#loadCommonJSModule file:///usr/share/code/resources/app/extensions/github-authentication/dist/extension.js
[2021-11-03 09:23:08.246] [exthost] [warning] [Decorations] CAPPING events from decorations provider vscode.git 10000
[2021-11-03 09:23:09.224] [exthost] [warning] [Decorations] CAPPING events from decorations provider vscode.git 10000
[2021-11-03 09:24:49.303] [exthost] [info] ExtensionService#_doActivateExtension vscode.simple-browser, startup: false, activationEvent: 'onOpenExternalUri:http'
[2021-11-03 09:24:49.304] [exthost] [info] ExtensionService#loadCommonJSModule file:///usr/share/code/resources/app/extensions/simple-browser/dist/extension
[2021-11-03 09:27:11.223] [exthost] [warning] [Decorations] CAPPING events from decorations provider vscode.git 10003
[2021-11-03 09:27:37.699] [exthost] [info] ExtensionService#_doActivateExtension vscode.typescript-language-features, startup: false, activationEvent: 'onLanguage:typescript'
[2021-11-03 09:27:37.700] [exthost] [info] ExtensionService#loadCommonJSModule file:///usr/share/code/resources/app/extensions/typescript-language-features/dist/extension
[2021-11-03 09:27:38.802] [exthost] [info] ExtensionService#_doActivateExtension vscode.html-language-features, startup: false, activationEvent: 'onLanguage:html'
[2021-11-03 09:27:38.803] [exthost] [info] ExtensionService#loadCommonJSModule file:///usr/share/code/resources/app/extensions/html-language-features/client/dist/node/htmlClientMain
[2021-11-03 09:27:40.647] [exthost] [info] ExtensionService#_doActivateExtension vscode.configuration-editing, startup: false, activationEvent: 'onLanguage:jsonc'
[2021-11-03 09:27:40.647] [exthost] [info] ExtensionService#loadCommonJSModule file:///usr/share/code/resources/app/extensions/configuration-editing/dist/configurationEditingMain
[2021-11-03 09:27:40.652] [exthost] [info] ExtensionService#_doActivateExtension vscode.json-language-features, startup: false, activationEvent: 'onLanguage:jsonc'
[2021-11-03 09:27:40.653] [exthost] [info] ExtensionService#loadCommonJSModule file:///usr/share/code/resources/app/extensions/json-language-features/client/dist/node/jsonClientMain
[2021-11-03 09:30:43.126] [exthost] [warning] [Decorations] CAPPING events from decorations provider vscode.git 10000
[2021-11-03 09:33:43.334] [exthost] [warning] [Decorations] CAPPING events from decorations provider vscode.git 10001
[2021-11-03 09:36:43.508] [exthost] [warning] [Decorations] CAPPING events from decorations provider vscode.git 10000
[2021-11-03 09:40:00.337] [exthost] [warning] [Decorations] CAPPING events from decorations provider vscode.git 10006
[2021-11-03 09:43:58.464] [exthost] [warning] [Decorations] CAPPING events from decorations provider vscode.git 10003
[2021-11-03 09:48:32.647] [exthost] [warning] [Decorations] CAPPING events from decorations provider vscode.git 10003
[2021-11-03 09:51:32.825] [exthost] [warning] [Decorations] CAPPING events from decorations provider vscode.git 10000
[2021-11-03 09:52:30.844] [exthost] [warning] [Decorations] CAPPING events from decorations provider vscode.git 10000
[2021-11-03 09:55:01.588] [exthost] [warning] [Decorations] CAPPING events from decorations provider vscode.git 10000
[2021-11-03 09:57:03.363] [exthost] [warning] [Decorations] CAPPING events from decorations provider vscode.git 10000
[2021-11-03 09:57:05.461] [exthost] [warning] [Decorations] CAPPING events from decorations provider vscode.git 10000
[2021-11-03 09:58:04.103] [exthost] [warning] [Decorations] CAPPING events from decorations provider vscode.git 10000
[2021-11-03 09:58:13.512] [exthost] [warning] [Decorations] CAPPING events from decorations provider vscode.git 10013
[2021-11-03 10:01:28.117] [exthost] [warning] [Decorations] CAPPING events from decorations provider vscode.git 10000
[2021-11-03 10:03:14.485] [exthost] [warning] [Decorations] CAPPING events from decorations provider vscode.git 19980
[2021-11-03 10:06:45.556] [exthost] [warning] [Decorations] CAPPING events from decorations provider vscode.git 10075
[2021-11-03 10:07:22.594] [exthost] [warning] [Decorations] CAPPING events from decorations provider vscode.git 10000
[2021-11-03 10:07:45.873] [exthost] [warning] [Decorations] CAPPING events from decorations provider vscode.git 18241
[2021-11-03 10:07:48.806] [exthost] [warning] [Decorations] CAPPING events from decorations provider vscode.git 8248
[2021-11-03 10:08:06.981] [exthost] [warning] [Decorations] CAPPING events from decorations provider vscode.git 8249
