[2021-11-01 14:51:51.571] [exthost] [info] extension host started
[2021-11-01 14:51:51.571] [exthost] [info] Skipping acquiring lock for /home/moonwhite/.config/Code/User/workspaceStorage/9b880bd2d765c699cf80a10ae53d9bc5.
[2021-11-01 14:51:51.628] [exthost] [info] ExtensionService#_doActivateExtension vscode.microsoft-authentication, startup: false, activationEvent: 'onAuthenticationRequest:microsoft'
[2021-11-01 14:51:51.628] [exthost] [info] ExtensionService#loadCommonJSModule file:///usr/share/code/resources/app/extensions/microsoft-authentication/dist/extension.js
[2021-11-01 14:51:51.636] [exthost] [info] ExtensionService#_doActivateExtension vscode.debug-auto-launch, startup: true, activationEvent: '*'
[2021-11-01 14:51:51.636] [exthost] [info] ExtensionService#loadCommonJSModule file:///usr/share/code/resources/app/extensions/debug-auto-launch/dist/extension
[2021-11-01 14:51:51.643] [exthost] [info] ExtensionService#_doActivateExtension vscode.git, startup: true, activationEvent: '*', root cause: vscode.github
[2021-11-01 14:51:51.644] [exthost] [info] ExtensionService#loadCommonJSModule file:///usr/share/code/resources/app/extensions/git/dist/main
[2021-11-01 14:51:51.661] [exthost] [info] ExtensionService#_doActivateExtension PKief.material-icon-theme, startup: true, activationEvent: '*'
[2021-11-01 14:51:51.662] [exthost] [info] ExtensionService#loadCommonJSModule file:///home/moonwhite/.vscode/extensions/pkief.material-icon-theme-4.10.0/dist/extension
[2021-11-01 14:51:51.788] [exthost] [info] ExtensionService#_doActivateExtension vscode.github, startup: true, activationEvent: '*'
[2021-11-01 14:51:51.788] [exthost] [info] ExtensionService#loadCommonJSModule file:///usr/share/code/resources/app/extensions/github/dist/extension.js
[2021-11-01 14:51:51.817] [exthost] [info] eager extensions activated
[2021-11-01 14:51:51.827] [exthost] [info] ExtensionService#_doActivateExtension ms-vscode.js-debug, startup: false, activationEvent: 'onCommand:extension.js-debug.clearAutoAttachVariables'
[2021-11-01 14:51:51.827] [exthost] [info] ExtensionService#loadCommonJSModule file:///usr/share/code/resources/app/extensions/ms-vscode.js-debug/src/extension.js
[2021-11-01 14:51:51.992] [exthost] [info] ExtensionService#_doActivateExtension vscode.emmet, startup: false, activationEvent: 'onStartupFinished'
[2021-11-01 14:51:51.992] [exthost] [info] ExtensionService#loadCommonJSModule file:///usr/share/code/resources/app/extensions/emmet/dist/node/emmetNodeMain
[2021-11-01 14:51:52.011] [exthost] [info] ExtensionService#_doActivateExtension vscode.merge-conflict, startup: false, activationEvent: 'onStartupFinished'
[2021-11-01 14:51:52.011] [exthost] [info] ExtensionService#loadCommonJSModule file:///usr/share/code/resources/app/extensions/merge-conflict/dist/mergeConflictMain
[2021-11-01 14:51:52.298] [exthost] [info] ExtensionService#_doActivateExtension vscode.github-authentication, startup: false, activationEvent: 'onAuthenticationRequest:github'
[2021-11-01 14:51:52.298] [exthost] [info] ExtensionService#loadCommonJSModule file:///usr/share/code/resources/app/extensions/github-authentication/dist/extension.js
[2021-11-01 14:51:54.562] [exthost] [info] extension host terminating: renderer closed the socket
[2021-11-01 14:51:55.570] [exthost] [info] exiting with code 0
