[28689][1635749700127][main][info]["Booting Postman 8.12.5, linux-5.11.0-38-generic on x64"]
[28689][1635749700129][main][info]["EventBus~initialize - Success"]
[28689][1635749700131][main][info]["Proxy configuration has not been setup"]
[28689][1635749700131][main][info]["CloudProxyManager~init - Success"]
[28689][1635749700137][main][info]["UpdateHandler~init - Success"]
[28689][1635749701220][main][info]["RuntimeIPCAgent~started: Success"]
[28689][1635749701223][main][info]["LeaderSelection: Initialized successfully"]
[28689][1635749701637][main][info]["LinuxAutoUpdater~Cleanup - Initial cleanup successful"]
[28689][1635749701667][main][info]["Bootstrap-models~bootstrap - Success"]
[28689][1635749707297][main][info]["window-manager~newSharedWindow: Shell loaded"]
[28689][1635749709939][main][info]["GPU detected VID 0 DID 0 ACTIVE false"]
[28689][1635749710155][main][info]["Main~AppEvents - Received booted event for process shared"]
[28689][1635749712994][main][info]["Main~AppEvents - Received booted event for process scratchpad"]
[28689][1635749719210][main][error]["ProtocolHandler~setDefaultProtocolClient: Command failed: xdg-mime default Postman.desktop x-scheme-handler/postman\n/bin/sh: 1: xdg-mime: not found\n"]
[28689][1635749719242][main][warn]["AuthHandler~open: Current app is not default protocol client - Falling back to polling mechanism."]
[28689][1635749720894][main][info]["Main~AppEvents - Received booted event for process shared"]
[28689][1635749723063][main][info]["Main~AppEvents - Received booted event for process scratchpad"]
[28689][1635750402824][main][info]["Main~AppEvents - Received booted event for process shared"]
[28689][1635750405030][main][info]["Main~AppEvents - Received booted event for process scratchpad"]
[28689][1635774358017][main][info]["Quitting app"]
[35584][1635831369934][main][info]["Booting Postman 8.12.5, linux-5.11.0-38-generic on x64"]
[35584][1635831369936][main][info]["EventBus~initialize - Success"]
[35584][1635831369937][main][info]["Proxy configuration has not been setup"]
[35584][1635831369937][main][info]["CloudProxyManager~init - Success"]
[35584][1635831369943][main][info]["UpdateHandler~init - Success"]
[35584][1635831370585][main][info]["RuntimeIPCAgent~started: Success"]
[35584][1635831370591][main][info]["LeaderSelection: Initialized successfully"]
[35584][1635831371193][main][info]["LinuxAutoUpdater~Cleanup - Initial cleanup successful"]
[35584][1635831371198][main][info]["GPU detected VID 0 DID 0 ACTIVE false"]
[35584][1635831371223][main][info]["Bootstrap-models~bootstrap - Success"]
[35584][1635831372576][main][info]["window-manager~newSharedWindow: Shell loaded"]
[35584][1635831375138][main][info]["Main~AppEvents - Received booted event for process shared"]
[35584][1635831377727][main][info]["Main~AppEvents - Received booted event for process scratchpad"]
[10915][1635915225714][main][info]["Booting Postman 8.12.5, linux-5.11.0-38-generic on x64"]
[10915][1635915225716][main][info]["EventBus~initialize - Success"]
[10915][1635915225717][main][info]["Proxy configuration has not been setup"]
[10915][1635915225717][main][info]["CloudProxyManager~init - Success"]
[10915][1635915225723][main][info]["UpdateHandler~init - Success"]
[10915][1635915226322][main][info]["RuntimeIPCAgent~started: Success"]
[10915][1635915226337][main][info]["LeaderSelection: Initialized successfully"]
[10915][1635915226986][main][info]["LinuxAutoUpdater~Cleanup - Initial cleanup successful"]
[10915][1635915226997][main][info]["GPU detected VID 0 DID 0 ACTIVE false"]
[10915][1635915227019][main][info]["Bootstrap-models~bootstrap - Success"]
[10915][1635915227901][main][info]["window-manager~newSharedWindow: Shell loaded"]
[10915][1635915230347][main][info]["Main~AppEvents - Received booted event for process shared"]
[10915][1635915233332][main][info]["Main~AppEvents - Received booted event for process scratchpad"]
