[28689][1635749712820][scratchpad][info]["EventBus~initialize - Success"]
[28689][1635749712821][scratchpad][info]["Messaging~boot - Success"]
[28689][1635749712839][scratchpad][info]["bootCrashReporter~ Success"]
[28689][1635749712840][scratchpad][info]["Telemetry~boot - Success"]
[28689][1635749712841][scratchpad][info]["bootConfigurations~initialize - Success"]
[28689][1635749712842][scratchpad][info]["Settings~boot - Success"]
[28689][1635749712906][scratchpad][info]["bootstrapModels - Success"]
[28689][1635749712906][scratchpad][info]["WLModels~boot - Success"]
[28689][1635749712912][scratchpad][info]["Session~boot - Success"]
[28689][1635749712914][scratchpad][info]["IndependentServices~boot - Success"]
[28689][1635749712919][scratchpad][info]["AppModels~boot - Success"]
[28689][1635749712932][scratchpad][info]["Sync~boot - Success"]
[28689][1635749712938][scratchpad][error]["WorkspaceSessionController~getActiveSession: WorkspaceSession not found in db"]
[28689][1635749712943][scratchpad][error]["ActiveWorkspaceSessionStore: Initial Hydration Failed once"]
[28689][1635749712950][scratchpad][info]["PostUpdateBackup~init: Success"]
[28689][1635749712951][scratchpad][info]["Shared~boot - Success"]
[28689][1635749712952][scratchpad][info]["DBWatcher~boot - Success"]
[28689][1635749712953][scratchpad][info]["ThemeManager~boot - Success"]
[28689][1635749712953][scratchpad][info]["WorkbenchService~boot - Success"]
[28689][1635749712954][scratchpad][info]["ContextBarRegistry~boot - Success"]
[28689][1635749712954][scratchpad][info]["Store~boot - Success"]
[28689][1635749712955][scratchpad][info]["Shortcuts~boot - Success"]
[28689][1635749712963][scratchpad][error]["WorkspaceSessionController~getActiveSession: WorkspaceSession not found in db"]
[28689][1635749712964][scratchpad][error]["ActiveWorkspaceSessionStore: Initial Hydration Failed twice",{"name":"Error","message":"WorkspaceSessionController~getActiveSession: WorkspaceSession not found in db","stack":"Error: WorkspaceSessionController~getActiveSession: WorkspaceSession not found in db\n    at file:///snap/postman/149/usr/share/postman/resources/app/js/vendor-shared.js:306029:35"}]
[28689][1635749712973][scratchpad][info]["NewConsole~boot - Success"]
[28689][1635749712976][scratchpad][info]["APIDevInterface~boot - Success"]
[28689][1635749712982][scratchpad][info]["Updater bailed! Running on Snap!"]
[28689][1635749712984][scratchpad][info]["Attempting to create IPCNode to proxy_node_process"]
[28689][1635749712990][scratchpad][info]["Requester~boot - Success"]
[28689][1635749712991][scratchpad][info]["SharedRuntimeListeners~boot - Success"]
[28689][1635749712992][scratchpad][info]["booted - scratchpad"]
[28689][1635749713107][scratchpad][info]["NavigationService ~ [BROWSER] Transitioning io the initial route with the URL:","home"]
[28689][1635749713168][scratchpad][info]["CloudProxyHandler: Proxy configuration has not been setup"]
[28689][1635749713169][scratchpad][error]["IPCNode~createClient~something wrong connecting to the IPC server",{"errno":"ENOENT","code":"ENOENT","syscall":"connect","address":"/home/moonwhite/snap/postman/149/.config/Postman/proxy_node_process_prod.sock","name":"Error","message":"connect ENOENT /home/moonwhite/snap/postman/149/.config/Postman/proxy_node_process_prod.sock","stack":"Error: connect ENOENT /home/moonwhite/snap/postman/149/.config/Postman/proxy_node_process_prod.sock\n    at PipeConnectWrap.afterConnect [as oncomplete] (net.js:1141:16)"}]
[28689][1635749715004][scratchpad][info]["SessionValidation - Registering listener"]
[28689][1635749715011][scratchpad][info]["UI pulled the session locked information on init"]
[28689][1635749722899][scratchpad][info]["EventBus~initialize - Success"]
[28689][1635749722901][scratchpad][info]["Messaging~boot - Success"]
[28689][1635749722915][scratchpad][info]["bootCrashReporter~ Success"]
[28689][1635749722916][scratchpad][info]["Telemetry~boot - Success"]
[28689][1635749722916][scratchpad][info]["bootConfigurations~initialize - Success"]
[28689][1635749722918][scratchpad][info]["Settings~boot - Success"]
[28689][1635749722981][scratchpad][info]["bootstrapModels - Success"]
[28689][1635749722981][scratchpad][info]["WLModels~boot - Success"]
[28689][1635749722988][scratchpad][info]["Session~boot - Success"]
[28689][1635749722989][scratchpad][info]["IndependentServices~boot - Success"]
[28689][1635749722995][scratchpad][info]["AppModels~boot - Success"]
[28689][1635749723007][scratchpad][info]["Sync~boot - Success"]
[28689][1635749723013][scratchpad][error]["WorkspaceSessionController~getActiveSession: WorkspaceSession not found in db"]
[28689][1635749723017][scratchpad][error]["ActiveWorkspaceSessionStore: Initial Hydration Failed once"]
[28689][1635749723025][scratchpad][info]["PostUpdateBackup~init: Success"]
[28689][1635749723026][scratchpad][info]["Shared~boot - Success"]
[28689][1635749723027][scratchpad][info]["DBWatcher~boot - Success"]
[28689][1635749723029][scratchpad][info]["ThemeManager~boot - Success"]
[28689][1635749723029][scratchpad][info]["WorkbenchService~boot - Success"]
[28689][1635749723029][scratchpad][info]["ContextBarRegistry~boot - Success"]
[28689][1635749723029][scratchpad][info]["Store~boot - Success"]
[28689][1635749723031][scratchpad][info]["Shortcuts~boot - Success"]
[28689][1635749723034][scratchpad][error]["WorkspaceSessionController~getActiveSession: WorkspaceSession not found in db"]
[28689][1635749723035][scratchpad][error]["ActiveWorkspaceSessionStore: Initial Hydration Failed twice",{"name":"Error","message":"WorkspaceSessionController~getActiveSession: WorkspaceSession not found in db","stack":"Error: WorkspaceSessionController~getActiveSession: WorkspaceSession not found in db\n    at file:///snap/postman/149/usr/share/postman/resources/app/js/vendor-shared.js:306029:35"}]
[28689][1635749723047][scratchpad][info]["NewConsole~boot - Success"]
[28689][1635749723049][scratchpad][info]["APIDevInterface~boot - Success"]
[28689][1635749723055][scratchpad][info]["Updater bailed! Running on Snap!"]
[28689][1635749723056][scratchpad][info]["Attempting to create IPCNode to proxy_node_process"]
[28689][1635749723061][scratchpad][info]["Requester~boot - Success"]
[28689][1635749723062][scratchpad][info]["SharedRuntimeListeners~boot - Success"]
[28689][1635749723063][scratchpad][info]["booted - scratchpad"]
[28689][1635749723162][scratchpad][info]["NavigationService ~ [BROWSER] Transitioning io the initial route with the URL:","home"]
[28689][1635749723207][scratchpad][info]["CloudProxyHandler: Proxy configuration has not been setup"]
[28689][1635749723207][scratchpad][error]["IPCNode~createClient~something wrong connecting to the IPC server",{"errno":"ENOENT","code":"ENOENT","syscall":"connect","address":"/home/moonwhite/snap/postman/149/.config/Postman/proxy_node_process_prod.sock","name":"Error","message":"connect ENOENT /home/moonwhite/snap/postman/149/.config/Postman/proxy_node_process_prod.sock","stack":"Error: connect ENOENT /home/moonwhite/snap/postman/149/.config/Postman/proxy_node_process_prod.sock\n    at PipeConnectWrap.afterConnect [as oncomplete] (net.js:1141:16)"}]
[28689][1635749723647][scratchpad][info]["SessionValidation - Registering listener"]
[28689][1635749723653][scratchpad][info]["UI pulled the session locked information on init"]
[28689][1635750404869][scratchpad][info]["EventBus~initialize - Success"]
[28689][1635750404870][scratchpad][info]["Messaging~boot - Success"]
[28689][1635750404886][scratchpad][info]["bootCrashReporter~ Success"]
[28689][1635750404886][scratchpad][info]["Telemetry~boot - Success"]
[28689][1635750404887][scratchpad][info]["bootConfigurations~initialize - Success"]
[28689][1635750404889][scratchpad][info]["Settings~boot - Success"]
[28689][1635750404940][scratchpad][info]["bootstrapModels - Success"]
[28689][1635750404940][scratchpad][info]["WLModels~boot - Success"]
[28689][1635750404946][scratchpad][info]["Session~boot - Success"]
[28689][1635750404948][scratchpad][info]["IndependentServices~boot - Success"]
[28689][1635750404953][scratchpad][info]["AppModels~boot - Success"]
[28689][1635750404965][scratchpad][info]["Sync~boot - Success"]
[28689][1635750404972][scratchpad][error]["WorkspaceSessionController~getActiveSession: WorkspaceSession not found in db"]
[28689][1635750404977][scratchpad][error]["ActiveWorkspaceSessionStore: Initial Hydration Failed once"]
[28689][1635750404986][scratchpad][info]["PostUpdateBackup~init: Success"]
[28689][1635750404987][scratchpad][info]["Shared~boot - Success"]
[28689][1635750404988][scratchpad][info]["DBWatcher~boot - Success"]
[28689][1635750404990][scratchpad][info]["ThemeManager~boot - Success"]
[28689][1635750404990][scratchpad][info]["WorkbenchService~boot - Success"]
[28689][1635750404991][scratchpad][info]["ContextBarRegistry~boot - Success"]
[28689][1635750404991][scratchpad][info]["Store~boot - Success"]
[28689][1635750404993][scratchpad][info]["Shortcuts~boot - Success"]
[28689][1635750405003][scratchpad][error]["WorkspaceSessionController~getActiveSession: WorkspaceSession not found in db"]
[28689][1635750405004][scratchpad][error]["ActiveWorkspaceSessionStore: Initial Hydration Failed twice",{"name":"Error","message":"WorkspaceSessionController~getActiveSession: WorkspaceSession not found in db","stack":"Error: WorkspaceSessionController~getActiveSession: WorkspaceSession not found in db\n    at file:///snap/postman/149/usr/share/postman/resources/app/js/vendor-shared.js:306029:35"}]
[28689][1635750405014][scratchpad][info]["NewConsole~boot - Success"]
[28689][1635750405017][scratchpad][info]["APIDevInterface~boot - Success"]
[28689][1635750405021][scratchpad][info]["Updater bailed! Running on Snap!"]
[28689][1635750405023][scratchpad][info]["Attempting to create IPCNode to proxy_node_process"]
[28689][1635750405027][scratchpad][info]["Requester~boot - Success"]
[28689][1635750405029][scratchpad][info]["SharedRuntimeListeners~boot - Success"]
[28689][1635750405030][scratchpad][info]["booted - scratchpad"]
[28689][1635750405141][scratchpad][info]["NavigationService ~ [BROWSER] Transitioning io the initial route with the URL:","home"]
[28689][1635750405187][scratchpad][info]["CloudProxyHandler: Proxy configuration has not been setup"]
[28689][1635750405187][scratchpad][error]["IPCNode~createClient~something wrong connecting to the IPC server",{"errno":"ENOENT","code":"ENOENT","syscall":"connect","address":"/home/moonwhite/snap/postman/149/.config/Postman/proxy_node_process_prod.sock","name":"Error","message":"connect ENOENT /home/moonwhite/snap/postman/149/.config/Postman/proxy_node_process_prod.sock","stack":"Error: connect ENOENT /home/moonwhite/snap/postman/149/.config/Postman/proxy_node_process_prod.sock\n    at PipeConnectWrap.afterConnect [as oncomplete] (net.js:1141:16)"}]
[28689][1635750405642][scratchpad][info]["SessionValidation - Registering listener"]
[28689][1635750405649][scratchpad][info]["UI pulled the session locked information on init"]
[28689][1635750439897][scratchpad][info]["SyncManagerNew~setSync",true]
[28689][1635750439899][scratchpad][info]["SyncManagerNew~signIn",{"forceConnect":true}]
[28689][1635750439905][scratchpad][info]["SyncManagerNew~createSocket",{"forceConnect":true}]
[28689][1635750439907][scratchpad][info]["SyncManagerNew~createSocket","sailsIO.connect",{"url":"https://bifrost-public-v4.gw.postman.com","opts":{"reconnectionDelay":10000,"reconnectionDelayMax":60000,"reconnectionAttempts":8,"randomizationFactor":0.3}}]
[28689][1635750442043][scratchpad][info]["SyncManagerNew~_onConnect"]
[28689][1635750442063][scratchpad][info]["SyncManagerNew~signIn",{}]
[28689][1635750442069][scratchpad][error]["SyncRequestService: This request is not allowed from scratchpad"]
[28689][1635750442072][scratchpad][info]["SyncTimelineHelper: Force stopping all timelines"]
[28689][1635750442074][scratchpad][error]["Codegen~checkAccess - Error while checking team access: ",{"error":{"message":"SyncRequestService\\x7erequest: This request not allowed from scratchpad"}}]
[28689][1635750442085][scratchpad][info]["subscribeToTeamEvents: Bailing out as team ID is not available"]
[28689][1635750443035][scratchpad][error]["CommentsContributor~fetchRequestCommentsCount: Failed to fetch comments count"]
[28689][1635756742464][scratchpad][info]["SyncManagerNew~_onDisconnect"]
[28689][1635756746468][scratchpad][info]["SyncManagerNew~createSocket",{"forceConnect":true}]
[28689][1635756746537][scratchpad][info]["SyncManagerNew~_onConnectError",{"type":"TransportError","description":{"isTrusted":true},"name":"Error","message":"websocket error","stack":"Error: websocket error\n    at WS.8626.Transport.onError (file:///snap/postman/149/usr/share/postman/resources/app/js/requester.js:68994:13)\n    at WebSocket.ws.onerror (file:///snap/postman/149/usr/share/postman/resources/app/js/requester.js:70338:10)"}]
[28689][1635756746539][scratchpad][info]["SyncManagerNew~_onReconnectScheduled",12201,1]
[28689][1635756749822][scratchpad][info]["SyncManagerNew~createSocket",{"forceConnect":true}]
[28689][1635756751806][scratchpad][info]["SyncManagerNew~_onConnect"]
[28689][1635756751813][scratchpad][info]["SyncManagerNew~signIn",{}]
[28689][1635756751829][scratchpad][error]["SyncRequestService: This request is not allowed from scratchpad"]
[28689][1635756751843][scratchpad][info]["SyncTimelineHelper: Force stopping all timelines"]
[28689][1635756751848][scratchpad][error]["Codegen~checkAccess - Error while checking team access: ",{"error":{"message":"SyncRequestService\\x7erequest: This request not allowed from scratchpad"}}]
[28689][1635756751868][scratchpad][info]["subscribeToTeamEvents: Bailing out as team ID is not available"]
[28689][1635756802665][scratchpad][info]["SyncManagerNew~_onDisconnect"]
[28689][1635756806252][scratchpad][info]["SyncManagerNew~createSocket",{"forceConnect":true}]
[28689][1635756808047][scratchpad][info]["SyncManagerNew~_onConnect"]
[28689][1635756808054][scratchpad][info]["SyncManagerNew~signIn",{}]
[28689][1635756808059][scratchpad][error]["SyncRequestService: This request is not allowed from scratchpad"]
[28689][1635756808060][scratchpad][info]["SyncTimelineHelper: Force stopping all timelines"]
[28689][1635756808060][scratchpad][error]["Codegen~checkAccess - Error while checking team access: ",{"error":{"message":"SyncRequestService\\x7erequest: This request not allowed from scratchpad"}}]
[28689][1635756808068][scratchpad][info]["subscribeToTeamEvents: Bailing out as team ID is not available"]
[28689][1635756878956][scratchpad][info]["SyncManagerNew~_onDisconnect"]
[28689][1635756882799][scratchpad][info]["SyncManagerNew~createSocket",{"forceConnect":true}]
[28689][1635756886396][scratchpad][info]["SyncManagerNew~createSocket",{"forceConnect":true}]
[28689][1635756887676][scratchpad][info]["SyncManagerNew~_onConnect"]
[28689][1635756887680][scratchpad][info]["SyncManagerNew~signIn",{}]
[28689][1635756887683][scratchpad][error]["SyncRequestService: This request is not allowed from scratchpad"]
[28689][1635756887684][scratchpad][info]["SyncTimelineHelper: Force stopping all timelines"]
[28689][1635756887686][scratchpad][error]["Codegen~checkAccess - Error while checking team access: ",{"error":{"message":"SyncRequestService\\x7erequest: This request not allowed from scratchpad"}}]
[28689][1635756887694][scratchpad][info]["subscribeToTeamEvents: Bailing out as team ID is not available"]
[28689][1635756891347][scratchpad][info]["SyncManagerNew~_onDisconnect"]
[28689][1635756895414][scratchpad][info]["SyncManagerNew~createSocket",{"forceConnect":true}]
[28689][1635756895522][scratchpad][info]["SyncManagerNew~_onConnectError",{"type":"TransportError","description":{"isTrusted":true},"name":"Error","message":"websocket error","stack":"Error: websocket error\n    at WS.8626.Transport.onError (file:///snap/postman/149/usr/share/postman/resources/app/js/requester.js:68994:13)\n    at WebSocket.ws.onerror (file:///snap/postman/149/usr/share/postman/resources/app/js/requester.js:70338:10)"}]
[28689][1635756895524][scratchpad][info]["SyncManagerNew~_onReconnectScheduled",10371,1]
[28689][1635756898913][scratchpad][info]["SyncManagerNew~createSocket",{"forceConnect":true}]
[28689][1635756900362][scratchpad][info]["SyncManagerNew~_onConnectError",{"type":"TransportError","description":{"isTrusted":true},"name":"Error","message":"websocket error","stack":"Error: websocket error\n    at WS.8626.Transport.onError (file:///snap/postman/149/usr/share/postman/resources/app/js/requester.js:68994:13)\n    at WebSocket.ws.onerror (file:///snap/postman/149/usr/share/postman/resources/app/js/requester.js:70338:10)"}]
[28689][1635756900363][scratchpad][info]["SyncManagerNew~_onReconnectScheduled",9340,1]
[28689][1635756904652][scratchpad][info]["SyncManagerNew~createSocket",{"forceConnect":true}]
[28689][1635756904764][scratchpad][info]["SyncManagerNew~_onConnectError",{"type":"TransportError","description":{"isTrusted":true},"name":"Error","message":"websocket error","stack":"Error: websocket error\n    at WS.8626.Transport.onError (file:///snap/postman/149/usr/share/postman/resources/app/js/requester.js:68994:13)\n    at WebSocket.ws.onerror (file:///snap/postman/149/usr/share/postman/resources/app/js/requester.js:70338:10)"}]
[28689][1635756904765][scratchpad][info]["SyncManagerNew~_onReconnectScheduled",10938,1]
[28689][1635756908473][scratchpad][info]["SyncManagerNew~createSocket",{"forceConnect":true}]
[28689][1635756908494][scratchpad][info]["SyncManagerNew~_onConnectError",{"type":"TransportError","description":{"isTrusted":true},"name":"Error","message":"websocket error","stack":"Error: websocket error\n    at WS.8626.Transport.onError (file:///snap/postman/149/usr/share/postman/resources/app/js/requester.js:68994:13)\n    at WebSocket.ws.onerror (file:///snap/postman/149/usr/share/postman/resources/app/js/requester.js:70338:10)"}]
[28689][1635756908495][scratchpad][info]["SyncManagerNew~_onReconnectScheduled",7952,1]
[28689][1635756911391][scratchpad][info]["SyncManagerNew~createSocket",{"forceConnect":true}]
[28689][1635756922628][scratchpad][info]["SyncManagerNew~_onConnect"]
[28689][1635756922634][scratchpad][info]["SyncManagerNew~signIn",{}]
[28689][1635756922637][scratchpad][error]["SyncRequestService: This request is not allowed from scratchpad"]
[28689][1635756922638][scratchpad][info]["SyncTimelineHelper: Force stopping all timelines"]
[28689][1635756922639][scratchpad][error]["Codegen~checkAccess - Error while checking team access: ",{"error":{"message":"SyncRequestService\\x7erequest: This request not allowed from scratchpad"}}]
[28689][1635756922645][scratchpad][info]["subscribeToTeamEvents: Bailing out as team ID is not available"]
[28689][1635756939889][scratchpad][info]["SyncManagerNew~_onDisconnect"]
[28689][1635756943840][scratchpad][info]["SyncManagerNew~createSocket",{"forceConnect":true}]
[28689][1635756945629][scratchpad][info]["SyncManagerNew~_onConnect"]
[28689][1635756945639][scratchpad][info]["SyncManagerNew~signIn",{}]
[28689][1635756945644][scratchpad][error]["SyncRequestService: This request is not allowed from scratchpad"]
[28689][1635756945646][scratchpad][info]["SyncTimelineHelper: Force stopping all timelines"]
[28689][1635756945647][scratchpad][error]["Codegen~checkAccess - Error while checking team access: ",{"error":{"message":"SyncRequestService\\x7erequest: This request not allowed from scratchpad"}}]
[28689][1635756945652][scratchpad][info]["subscribeToTeamEvents: Bailing out as team ID is not available"]
[28689][1635756946030][scratchpad][info]["SyncManagerNew~_onDisconnect"]
[28689][1635756950111][scratchpad][info]["SyncManagerNew~createSocket",{"forceConnect":true}]
[28689][1635756951793][scratchpad][info]["SyncManagerNew~_onConnect"]
[28689][1635756951800][scratchpad][info]["SyncManagerNew~signIn",{}]
[28689][1635756951804][scratchpad][error]["SyncRequestService: This request is not allowed from scratchpad"]
[28689][1635756951805][scratchpad][info]["SyncTimelineHelper: Force stopping all timelines"]
[28689][1635756951806][scratchpad][error]["Codegen~checkAccess - Error while checking team access: ",{"error":{"message":"SyncRequestService\\x7erequest: This request not allowed from scratchpad"}}]
[28689][1635756951813][scratchpad][info]["subscribeToTeamEvents: Bailing out as team ID is not available"]
[28689][1635756970607][scratchpad][info]["SyncManagerNew~_onDisconnect"]
[28689][1635756974130][scratchpad][info]["SyncManagerNew~createSocket",{"forceConnect":true}]
[28689][1635756975827][scratchpad][info]["SyncManagerNew~createSocket",{"forceConnect":true}]
[28689][1635756978822][scratchpad][info]["SyncManagerNew~createSocket",{"forceConnect":true}]
[28689][1635756980265][scratchpad][info]["SyncManagerNew~_onConnectError",{"type":"TransportError","description":{"isTrusted":true},"name":"Error","message":"websocket error","stack":"Error: websocket error\n    at WS.8626.Transport.onError (file:///snap/postman/149/usr/share/postman/resources/app/js/requester.js:68994:13)\n    at WebSocket.ws.onerror (file:///snap/postman/149/usr/share/postman/resources/app/js/requester.js:70338:10)"}]
[28689][1635756980266][scratchpad][info]["SyncManagerNew~_onReconnectScheduled",8679,1]
[28689][1635756982587][scratchpad][info]["SyncManagerNew~createSocket",{"forceConnect":true}]
[28689][1635756982596][scratchpad][info]["SyncManagerNew~_onConnectError",{"type":"TransportError","description":{"isTrusted":true},"name":"Error","message":"websocket error","stack":"Error: websocket error\n    at WS.8626.Transport.onError (file:///snap/postman/149/usr/share/postman/resources/app/js/requester.js:68994:13)\n    at WebSocket.ws.onerror (file:///snap/postman/149/usr/share/postman/resources/app/js/requester.js:70338:10)"}]
[28689][1635756982597][scratchpad][info]["SyncManagerNew~_onReconnectScheduled",7940,1]
[28689][1635756985945][scratchpad][info]["SyncManagerNew~createSocket",{"forceConnect":true}]
[28689][1635756987959][scratchpad][info]["SyncManagerNew~_onConnect"]
[28689][1635756987967][scratchpad][info]["SyncManagerNew~signIn",{}]
[28689][1635756987974][scratchpad][error]["SyncRequestService: This request is not allowed from scratchpad"]
[28689][1635756987975][scratchpad][info]["SyncTimelineHelper: Force stopping all timelines"]
[28689][1635756987976][scratchpad][error]["Codegen~checkAccess - Error while checking team access: ",{"error":{"message":"SyncRequestService\\x7erequest: This request not allowed from scratchpad"}}]
[28689][1635756987981][scratchpad][info]["subscribeToTeamEvents: Bailing out as team ID is not available"]
[28689][1635756989347][scratchpad][info]["SyncManagerNew~_onDisconnect"]
[28689][1635756993013][scratchpad][info]["SyncManagerNew~createSocket",{"forceConnect":true}]
[28689][1635756995123][scratchpad][info]["SyncManagerNew~createSocket",{"forceConnect":true}]
[28689][1635756998218][scratchpad][info]["SyncManagerNew~createSocket",{"forceConnect":true}]
[28689][1635757000076][scratchpad][info]["SyncManagerNew~_onConnect"]
[28689][1635757000084][scratchpad][info]["SyncManagerNew~signIn",{}]
[28689][1635757000090][scratchpad][error]["SyncRequestService: This request is not allowed from scratchpad"]
[28689][1635757000092][scratchpad][info]["SyncTimelineHelper: Force stopping all timelines"]
[28689][1635757000093][scratchpad][error]["Codegen~checkAccess - Error while checking team access: ",{"error":{"message":"SyncRequestService\\x7erequest: This request not allowed from scratchpad"}}]
[28689][1635757000098][scratchpad][info]["subscribeToTeamEvents: Bailing out as team ID is not available"]
[28689][1635757001533][scratchpad][info]["SyncManagerNew~_onDisconnect"]
[28689][1635757004977][scratchpad][info]["SyncManagerNew~createSocket",{"connectionMode":"watchdog"}]
[28689][1635757005117][scratchpad][info]["SyncManagerNew~createSocket",{"forceConnect":true}]
[28689][1635757009360][scratchpad][info]["SyncManagerNew~_onConnect"]
[28689][1635757009365][scratchpad][info]["SyncManagerNew~signIn",{}]
[28689][1635757009367][scratchpad][error]["SyncRequestService: This request is not allowed from scratchpad"]
[28689][1635757009368][scratchpad][info]["SyncTimelineHelper: Force stopping all timelines"]
[28689][1635757009369][scratchpad][error]["Codegen~checkAccess - Error while checking team access: ",{"error":{"message":"SyncRequestService\\x7erequest: This request not allowed from scratchpad"}}]
[28689][1635757009374][scratchpad][info]["subscribeToTeamEvents: Bailing out as team ID is not available"]
[28689][1635757010050][scratchpad][info]["SyncManagerNew~createSocket",{"forceConnect":true}]
[28689][1635757011221][scratchpad][info]["SyncManagerNew~_onConnect"]
[28689][1635757011233][scratchpad][info]["SyncManagerNew~signIn",{}]
[28689][1635757011238][scratchpad][error]["SyncRequestService: This request is not allowed from scratchpad"]
[28689][1635757011240][scratchpad][info]["SyncTimelineHelper: Force stopping all timelines"]
[28689][1635757011240][scratchpad][error]["Codegen~checkAccess - Error while checking team access: ",{"error":{"message":"SyncRequestService\\x7erequest: This request not allowed from scratchpad"}}]
[28689][1635757011250][scratchpad][info]["subscribeToTeamEvents: Bailing out as team ID is not available"]
[28689][1635757015152][scratchpad][info]["SyncManagerNew~_onDisconnect"]
[28689][1635757019261][scratchpad][info]["SyncManagerNew~createSocket",{"forceConnect":true}]
[28689][1635757021118][scratchpad][info]["SyncManagerNew~_onConnect"]
[28689][1635757021122][scratchpad][info]["SyncManagerNew~signIn",{}]
[28689][1635757021126][scratchpad][error]["SyncRequestService: This request is not allowed from scratchpad"]
[28689][1635757021126][scratchpad][info]["SyncTimelineHelper: Force stopping all timelines"]
[28689][1635757021127][scratchpad][error]["Codegen~checkAccess - Error while checking team access: ",{"error":{"message":"SyncRequestService\\x7erequest: This request not allowed from scratchpad"}}]
[28689][1635757021132][scratchpad][info]["subscribeToTeamEvents: Bailing out as team ID is not available"]
[28689][1635757026519][scratchpad][info]["SyncManagerNew~_onDisconnect"]
[28689][1635757030046][scratchpad][info]["SyncManagerNew~createSocket",{"forceConnect":true}]
[28689][1635757031956][scratchpad][info]["SyncManagerNew~_onConnect"]
[28689][1635757031961][scratchpad][info]["SyncManagerNew~signIn",{}]
[28689][1635757031967][scratchpad][error]["SyncRequestService: This request is not allowed from scratchpad"]
[28689][1635757031969][scratchpad][info]["SyncTimelineHelper: Force stopping all timelines"]
[28689][1635757031972][scratchpad][error]["Codegen~checkAccess - Error while checking team access: ",{"error":{"message":"SyncRequestService\\x7erequest: This request not allowed from scratchpad"}}]
[28689][1635757031997][scratchpad][info]["subscribeToTeamEvents: Bailing out as team ID is not available"]
[28689][1635757033996][scratchpad][info]["SyncManagerNew~_onDisconnect"]
[28689][1635757038446][scratchpad][info]["SyncManagerNew~createSocket",{"forceConnect":true}]
[28689][1635757038567][scratchpad][info]["SyncManagerNew~_onConnectError",{"type":"TransportError","description":{"isTrusted":true},"name":"Error","message":"websocket error","stack":"Error: websocket error\n    at WS.8626.Transport.onError (file:///snap/postman/149/usr/share/postman/resources/app/js/requester.js:68994:13)\n    at WebSocket.ws.onerror (file:///snap/postman/149/usr/share/postman/resources/app/js/requester.js:70338:10)"}]
[28689][1635757038568][scratchpad][info]["SyncManagerNew~_onReconnectScheduled",10332,1]
[28689][1635757041563][scratchpad][info]["SyncManagerNew~createSocket",{"forceConnect":true}]
[28689][1635757043450][scratchpad][info]["SyncManagerNew~_onConnect"]
[28689][1635757043460][scratchpad][info]["SyncManagerNew~signIn",{}]
[28689][1635757043464][scratchpad][error]["SyncRequestService: This request is not allowed from scratchpad"]
[28689][1635757043465][scratchpad][info]["SyncTimelineHelper: Force stopping all timelines"]
[28689][1635757043465][scratchpad][error]["Codegen~checkAccess - Error while checking team access: ",{"error":{"message":"SyncRequestService\\x7erequest: This request not allowed from scratchpad"}}]
[28689][1635757043472][scratchpad][info]["subscribeToTeamEvents: Bailing out as team ID is not available"]
[28689][1635757070041][scratchpad][info]["SyncManagerNew~_onDisconnect"]
[28689][1635757074055][scratchpad][info]["SyncManagerNew~createSocket",{"forceConnect":true}]
[28689][1635757078281][scratchpad][info]["SyncManagerNew~createSocket",{"forceConnect":true}]
[28689][1635757080872][scratchpad][info]["SyncManagerNew~_onConnect"]
[28689][1635757080878][scratchpad][info]["SyncManagerNew~signIn",{}]
[28689][1635757080882][scratchpad][error]["SyncRequestService: This request is not allowed from scratchpad"]
[28689][1635757080883][scratchpad][info]["SyncTimelineHelper: Force stopping all timelines"]
[28689][1635757080884][scratchpad][error]["Codegen~checkAccess - Error while checking team access: ",{"error":{"message":"SyncRequestService\\x7erequest: This request not allowed from scratchpad"}}]
[28689][1635757080891][scratchpad][info]["subscribeToTeamEvents: Bailing out as team ID is not available"]
[28689][1635757111208][scratchpad][info]["SyncManagerNew~_onDisconnect"]
[28689][1635757115196][scratchpad][info]["SyncManagerNew~createSocket",{"forceConnect":true}]
[28689][1635757117391][scratchpad][info]["SyncManagerNew~_onConnect"]
[28689][1635757117398][scratchpad][info]["SyncManagerNew~signIn",{}]
[28689][1635757117405][scratchpad][error]["SyncRequestService: This request is not allowed from scratchpad"]
[28689][1635757117406][scratchpad][info]["SyncTimelineHelper: Force stopping all timelines"]
[28689][1635757117407][scratchpad][error]["Codegen~checkAccess - Error while checking team access: ",{"error":{"message":"SyncRequestService\\x7erequest: This request not allowed from scratchpad"}}]
[28689][1635757117413][scratchpad][info]["subscribeToTeamEvents: Bailing out as team ID is not available"]
[28689][1635757131483][scratchpad][info]["SyncManagerNew~_onDisconnect"]
[28689][1635757135602][scratchpad][info]["SyncManagerNew~createSocket",{"forceConnect":true}]
[28689][1635757140157][scratchpad][info]["SyncManagerNew~createSocket",{"forceConnect":true}]
[28689][1635757142665][scratchpad][info]["SyncManagerNew~createSocket",{"forceConnect":true}]
[28689][1635757146432][scratchpad][info]["SyncManagerNew~createSocket",{"forceConnect":true}]
[28689][1635757149860][scratchpad][info]["SyncManagerNew~createSocket",{"forceConnect":true}]
[28689][1635757151272][scratchpad][info]["SyncManagerNew~_onConnect"]
[28689][1635757151280][scratchpad][info]["SyncManagerNew~signIn",{}]
[28689][1635757151284][scratchpad][error]["SyncRequestService: This request is not allowed from scratchpad"]
[28689][1635757151286][scratchpad][info]["SyncTimelineHelper: Force stopping all timelines"]
[28689][1635757151287][scratchpad][error]["Codegen~checkAccess - Error while checking team access: ",{"error":{"message":"SyncRequestService\\x7erequest: This request not allowed from scratchpad"}}]
[28689][1635757151294][scratchpad][info]["subscribeToTeamEvents: Bailing out as team ID is not available"]
[28689][1635757158210][scratchpad][info]["SyncManagerNew~_onDisconnect"]
[28689][1635757162332][scratchpad][info]["SyncManagerNew~createSocket",{"forceConnect":true}]
[28689][1635757164491][scratchpad][info]["SyncManagerNew~_onConnect"]
[28689][1635757164499][scratchpad][info]["SyncManagerNew~signIn",{}]
[28689][1635757164504][scratchpad][error]["SyncRequestService: This request is not allowed from scratchpad"]
[28689][1635757164505][scratchpad][info]["SyncTimelineHelper: Force stopping all timelines"]
[28689][1635757164506][scratchpad][error]["Codegen~checkAccess - Error while checking team access: ",{"error":{"message":"SyncRequestService\\x7erequest: This request not allowed from scratchpad"}}]
[28689][1635757164512][scratchpad][info]["subscribeToTeamEvents: Bailing out as team ID is not available"]
[28689][1635759101363][scratchpad][info]["SyncManagerNew~_onDisconnect"]
[28689][1635759404975][scratchpad][info]["SyncManagerNew~createSocket",{"connectionMode":"watchdog"}]
[28689][1635759405380][scratchpad][info]["SyncManagerNew~_onConnectError",{"type":"TransportError","description":{"isTrusted":true},"name":"Error","message":"websocket error","stack":"Error: websocket error\n    at WS.8626.Transport.onError (file:///snap/postman/149/usr/share/postman/resources/app/js/requester.js:68994:13)\n    at WebSocket.ws.onerror (file:///snap/postman/149/usr/share/postman/resources/app/js/requester.js:70338:10)"}]
[28689][1635759405381][scratchpad][info]["SyncManagerNew~_onReconnectScheduled",10958,1]
[28689][1635759416339][scratchpad][info]["SyncManagerNew~_onReconnectAttempt"]
[28689][1635759416340][scratchpad][info]["SyncManagerNew~_onReconnecting",1]
[28689][1635759416457][scratchpad][info]["SyncManagerNew~_onConnectError",{"type":"TransportError","description":{"isTrusted":true},"name":"Error","message":"websocket error","stack":"Error: websocket error\n    at WS.8626.Transport.onError (file:///snap/postman/149/usr/share/postman/resources/app/js/requester.js:68994:13)\n    at WebSocket.ws.onerror (file:///snap/postman/149/usr/share/postman/resources/app/js/requester.js:70338:10)"}]
[28689][1635759416458][scratchpad][info]["SyncManagerNew~_onReconnectFailed"]
[28689][1635759416460][scratchpad][info]["SyncManagerNew~_onReconnectError",{"type":"TransportError","description":{"isTrusted":true},"name":"Error","message":"websocket error","stack":"Error: websocket error\n    at WS.8626.Transport.onError (file:///snap/postman/149/usr/share/postman/resources/app/js/requester.js:68994:13)\n    at WebSocket.ws.onerror (file:///snap/postman/149/usr/share/postman/resources/app/js/requester.js:70338:10)"}]
[28689][1635759466848][scratchpad][info]["SyncManagerNew~createSocket",{"forceConnect":true}]
[28689][1635759469039][scratchpad][info]["SyncManagerNew~_onConnect"]
[28689][1635759469045][scratchpad][info]["SyncManagerNew~signIn",{}]
[28689][1635759469048][scratchpad][error]["SyncRequestService: This request is not allowed from scratchpad"]
[28689][1635759469049][scratchpad][info]["SyncTimelineHelper: Force stopping all timelines"]
[28689][1635759469050][scratchpad][error]["Codegen~checkAccess - Error while checking team access: ",{"error":{"message":"SyncRequestService\\x7erequest: This request not allowed from scratchpad"}}]
[28689][1635759469055][scratchpad][info]["subscribeToTeamEvents: Bailing out as team ID is not available"]
[28689][1635772811301][scratchpad][info]["SyncManagerNew~_onDisconnect"]
[28689][1635772811698][scratchpad][info]["SyncManagerNew~_onReconnectScheduled",12379,1]
[28689][1635772823894][scratchpad][info]["SyncManagerNew~_onReconnectAttempt"]
[28689][1635772823997][scratchpad][info]["SyncManagerNew~_onReconnecting",1]
[28689][1635772826152][scratchpad][info]["SyncManagerNew~_onReconnect",1]
[28689][1635772826153][scratchpad][info]["SyncManagerNew~_onConnect"]
[28689][1635772826159][scratchpad][info]["SyncManagerNew~signIn",{}]
[28689][1635772826174][scratchpad][error]["SyncRequestService: This request is not allowed from scratchpad"]
[28689][1635772826203][scratchpad][info]["SyncTimelineHelper: Force stopping all timelines"]
[28689][1635772826209][scratchpad][error]["Codegen~checkAccess - Error while checking team access: ",{"error":{"message":"SyncRequestService\\x7erequest: This request not allowed from scratchpad"}}]
[28689][1635772826236][scratchpad][info]["subscribeToTeamEvents: Bailing out as team ID is not available"]
[35584][1635831377534][scratchpad][info]["EventBus~initialize - Success"]
[35584][1635831377536][scratchpad][info]["Messaging~boot - Success"]
[35584][1635831377552][scratchpad][info]["bootCrashReporter~ Success"]
[35584][1635831377554][scratchpad][info]["Telemetry~boot - Success"]
[35584][1635831377554][scratchpad][info]["bootConfigurations~initialize - Success"]
[35584][1635831377556][scratchpad][info]["Settings~boot - Success"]
[35584][1635831377627][scratchpad][info]["bootstrapModels - Success"]
[35584][1635831377628][scratchpad][info]["WLModels~boot - Success"]
[35584][1635831377637][scratchpad][info]["Session~boot - Success"]
[35584][1635831377638][scratchpad][info]["IndependentServices~boot - Success"]
[35584][1635831377643][scratchpad][info]["AppModels~boot - Success"]
[35584][1635831377658][scratchpad][info]["Sync~boot - Success"]
[35584][1635831377670][scratchpad][info]["PostUpdateBackup~init: Success"]
[35584][1635831377671][scratchpad][info]["Shared~boot - Success"]
[35584][1635831377671][scratchpad][info]["DBWatcher~boot - Success"]
[35584][1635831377673][scratchpad][info]["ThemeManager~boot - Success"]
[35584][1635831377673][scratchpad][info]["WorkbenchService~boot - Success"]
[35584][1635831377673][scratchpad][info]["ContextBarRegistry~boot - Success"]
[35584][1635831377673][scratchpad][info]["Store~boot - Success"]
[35584][1635831377675][scratchpad][info]["Shortcuts~boot - Success"]
[35584][1635831377690][scratchpad][info]["NewConsole~boot - Success"]
[35584][1635831377701][scratchpad][info]["APIDevInterface~boot - Success"]
[35584][1635831377718][scratchpad][info]["Updater bailed! Running on Snap!"]
[35584][1635831377719][scratchpad][info]["Attempting to create IPCNode to proxy_node_process"]
[35584][1635831377723][scratchpad][info]["Requester~boot - Success"]
[35584][1635831377723][scratchpad][info]["SharedRuntimeListeners~boot - Success"]
[35584][1635831377724][scratchpad][info]["booted - scratchpad"]
[35584][1635831377828][scratchpad][info]["NavigationService ~ [BROWSER] Transitioning io the initial route with the URL:","workspace/29ba1c6f-43ab-4e23-8a6c-27c39a57a069"]
[35584][1635831377909][scratchpad][info]["CloudProxyHandler: Proxy configuration has not been setup"]
[35584][1635831377909][scratchpad][error]["IPCNode~createClient~something wrong connecting to the IPC server",{"errno":"ENOENT","code":"ENOENT","syscall":"connect","address":"/home/moonwhite/snap/postman/149/.config/Postman/proxy_node_process_prod.sock","name":"Error","message":"connect ENOENT /home/moonwhite/snap/postman/149/.config/Postman/proxy_node_process_prod.sock","stack":"Error: connect ENOENT /home/moonwhite/snap/postman/149/.config/Postman/proxy_node_process_prod.sock\n    at PipeConnectWrap.afterConnect [as oncomplete] (net.js:1141:16)"}]
[35584][1635831380618][scratchpad][info]["SessionValidation - Registering listener"]
[35584][1635831380698][scratchpad][info]["UI pulled the session locked information on init"]
[35584][1635835941742][scratchpad][info]["SyncManagerNew~setSync",true]
[35584][1635835941745][scratchpad][info]["SyncManagerNew~signIn",{"forceConnect":true}]
[35584][1635835941752][scratchpad][info]["SyncManagerNew~createSocket",{"forceConnect":true}]
[35584][1635835941757][scratchpad][info]["SyncManagerNew~createSocket","sailsIO.connect",{"url":"https://bifrost-public-v4.gw.postman.com","opts":{"reconnectionDelay":10000,"reconnectionDelayMax":60000,"reconnectionAttempts":8,"randomizationFactor":0.3}}]
[35584][1635835943488][scratchpad][info]["SyncManagerNew~_onConnect"]
[35584][1635835943537][scratchpad][info]["SyncManagerNew~signIn",{}]
[35584][1635835943544][scratchpad][error]["CommentsContributor~fetchRequestCommentsCount: Failed to fetch comments count"]
[35584][1635835943554][scratchpad][error]["SyncRequestService: This request is not allowed from scratchpad"]
[35584][1635835943555][scratchpad][info]["SyncTimelineHelper: Force stopping all timelines"]
[35584][1635835943556][scratchpad][error]["Codegen~checkAccess - Error while checking team access: ",{"error":{"message":"SyncRequestService\\x7erequest: This request not allowed from scratchpad"}}]
[35584][1635835943567][scratchpad][info]["subscribeToTeamEvents: Bailing out as team ID is not available"]
[35584][1635837548208][scratchpad][error]["CommentsContributor~fetchRequestCommentsCount: Failed to fetch comments count"]
[35584][1635837709033][scratchpad][error]["CommentsContributor~fetchRequestCommentsCount: Failed to fetch comments count"]
[35584][1635851803586][scratchpad][info]["SyncManagerNew~_onDisconnect"]
[35584][1635851803767][scratchpad][info]["SyncManagerNew~_onReconnectScheduled",9264,1]
[35584][1635851812990][scratchpad][info]["SyncManagerNew~_onReconnectAttempt"]
[35584][1635851813120][scratchpad][info]["SyncManagerNew~_onReconnecting",1]
[35584][1635851823289][scratchpad][info]["SyncManagerNew~_onConnectError",{"type":"TransportError","description":{"isTrusted":true},"name":"Error","message":"websocket error","stack":"Error: websocket error\n    at WS.8626.Transport.onError (file:///snap/postman/149/usr/share/postman/resources/app/js/requester.js:68994:13)\n    at WebSocket.ws.onerror (file:///snap/postman/149/usr/share/postman/resources/app/js/requester.js:70338:10)"}]
[35584][1635851823290][scratchpad][info]["SyncManagerNew~_onReconnectError",{"type":"TransportError","description":{"isTrusted":true},"name":"Error","message":"websocket error","stack":"Error: websocket error\n    at WS.8626.Transport.onError (file:///snap/postman/149/usr/share/postman/resources/app/js/requester.js:68994:13)\n    at WebSocket.ws.onerror (file:///snap/postman/149/usr/share/postman/resources/app/js/requester.js:70338:10)"}]
[35584][1635851823291][scratchpad][info]["SyncManagerNew~_onReconnectScheduled",17011,2]
[35584][1635851840301][scratchpad][info]["SyncManagerNew~_onReconnectAttempt"]
[35584][1635851840302][scratchpad][info]["SyncManagerNew~_onReconnecting",2]
[35584][1635851850426][scratchpad][info]["SyncManagerNew~_onConnectError",{"type":"TransportError","description":{"isTrusted":true},"name":"Error","message":"websocket error","stack":"Error: websocket error\n    at WS.8626.Transport.onError (file:///snap/postman/149/usr/share/postman/resources/app/js/requester.js:68994:13)\n    at WebSocket.ws.onerror (file:///snap/postman/149/usr/share/postman/resources/app/js/requester.js:70338:10)"}]
[35584][1635851850426][scratchpad][info]["SyncManagerNew~_onReconnectError",{"type":"TransportError","description":{"isTrusted":true},"name":"Error","message":"websocket error","stack":"Error: websocket error\n    at WS.8626.Transport.onError (file:///snap/postman/149/usr/share/postman/resources/app/js/requester.js:68994:13)\n    at WebSocket.ws.onerror (file:///snap/postman/149/usr/share/postman/resources/app/js/requester.js:70338:10)"}]
[35584][1635851850427][scratchpad][info]["SyncManagerNew~_onReconnectScheduled",48779,3]
[35584][1635851899205][scratchpad][info]["SyncManagerNew~_onReconnectAttempt"]
[35584][1635851899206][scratchpad][info]["SyncManagerNew~_onReconnecting",3]
[35584][1635851901074][scratchpad][info]["SyncManagerNew~_onReconnect",3]
[35584][1635851901075][scratchpad][info]["SyncManagerNew~_onConnect"]
[35584][1635851901194][scratchpad][info]["SyncManagerNew~signIn",{}]
[35584][1635851901198][scratchpad][error]["SyncRequestService: This request is not allowed from scratchpad"]
[35584][1635851901213][scratchpad][info]["SyncTimelineHelper: Force stopping all timelines"]
[35584][1635851901216][scratchpad][error]["Codegen~checkAccess - Error while checking team access: ",{"error":{"message":"SyncRequestService\\x7erequest: This request not allowed from scratchpad"}}]
[35584][1635851901236][scratchpad][info]["subscribeToTeamEvents: Bailing out as team ID is not available"]
[10915][1635915233125][scratchpad][info]["EventBus~initialize - Success"]
[10915][1635915233126][scratchpad][info]["Messaging~boot - Success"]
[10915][1635915233143][scratchpad][info]["bootCrashReporter~ Success"]
[10915][1635915233144][scratchpad][info]["Telemetry~boot - Success"]
[10915][1635915233145][scratchpad][info]["bootConfigurations~initialize - Success"]
[10915][1635915233148][scratchpad][info]["Settings~boot - Success"]
[10915][1635915233226][scratchpad][info]["bootstrapModels - Success"]
[10915][1635915233227][scratchpad][info]["WLModels~boot - Success"]
[10915][1635915233233][scratchpad][info]["Session~boot - Success"]
[10915][1635915233234][scratchpad][info]["IndependentServices~boot - Success"]
[10915][1635915233239][scratchpad][info]["AppModels~boot - Success"]
[10915][1635915233258][scratchpad][info]["Sync~boot - Success"]
[10915][1635915233269][scratchpad][info]["PostUpdateBackup~init: Success"]
[10915][1635915233270][scratchpad][info]["Shared~boot - Success"]
[10915][1635915233271][scratchpad][info]["DBWatcher~boot - Success"]
[10915][1635915233273][scratchpad][info]["ThemeManager~boot - Success"]
[10915][1635915233273][scratchpad][info]["WorkbenchService~boot - Success"]
[10915][1635915233274][scratchpad][info]["ContextBarRegistry~boot - Success"]
[10915][1635915233274][scratchpad][info]["Store~boot - Success"]
[10915][1635915233275][scratchpad][info]["Shortcuts~boot - Success"]
[10915][1635915233297][scratchpad][info]["NewConsole~boot - Success"]
[10915][1635915233300][scratchpad][info]["APIDevInterface~boot - Success"]
[10915][1635915233322][scratchpad][info]["Updater bailed! Running on Snap!"]
[10915][1635915233323][scratchpad][info]["Attempting to create IPCNode to proxy_node_process"]
[10915][1635915233328][scratchpad][info]["Requester~boot - Success"]
[10915][1635915233329][scratchpad][info]["SharedRuntimeListeners~boot - Success"]
[10915][1635915233331][scratchpad][info]["booted - scratchpad"]
[10915][1635915233441][scratchpad][info]["NavigationService ~ [BROWSER] Transitioning io the initial route with the URL:","workspace/29ba1c6f-43ab-4e23-8a6c-27c39a57a069"]
[10915][1635915233533][scratchpad][info]["CloudProxyHandler: Proxy configuration has not been setup"]
[10915][1635915233534][scratchpad][error]["IPCNode~createClient~something wrong connecting to the IPC server",{"errno":"ENOENT","code":"ENOENT","syscall":"connect","address":"/home/moonwhite/snap/postman/149/.config/Postman/proxy_node_process_prod.sock","name":"Error","message":"connect ENOENT /home/moonwhite/snap/postman/149/.config/Postman/proxy_node_process_prod.sock","stack":"Error: connect ENOENT /home/moonwhite/snap/postman/149/.config/Postman/proxy_node_process_prod.sock\n    at PipeConnectWrap.afterConnect [as oncomplete] (net.js:1141:16)"}]
[10915][1635915235466][scratchpad][info]["SessionValidation - Registering listener"]
[10915][1635915235537][scratchpad][info]["UI pulled the session locked information on init"]
