[28689][1635749707259][shell][info]["EventBus~initialize - Success"]
[28689][1635749707291][shell][info]["bootShellCrashReporter~ Success"]
[28689][1635749707300][shell][info]["shellController~init: Success"]
[28689][1635749707300][shell][info]["shellMeta~init: Success"]
[28689][1635749707300][shell][info]["partitionMigrationService: State of V7 partition:"]
[28689][1635749707300][shell][info]["partitionMigrationService: V7 partitions",[]]
[28689][1635749707300][shell][info]["partitionMigrationService: V7 lastActiveUser",null]
[28689][1635749707301][shell][info]["partitionMigrationService: V7 activePartition",null]
[28689][1635749707301][shell][info]["partitionMigrationService: V7 isPartitionDirty",null]
[28689][1635749707301][shell][info]["partitionMigrationService~rectifyNamespaceOfScratchPadPartition: There is no partition with scratchpad namespace"]
[28689][1635749707301][shell][info]["partitionMigrationService~rectifyNamespaceOfScratchPadPartition: There is no transit partition which could have been used for scratchpad"]
[28689][1635749707301][shell][info]["partitionMigrationService~init: Success"]
[28689][1635749707302][shell][info]["partitionMigrationService~runV8PartitionsIntegrity: Two way migration~ removing the following partitions from v8",[]]
[28689][1635749707302][shell][info]["userPartitionService~_rectifyTheActivePartitionOfApplication: Setting the active partition to ",null]
[28689][1635749707302][shell][info]["userPartitionService~init: Success"]
[28689][1635749707303][shell][info]["userPartitionService: State of v8 partition system:"]
[28689][1635749707303][shell][info]["userPartitionService: List of partitions:",[]]
[28689][1635749707303][shell][info]["userPartitionService: users global meta:",{"activePartition":null}]
[28689][1635749707304][shell][info]["shell~init~loadView: loading scratchpad partition"]
[28689][1635749707307][shell][info]["shell~init~loadView: loading active partition","72c075c9-3c35-4186-b5ab-23fd6dcb0ae9"]
[28689][1635749707308][shell][info]["init~setViewAttributes - Initializing view with opts:",{"id":2,"type":"shared","startTime":1635749701420,"devtools":false,"partitionId":"72c075c9-3c35-4186-b5ab-23fd6dcb0ae9"}]
[28689][1635749707308][shell][info]["Shell~init~setViewAttributes: passing scratchpad partition id as ","72c075c9-3c35-4186-b5ab-23fd6dcb0ae9"]
[28689][1635749707308][shell][info]["Shell~init~setViewAttributes: do we have any logged in users? ",false]
[28689][1635749707309][shell][info]["init~setViewAttributes - Success"]
[28689][1635749710155][shell][info]["Shell~init~sendUsersDataToRenderer",[]]
[28689][1635749710156][shell][info]["Shell~init~requestTeamIdIfV7Partition: requesting user context from requester web view"]
[28689][1635749710190][shell][info]["Shell~init~attachShellIPCListeners: Received user context from requester web view",{"userId":"0","teamId":"0"}]
[28689][1635749710366][shell][info]["EventBus~initialize - Success"]
[28689][1635749710373][shell][info]["bootShellCrashReporter~ Success"]
[28689][1635749710382][shell][info]["userPartitionService: State of v8 partition system:"]
[28689][1635749710382][shell][info]["userPartitionService: List of partitions:",[{"partitionId":"72c075c9-3c35-4186-b5ab-23fd6dcb0ae9","namespace":"scratchPad","userId":0,"teamId":0,"isDirty":false}]]
[28689][1635749710383][shell][info]["userPartitionService: users global meta:",{"activePartition":"72c075c9-3c35-4186-b5ab-23fd6dcb0ae9"}]
[28689][1635749710383][shell][info]["shell~init~loadView: loading active partition"]
[28689][1635749710383][shell][info]["shell~init~loadView: loading active partition","72c075c9-3c35-4186-b5ab-23fd6dcb0ae9"]
[28689][1635749710384][shell][info]["init~setViewAttributes - Initializing view with opts:",{"id":3,"type":"requester","startTime":1635749710170,"devtools":false,"primaryId":3,"allIds":[3],"partitionId":"72c075c9-3c35-4186-b5ab-23fd6dcb0ae9"}]
[28689][1635749710385][shell][info]["Shell~init~setViewAttributes: passing scratchpad partition id as ","72c075c9-3c35-4186-b5ab-23fd6dcb0ae9"]
[28689][1635749710385][shell][info]["Shell~init~setViewAttributes: do we have any logged in users? ",false]
[28689][1635749710386][shell][info]["init~setViewAttributes - Success"]
[28689][1635749712995][shell][info]["Shell~init~sendUsersDataToRenderer",[]]
[28689][1635749713031][shell][info]["Shell~init~sendUsersDataToRenderer",[]]
[28689][1635749718805][shell][info]["Shell~init~addNewUser: using transit partition","6df2b7f9-5a68-41c0-ab97-f31f7c577af6"]
[28689][1635749718806][shell][info]["shell~init~loadView: loading active partition","6df2b7f9-5a68-41c0-ab97-f31f7c577af6"]
[28689][1635749718806][shell][info]["init~setViewAttributes - Initializing view with opts:",{"id":2,"partitionId":"6df2b7f9-5a68-41c0-ab97-f31f7c577af6","newUser":true,"type":"shared"}]
[28689][1635749718807][shell][info]["Shell~init~setViewAttributes: passing scratchpad partition id as ","72c075c9-3c35-4186-b5ab-23fd6dcb0ae9"]
[28689][1635749718807][shell][info]["Shell~init~setViewAttributes: do we have any logged in users? ",false]
[28689][1635749718807][shell][info]["init~setViewAttributes - Success"]
[28689][1635749720894][shell][info]["Shell~init~sendUsersDataToRenderer",[]]
[28689][1635749721072][shell][info]["EventBus~initialize - Success"]
[28689][1635749721077][shell][info]["bootShellCrashReporter~ Success"]
[28689][1635749721087][shell][info]["userPartitionService: State of v8 partition system:"]
[28689][1635749721088][shell][info]["userPartitionService: List of partitions:",[{"partitionId":"6df2b7f9-5a68-41c0-ab97-f31f7c577af6","namespace":"users","userId":0,"teamId":0,"lastUpdated":"2021-11-01T06:55:18.805Z"},{"partitionId":"72c075c9-3c35-4186-b5ab-23fd6dcb0ae9","namespace":"scratchPad","userId":0,"teamId":0,"isDirty":false}]]
[28689][1635749721088][shell][info]["userPartitionService: users global meta:",{"activePartition":"6df2b7f9-5a68-41c0-ab97-f31f7c577af6"}]
[28689][1635749721088][shell][info]["shell~init~loadView: loading active partition"]
[28689][1635749721088][shell][info]["shell~init~loadView: loading active partition","6df2b7f9-5a68-41c0-ab97-f31f7c577af6"]
[28689][1635749721089][shell][info]["init~setViewAttributes - Initializing view with opts:",{"id":6,"type":"requester","startTime":1635749720900,"devtools":false,"primaryId":6,"allIds":[6],"partitionId":"6df2b7f9-5a68-41c0-ab97-f31f7c577af6"}]
[28689][1635749721089][shell][info]["Shell~init~setViewAttributes: passing scratchpad partition id as ","72c075c9-3c35-4186-b5ab-23fd6dcb0ae9"]
[28689][1635749721090][shell][info]["Shell~init~setViewAttributes: do we have any logged in users? ",false]
[28689][1635749721090][shell][info]["init~setViewAttributes - Success"]
[28689][1635749723064][shell][info]["Shell~init~sendUsersDataToRenderer",[]]
[28689][1635749723090][shell][info]["Shell~init~sendUsersDataToRenderer",[]]
[28689][1635750401016][shell][info]["Shell~init~cancelUserLogin"]
[28689][1635750401016][shell][info]["Shell~init~cancelUserLogin: there is no recent user to switch. Loading scratchPad"]
[28689][1635750401017][shell][info]["Shell~init~cancelUserLogin: switching to partition","72c075c9-3c35-4186-b5ab-23fd6dcb0ae9"]
[28689][1635750401017][shell][info]["Shell~init~switchPartition: switching to partition","72c075c9-3c35-4186-b5ab-23fd6dcb0ae9"]
[28689][1635750401041][shell][info]["shell~init~loadView: loading active partition","72c075c9-3c35-4186-b5ab-23fd6dcb0ae9"]
[28689][1635750401042][shell][info]["init~setViewAttributes - Initializing view with opts:",{"id":2,"partitionId":"72c075c9-3c35-4186-b5ab-23fd6dcb0ae9","switchUser":true,"type":"shared"}]
[28689][1635750401043][shell][info]["Shell~init~setViewAttributes: passing scratchpad partition id as ","72c075c9-3c35-4186-b5ab-23fd6dcb0ae9"]
[28689][1635750401043][shell][info]["Shell~init~setViewAttributes: do we have any logged in users? ",false]
[28689][1635750401043][shell][info]["init~setViewAttributes - Success"]
[28689][1635750402824][shell][info]["Shell~init~sendUsersDataToRenderer",[]]
[28689][1635750402825][shell][info]["Shell~init~requestTeamIdIfV7Partition: requesting user context from requester web view"]
[28689][1635750402847][shell][info]["Shell~init~attachShellIPCListeners: Received user context from requester web view",{"userId":"0","teamId":"0"}]
[28689][1635750403029][shell][info]["EventBus~initialize - Success"]
[28689][1635750403034][shell][info]["bootShellCrashReporter~ Success"]
[28689][1635750403044][shell][info]["userPartitionService: State of v8 partition system:"]
[28689][1635750403044][shell][info]["userPartitionService: List of partitions:",[{"partitionId":"6df2b7f9-5a68-41c0-ab97-f31f7c577af6","namespace":"users","userId":0,"teamId":0,"lastUpdated":"2021-11-01T06:55:18.805Z"},{"partitionId":"72c075c9-3c35-4186-b5ab-23fd6dcb0ae9","namespace":"scratchPad","userId":0,"teamId":0,"isDirty":false}]]
[28689][1635750403045][shell][info]["userPartitionService: users global meta:",{"activePartition":"72c075c9-3c35-4186-b5ab-23fd6dcb0ae9"}]
[28689][1635750403045][shell][info]["shell~init~loadView: loading active partition"]
[28689][1635750403045][shell][info]["shell~init~loadView: loading active partition","72c075c9-3c35-4186-b5ab-23fd6dcb0ae9"]
[28689][1635750403046][shell][info]["init~setViewAttributes - Initializing view with opts:",{"id":8,"type":"requester","startTime":1635750402829,"devtools":false,"primaryId":8,"allIds":[8],"partitionId":"72c075c9-3c35-4186-b5ab-23fd6dcb0ae9"}]
[28689][1635750403046][shell][info]["Shell~init~setViewAttributes: passing scratchpad partition id as ","72c075c9-3c35-4186-b5ab-23fd6dcb0ae9"]
[28689][1635750403047][shell][info]["Shell~init~setViewAttributes: do we have any logged in users? ",false]
[28689][1635750403047][shell][info]["init~setViewAttributes - Success"]
[28689][1635750405031][shell][info]["Shell~init~sendUsersDataToRenderer",[]]
[28689][1635750405060][shell][info]["Shell~init~sendUsersDataToRenderer",[]]
[35584][1635831372540][shell][info]["EventBus~initialize - Success"]
[35584][1635831372570][shell][info]["bootShellCrashReporter~ Success"]
[35584][1635831372579][shell][info]["shellController~init: Success"]
[35584][1635831372579][shell][info]["shellMeta~init: Success"]
[35584][1635831372579][shell][info]["partitionMigrationService: State of V7 partition:"]
[35584][1635831372579][shell][info]["partitionMigrationService: V7 partitions",[]]
[35584][1635831372579][shell][info]["partitionMigrationService: V7 lastActiveUser",null]
[35584][1635831372579][shell][info]["partitionMigrationService: V7 activePartition",null]
[35584][1635831372580][shell][info]["partitionMigrationService: V7 isPartitionDirty",null]
[35584][1635831372580][shell][info]["partitionMigrationService~init: Success"]
[35584][1635831372580][shell][info]["partitionMigrationService~runV8PartitionsIntegrity: Two way migration~ removing the following partitions from v8",[]]
[35584][1635831372581][shell][info]["userPartitionService~_rectifyTheActivePartitionOfApplication: Setting the active partition to ",null]
[35584][1635831372581][shell][info]["userPartitionService~init: Success"]
[35584][1635831372581][shell][info]["userPartitionService: State of v8 partition system:"]
[35584][1635831372581][shell][info]["userPartitionService: List of partitions:",[{"partitionId":"6df2b7f9-5a68-41c0-ab97-f31f7c577af6","namespace":"users","userId":0,"teamId":0,"lastUpdated":"2021-11-01T06:55:18.805Z"},{"partitionId":"72c075c9-3c35-4186-b5ab-23fd6dcb0ae9","namespace":"scratchPad","userId":0,"teamId":0,"isDirty":false}]]
[35584][1635831372582][shell][info]["userPartitionService: users global meta:",{"activePartition":null}]
[35584][1635831372582][shell][info]["shell~init~loadView: loading scratchpad partition"]
[35584][1635831372582][shell][info]["shell~init~loadView: loading active partition","72c075c9-3c35-4186-b5ab-23fd6dcb0ae9"]
[35584][1635831372583][shell][info]["init~setViewAttributes - Initializing view with opts:",{"id":2,"type":"shared","startTime":1635831370981,"devtools":false,"partitionId":"72c075c9-3c35-4186-b5ab-23fd6dcb0ae9"}]
[35584][1635831372583][shell][info]["Shell~init~setViewAttributes: passing scratchpad partition id as ","72c075c9-3c35-4186-b5ab-23fd6dcb0ae9"]
[35584][1635831372584][shell][info]["Shell~init~setViewAttributes: do we have any logged in users? ",false]
[35584][1635831372584][shell][info]["init~setViewAttributes - Success"]
[35584][1635831375138][shell][info]["Shell~init~sendUsersDataToRenderer",[]]
[35584][1635831375139][shell][info]["Shell~init~requestTeamIdIfV7Partition: requesting user context from requester web view"]
[35584][1635831375164][shell][info]["Shell~init~attachShellIPCListeners: Received user context from requester web view",{"userId":"0","teamId":"0"}]
[35584][1635831375334][shell][info]["EventBus~initialize - Success"]
[35584][1635831375339][shell][info]["bootShellCrashReporter~ Success"]
[35584][1635831375348][shell][info]["userPartitionService: State of v8 partition system:"]
[35584][1635831375348][shell][info]["userPartitionService: List of partitions:",[{"partitionId":"6df2b7f9-5a68-41c0-ab97-f31f7c577af6","namespace":"users","userId":0,"teamId":0,"lastUpdated":"2021-11-01T06:55:18.805Z"},{"partitionId":"72c075c9-3c35-4186-b5ab-23fd6dcb0ae9","namespace":"scratchPad","userId":0,"teamId":0,"isDirty":false}]]
[35584][1635831375348][shell][info]["userPartitionService: users global meta:",{"activePartition":"72c075c9-3c35-4186-b5ab-23fd6dcb0ae9"}]
[35584][1635831375349][shell][info]["shell~init~loadView: loading active partition"]
[35584][1635831375349][shell][info]["shell~init~loadView: loading active partition","72c075c9-3c35-4186-b5ab-23fd6dcb0ae9"]
[35584][1635831375350][shell][info]["init~setViewAttributes - Initializing view with opts:",{"id":3,"type":"requester","startTime":1635831375152,"devtools":false,"primaryId":3,"allIds":[3],"partitionId":"72c075c9-3c35-4186-b5ab-23fd6dcb0ae9"}]
[35584][1635831375350][shell][info]["Shell~init~setViewAttributes: passing scratchpad partition id as ","72c075c9-3c35-4186-b5ab-23fd6dcb0ae9"]
[35584][1635831375350][shell][info]["Shell~init~setViewAttributes: do we have any logged in users? ",false]
[35584][1635831375351][shell][info]["init~setViewAttributes - Success"]
[35584][1635831377727][shell][info]["Shell~init~sendUsersDataToRenderer",[]]
[35584][1635831377755][shell][info]["Shell~init~sendUsersDataToRenderer",[]]
[10915][1635915227865][shell][info]["EventBus~initialize - Success"]
[10915][1635915227896][shell][info]["bootShellCrashReporter~ Success"]
[10915][1635915227904][shell][info]["shellController~init: Success"]
[10915][1635915227905][shell][info]["shellMeta~init: Success"]
[10915][1635915227905][shell][info]["partitionMigrationService: State of V7 partition:"]
[10915][1635915227905][shell][info]["partitionMigrationService: V7 partitions",[]]
[10915][1635915227905][shell][info]["partitionMigrationService: V7 lastActiveUser",null]
[10915][1635915227905][shell][info]["partitionMigrationService: V7 activePartition",null]
[10915][1635915227905][shell][info]["partitionMigrationService: V7 isPartitionDirty",null]
[10915][1635915227906][shell][info]["partitionMigrationService~init: Success"]
[10915][1635915227906][shell][info]["partitionMigrationService~runV8PartitionsIntegrity: Two way migration~ removing the following partitions from v8",[]]
[10915][1635915227906][shell][info]["userPartitionService~_rectifyTheActivePartitionOfApplication: Setting the active partition to ",null]
[10915][1635915227907][shell][info]["userPartitionService~init: Success"]
[10915][1635915227907][shell][info]["userPartitionService: State of v8 partition system:"]
[10915][1635915227907][shell][info]["userPartitionService: List of partitions:",[{"partitionId":"6df2b7f9-5a68-41c0-ab97-f31f7c577af6","namespace":"users","userId":0,"teamId":0,"lastUpdated":"2021-11-01T06:55:18.805Z"},{"partitionId":"72c075c9-3c35-4186-b5ab-23fd6dcb0ae9","namespace":"scratchPad","userId":0,"teamId":0,"isDirty":false}]]
[10915][1635915227908][shell][info]["userPartitionService: users global meta:",{"activePartition":null}]
[10915][1635915227908][shell][info]["shell~init~loadView: loading scratchpad partition"]
[10915][1635915227908][shell][info]["shell~init~loadView: loading active partition","72c075c9-3c35-4186-b5ab-23fd6dcb0ae9"]
[10915][1635915227909][shell][info]["init~setViewAttributes - Initializing view with opts:",{"id":2,"type":"shared","startTime":1635915226697,"devtools":false,"partitionId":"72c075c9-3c35-4186-b5ab-23fd6dcb0ae9"}]
[10915][1635915227909][shell][info]["Shell~init~setViewAttributes: passing scratchpad partition id as ","72c075c9-3c35-4186-b5ab-23fd6dcb0ae9"]
[10915][1635915227909][shell][info]["Shell~init~setViewAttributes: do we have any logged in users? ",false]
[10915][1635915227910][shell][info]["init~setViewAttributes - Success"]
[10915][1635915230349][shell][info]["Shell~init~sendUsersDataToRenderer",[]]
[10915][1635915230349][shell][info]["Shell~init~requestTeamIdIfV7Partition: requesting user context from requester web view"]
[10915][1635915230385][shell][info]["Shell~init~attachShellIPCListeners: Received user context from requester web view",{"userId":"0","teamId":"0"}]
[10915][1635915230582][shell][info]["EventBus~initialize - Success"]
[10915][1635915230587][shell][info]["bootShellCrashReporter~ Success"]
[10915][1635915230595][shell][info]["userPartitionService: State of v8 partition system:"]
[10915][1635915230596][shell][info]["userPartitionService: List of partitions:",[{"partitionId":"6df2b7f9-5a68-41c0-ab97-f31f7c577af6","namespace":"users","userId":0,"teamId":0,"lastUpdated":"2021-11-01T06:55:18.805Z"},{"partitionId":"72c075c9-3c35-4186-b5ab-23fd6dcb0ae9","namespace":"scratchPad","userId":0,"teamId":0,"isDirty":false}]]
[10915][1635915230596][shell][info]["userPartitionService: users global meta:",{"activePartition":"72c075c9-3c35-4186-b5ab-23fd6dcb0ae9"}]
[10915][1635915230596][shell][info]["shell~init~loadView: loading active partition"]
[10915][1635915230596][shell][info]["shell~init~loadView: loading active partition","72c075c9-3c35-4186-b5ab-23fd6dcb0ae9"]
[10915][1635915230597][shell][info]["init~setViewAttributes - Initializing view with opts:",{"id":3,"type":"requester","startTime":1635915230367,"devtools":false,"primaryId":3,"allIds":[3],"partitionId":"72c075c9-3c35-4186-b5ab-23fd6dcb0ae9"}]
[10915][1635915230598][shell][info]["Shell~init~setViewAttributes: passing scratchpad partition id as ","72c075c9-3c35-4186-b5ab-23fd6dcb0ae9"]
[10915][1635915230598][shell][info]["Shell~init~setViewAttributes: do we have any logged in users? ",false]
[10915][1635915230599][shell][info]["init~setViewAttributes - Success"]
[10915][1635915233333][shell][info]["Shell~init~sendUsersDataToRenderer",[]]
[10915][1635915233361][shell][info]["Shell~init~sendUsersDataToRenderer",[]]
[27160][1635922048146][shell][info]["EventBus~initialize - Success"]
[27160][1635922048152][shell][info]["bootShellCrashReporter~ Success"]
[27160][1635922048164][shell][info]["shellController~init: Success"]
[27160][1635922048164][shell][info]["shellMeta~init: Success"]
[27160][1635922048164][shell][info]["partitionMigrationService: State of V7 partition:"]
[27160][1635922048165][shell][info]["partitionMigrationService: V7 partitions",[]]
[27160][1635922048165][shell][info]["partitionMigrationService: V7 lastActiveUser",null]
[27160][1635922048165][shell][info]["partitionMigrationService: V7 activePartition",null]
[27160][1635922048165][shell][info]["partitionMigrationService: V7 isPartitionDirty",null]
[27160][1635922048165][shell][info]["partitionMigrationService~init: Success"]
[27160][1635922048166][shell][info]["partitionMigrationService~runV8PartitionsIntegrity: Two way migration~ removing the following partitions from v8",[]]
[27160][1635922048166][shell][info]["userPartitionService~_rectifyTheActivePartitionOfApplication: Setting the active partition to ",null]
[27160][1635922048166][shell][info]["userPartitionService~init: Success"]
[27160][1635922048167][shell][info]["userPartitionService: State of v8 partition system:"]
[27160][1635922048167][shell][info]["userPartitionService: List of partitions:",[{"partitionId":"6df2b7f9-5a68-41c0-ab97-f31f7c577af6","namespace":"users","userId":0,"teamId":0,"lastUpdated":"2021-11-01T06:55:18.805Z"},{"partitionId":"72c075c9-3c35-4186-b5ab-23fd6dcb0ae9","namespace":"scratchPad","userId":0,"teamId":0,"isDirty":false}]]
[27160][1635922048168][shell][info]["userPartitionService: users global meta:",{"activePartition":null}]
[27160][1635922048168][shell][info]["shell~init~loadView: loading scratchpad partition"]
[27160][1635922048169][shell][info]["shell~init~loadView: loading active partition","72c075c9-3c35-4186-b5ab-23fd6dcb0ae9"]
[27160][1635922048170][shell][info]["init~setViewAttributes - Initializing view with opts:",{"id":2,"type":"shared","startTime":1635922047925,"devtools":false,"partitionId":"72c075c9-3c35-4186-b5ab-23fd6dcb0ae9"}]
[27160][1635922048171][shell][info]["Shell~init~setViewAttributes: passing scratchpad partition id as ","72c075c9-3c35-4186-b5ab-23fd6dcb0ae9"]
[27160][1635922048171][shell][info]["Shell~init~setViewAttributes: do we have any logged in users? ",false]
[27160][1635922048172][shell][info]["init~setViewAttributes - Success"]
[27160][1635922050191][shell][info]["Shell~init~sendUsersDataToRenderer",[]]
[27160][1635922050192][shell][info]["Shell~init~requestTeamIdIfV7Partition: requesting user context from requester web view"]
[27160][1635922050218][shell][info]["Shell~init~attachShellIPCListeners: Received user context from requester web view",{"userId":"0","teamId":"0"}]
[27160][1635922050426][shell][info]["EventBus~initialize - Success"]
[27160][1635922050431][shell][info]["bootShellCrashReporter~ Success"]
[27160][1635922050443][shell][info]["userPartitionService: State of v8 partition system:"]
[27160][1635922050443][shell][info]["userPartitionService: List of partitions:",[{"partitionId":"6df2b7f9-5a68-41c0-ab97-f31f7c577af6","namespace":"users","userId":0,"teamId":0,"lastUpdated":"2021-11-01T06:55:18.805Z"},{"partitionId":"72c075c9-3c35-4186-b5ab-23fd6dcb0ae9","namespace":"scratchPad","userId":0,"teamId":0,"isDirty":false}]]
[27160][1635922050444][shell][info]["userPartitionService: users global meta:",{"activePartition":"72c075c9-3c35-4186-b5ab-23fd6dcb0ae9"}]
[27160][1635922050444][shell][info]["shell~init~loadView: loading active partition"]
[27160][1635922050444][shell][info]["shell~init~loadView: loading active partition","72c075c9-3c35-4186-b5ab-23fd6dcb0ae9"]
[27160][1635922050445][shell][info]["init~setViewAttributes - Initializing view with opts:",{"id":3,"type":"requester","startTime":1635922050210,"devtools":false,"primaryId":3,"allIds":[3],"partitionId":"72c075c9-3c35-4186-b5ab-23fd6dcb0ae9"}]
[27160][1635922050445][shell][info]["Shell~init~setViewAttributes: passing scratchpad partition id as ","72c075c9-3c35-4186-b5ab-23fd6dcb0ae9"]
[27160][1635922050445][shell][info]["Shell~init~setViewAttributes: do we have any logged in users? ",false]
[27160][1635922050446][shell][info]["init~setViewAttributes - Success"]
[27160][1635922052645][shell][info]["Shell~init~sendUsersDataToRenderer",[]]
[27160][1635922052675][shell][info]["Shell~init~sendUsersDataToRenderer",[]]
[6134][1635926436276][shell][info]["EventBus~initialize - Success"]
[6134][1635926436308][shell][info]["bootShellCrashReporter~ Success"]
[6134][1635926436317][shell][info]["shellController~init: Success"]
[6134][1635926436317][shell][info]["shellMeta~init: Success"]
[6134][1635926436317][shell][info]["partitionMigrationService: State of V7 partition:"]
[6134][1635926436317][shell][info]["partitionMigrationService: V7 partitions",[]]
[6134][1635926436317][shell][info]["partitionMigrationService: V7 lastActiveUser",null]
[6134][1635926436318][shell][info]["partitionMigrationService: V7 activePartition",null]
[6134][1635926436318][shell][info]["partitionMigrationService: V7 isPartitionDirty",null]
[6134][1635926436318][shell][info]["partitionMigrationService~init: Success"]
[6134][1635926436318][shell][info]["partitionMigrationService~runV8PartitionsIntegrity: Two way migration~ removing the following partitions from v8",[]]
[6134][1635926436319][shell][info]["userPartitionService~_rectifyTheActivePartitionOfApplication: Setting the active partition to ",null]
[6134][1635926436319][shell][info]["userPartitionService~init: Success"]
[6134][1635926436319][shell][info]["userPartitionService: State of v8 partition system:"]
[6134][1635926436320][shell][info]["userPartitionService: List of partitions:",[{"partitionId":"6df2b7f9-5a68-41c0-ab97-f31f7c577af6","namespace":"users","userId":0,"teamId":0,"lastUpdated":"2021-11-01T06:55:18.805Z"},{"partitionId":"72c075c9-3c35-4186-b5ab-23fd6dcb0ae9","namespace":"scratchPad","userId":0,"teamId":0,"isDirty":false}]]
[6134][1635926436320][shell][info]["userPartitionService: users global meta:",{"activePartition":null}]
[6134][1635926436320][shell][info]["shell~init~loadView: loading scratchpad partition"]
[6134][1635926436321][shell][info]["shell~init~loadView: loading active partition","72c075c9-3c35-4186-b5ab-23fd6dcb0ae9"]
[6134][1635926436321][shell][info]["init~setViewAttributes - Initializing view with opts:",{"id":2,"type":"shared","startTime":1635926434888,"devtools":false,"partitionId":"72c075c9-3c35-4186-b5ab-23fd6dcb0ae9"}]
[6134][1635926436322][shell][info]["Shell~init~setViewAttributes: passing scratchpad partition id as ","72c075c9-3c35-4186-b5ab-23fd6dcb0ae9"]
[6134][1635926436322][shell][info]["Shell~init~setViewAttributes: do we have any logged in users? ",false]
[6134][1635926436322][shell][info]["init~setViewAttributes - Success"]
[6134][1635926438788][shell][info]["Shell~init~sendUsersDataToRenderer",[]]
[6134][1635926438789][shell][info]["Shell~init~requestTeamIdIfV7Partition: requesting user context from requester web view"]
[6134][1635926438815][shell][info]["Shell~init~attachShellIPCListeners: Received user context from requester web view",{"userId":"0","teamId":"0"}]
[6134][1635926439004][shell][info]["EventBus~initialize - Success"]
[6134][1635926439009][shell][info]["bootShellCrashReporter~ Success"]
[6134][1635926439018][shell][info]["userPartitionService: State of v8 partition system:"]
[6134][1635926439019][shell][info]["userPartitionService: List of partitions:",[{"partitionId":"6df2b7f9-5a68-41c0-ab97-f31f7c577af6","namespace":"users","userId":0,"teamId":0,"lastUpdated":"2021-11-01T06:55:18.805Z"},{"partitionId":"72c075c9-3c35-4186-b5ab-23fd6dcb0ae9","namespace":"scratchPad","userId":0,"teamId":0,"isDirty":false}]]
[6134][1635926439019][shell][info]["userPartitionService: users global meta:",{"activePartition":"72c075c9-3c35-4186-b5ab-23fd6dcb0ae9"}]
[6134][1635926439019][shell][info]["shell~init~loadView: loading active partition"]
[6134][1635926439019][shell][info]["shell~init~loadView: loading active partition","72c075c9-3c35-4186-b5ab-23fd6dcb0ae9"]
[6134][1635926439020][shell][info]["init~setViewAttributes - Initializing view with opts:",{"id":3,"type":"requester","startTime":1635926438808,"devtools":false,"primaryId":3,"allIds":[3],"partitionId":"72c075c9-3c35-4186-b5ab-23fd6dcb0ae9"}]
[6134][1635926439021][shell][info]["Shell~init~setViewAttributes: passing scratchpad partition id as ","72c075c9-3c35-4186-b5ab-23fd6dcb0ae9"]
[6134][1635926439021][shell][info]["Shell~init~setViewAttributes: do we have any logged in users? ",false]
[6134][1635926439021][shell][info]["init~setViewAttributes - Success"]
[6134][1635926441339][shell][info]["Shell~init~sendUsersDataToRenderer",[]]
[6134][1635926441366][shell][info]["Shell~init~sendUsersDataToRenderer",[]]
[7151][1636090228321][shell][info]["EventBus~initialize - Success"]
[7151][1636090228353][shell][info]["bootShellCrashReporter~ Success"]
[7151][1636090228362][shell][info]["shellController~init: Success"]
[7151][1636090228362][shell][info]["shellMeta~init: Success"]
[7151][1636090228362][shell][info]["partitionMigrationService: State of V7 partition:"]
[7151][1636090228362][shell][info]["partitionMigrationService: V7 partitions",[]]
[7151][1636090228362][shell][info]["partitionMigrationService: V7 lastActiveUser",null]
[7151][1636090228362][shell][info]["partitionMigrationService: V7 activePartition",null]
[7151][1636090228363][shell][info]["partitionMigrationService: V7 isPartitionDirty",null]
[7151][1636090228363][shell][info]["partitionMigrationService~init: Success"]
[7151][1636090228363][shell][info]["partitionMigrationService~runV8PartitionsIntegrity: Two way migration~ removing the following partitions from v8",[]]
[7151][1636090228364][shell][info]["userPartitionService~_rectifyTheActivePartitionOfApplication: Setting the active partition to ",null]
[7151][1636090228364][shell][info]["userPartitionService~init: Success"]
[7151][1636090228364][shell][info]["userPartitionService: State of v8 partition system:"]
[7151][1636090228365][shell][info]["userPartitionService: List of partitions:",[{"partitionId":"6df2b7f9-5a68-41c0-ab97-f31f7c577af6","namespace":"users","userId":0,"teamId":0,"lastUpdated":"2021-11-01T06:55:18.805Z"},{"partitionId":"72c075c9-3c35-4186-b5ab-23fd6dcb0ae9","namespace":"scratchPad","userId":0,"teamId":0,"isDirty":false}]]
[7151][1636090228365][shell][info]["userPartitionService: users global meta:",{"activePartition":null}]
[7151][1636090228365][shell][info]["shell~init~loadView: loading scratchpad partition"]
[7151][1636090228365][shell][info]["shell~init~loadView: loading active partition","72c075c9-3c35-4186-b5ab-23fd6dcb0ae9"]
[7151][1636090228366][shell][info]["init~setViewAttributes - Initializing view with opts:",{"id":2,"type":"shared","startTime":1636090225170,"devtools":false,"partitionId":"72c075c9-3c35-4186-b5ab-23fd6dcb0ae9"}]
[7151][1636090228367][shell][info]["Shell~init~setViewAttributes: passing scratchpad partition id as ","72c075c9-3c35-4186-b5ab-23fd6dcb0ae9"]
[7151][1636090228367][shell][info]["Shell~init~setViewAttributes: do we have any logged in users? ",false]
[7151][1636090228368][shell][info]["init~setViewAttributes - Success"]
[7151][1636090231116][shell][info]["Shell~init~sendUsersDataToRenderer",[]]
[7151][1636090231116][shell][info]["Shell~init~requestTeamIdIfV7Partition: requesting user context from requester web view"]
[7151][1636090231139][shell][info]["Shell~init~attachShellIPCListeners: Received user context from requester web view",{"userId":"0","teamId":"0"}]
[7151][1636090231318][shell][info]["EventBus~initialize - Success"]
[7151][1636090231323][shell][info]["bootShellCrashReporter~ Success"]
[7151][1636090231332][shell][info]["userPartitionService: State of v8 partition system:"]
[7151][1636090231332][shell][info]["userPartitionService: List of partitions:",[{"partitionId":"6df2b7f9-5a68-41c0-ab97-f31f7c577af6","namespace":"users","userId":0,"teamId":0,"lastUpdated":"2021-11-01T06:55:18.805Z"},{"partitionId":"72c075c9-3c35-4186-b5ab-23fd6dcb0ae9","namespace":"scratchPad","userId":0,"teamId":0,"isDirty":false}]]
[7151][1636090231333][shell][info]["userPartitionService: users global meta:",{"activePartition":"72c075c9-3c35-4186-b5ab-23fd6dcb0ae9"}]
[7151][1636090231333][shell][info]["shell~init~loadView: loading active partition"]
[7151][1636090231333][shell][info]["shell~init~loadView: loading active partition","72c075c9-3c35-4186-b5ab-23fd6dcb0ae9"]
[7151][1636090231334][shell][info]["init~setViewAttributes - Initializing view with opts:",{"id":3,"type":"requester","startTime":1636090231132,"devtools":false,"primaryId":3,"allIds":[3],"partitionId":"72c075c9-3c35-4186-b5ab-23fd6dcb0ae9"}]
[7151][1636090231335][shell][info]["Shell~init~setViewAttributes: passing scratchpad partition id as ","72c075c9-3c35-4186-b5ab-23fd6dcb0ae9"]
[7151][1636090231335][shell][info]["Shell~init~setViewAttributes: do we have any logged in users? ",false]
[7151][1636090231335][shell][info]["init~setViewAttributes - Success"]
[7151][1636090236908][shell][info]["Shell~init~sendUsersDataToRenderer",[]]
[7151][1636090236935][shell][info]["Shell~init~sendUsersDataToRenderer",[]]
[9098][1636349275361][shell][info]["EventBus~initialize - Success"]
[9098][1636349275391][shell][info]["bootShellCrashReporter~ Success"]
[9098][1636349275400][shell][info]["shellController~init: Success"]
[9098][1636349275400][shell][info]["shellMeta~init: Success"]
[9098][1636349275400][shell][info]["partitionMigrationService: State of V7 partition:"]
[9098][1636349275400][shell][info]["partitionMigrationService: V7 partitions",[]]
[9098][1636349275400][shell][info]["partitionMigrationService: V7 lastActiveUser",null]
[9098][1636349275401][shell][info]["partitionMigrationService: V7 activePartition",null]
[9098][1636349275401][shell][info]["partitionMigrationService: V7 isPartitionDirty",null]
[9098][1636349275401][shell][info]["partitionMigrationService~init: Success"]
[9098][1636349275401][shell][info]["partitionMigrationService~runV8PartitionsIntegrity: Two way migration~ removing the following partitions from v8",[]]
[9098][1636349275402][shell][info]["userPartitionService~_rectifyTheActivePartitionOfApplication: Setting the active partition to ",null]
[9098][1636349275402][shell][info]["userPartitionService~init: Success"]
[9098][1636349275402][shell][info]["userPartitionService: State of v8 partition system:"]
[9098][1636349275402][shell][info]["userPartitionService: List of partitions:",[{"partitionId":"6df2b7f9-5a68-41c0-ab97-f31f7c577af6","namespace":"users","userId":0,"teamId":0,"lastUpdated":"2021-11-01T06:55:18.805Z"},{"partitionId":"72c075c9-3c35-4186-b5ab-23fd6dcb0ae9","namespace":"scratchPad","userId":0,"teamId":0,"isDirty":false}]]
[9098][1636349275403][shell][info]["userPartitionService: users global meta:",{"activePartition":null}]
[9098][1636349275403][shell][info]["shell~init~loadView: loading scratchpad partition"]
[9098][1636349275403][shell][info]["shell~init~loadView: loading active partition","72c075c9-3c35-4186-b5ab-23fd6dcb0ae9"]
[9098][1636349275404][shell][info]["init~setViewAttributes - Initializing view with opts:",{"id":2,"type":"shared","startTime":1636349274149,"devtools":false,"partitionId":"72c075c9-3c35-4186-b5ab-23fd6dcb0ae9"}]
[9098][1636349275404][shell][info]["Shell~init~setViewAttributes: passing scratchpad partition id as ","72c075c9-3c35-4186-b5ab-23fd6dcb0ae9"]
[9098][1636349275405][shell][info]["Shell~init~setViewAttributes: do we have any logged in users? ",false]
[9098][1636349275405][shell][info]["init~setViewAttributes - Success"]
[9098][1636349277902][shell][info]["Shell~init~sendUsersDataToRenderer",[]]
[9098][1636349277903][shell][info]["Shell~init~requestTeamIdIfV7Partition: requesting user context from requester web view"]
[9098][1636349277934][shell][info]["Shell~init~attachShellIPCListeners: Received user context from requester web view",{"userId":"0","teamId":"0"}]
[9098][1636349278137][shell][info]["EventBus~initialize - Success"]
[9098][1636349278143][shell][info]["bootShellCrashReporter~ Success"]
[9098][1636349278154][shell][info]["userPartitionService: State of v8 partition system:"]
[9098][1636349278155][shell][info]["userPartitionService: List of partitions:",[{"partitionId":"6df2b7f9-5a68-41c0-ab97-f31f7c577af6","namespace":"users","userId":0,"teamId":0,"lastUpdated":"2021-11-01T06:55:18.805Z"},{"partitionId":"72c075c9-3c35-4186-b5ab-23fd6dcb0ae9","namespace":"scratchPad","userId":0,"teamId":0,"isDirty":false}]]
[9098][1636349278155][shell][info]["userPartitionService: users global meta:",{"activePartition":"72c075c9-3c35-4186-b5ab-23fd6dcb0ae9"}]
[9098][1636349278156][shell][info]["shell~init~loadView: loading active partition"]
[9098][1636349278156][shell][info]["shell~init~loadView: loading active partition","72c075c9-3c35-4186-b5ab-23fd6dcb0ae9"]
[9098][1636349278156][shell][info]["init~setViewAttributes - Initializing view with opts:",{"id":3,"type":"requester","startTime":1636349277916,"devtools":false,"primaryId":3,"allIds":[3],"partitionId":"72c075c9-3c35-4186-b5ab-23fd6dcb0ae9"}]
[9098][1636349278157][shell][info]["Shell~init~setViewAttributes: passing scratchpad partition id as ","72c075c9-3c35-4186-b5ab-23fd6dcb0ae9"]
[9098][1636349278157][shell][info]["Shell~init~setViewAttributes: do we have any logged in users? ",false]
[9098][1636349278158][shell][info]["init~setViewAttributes - Success"]
[9098][1636349281124][shell][info]["Shell~init~sendUsersDataToRenderer",[]]
[9098][1636349281157][shell][info]["Shell~init~sendUsersDataToRenderer",[]]
[35803][1636377182205][shell][info]["EventBus~initialize - Success"]
[35803][1636377182234][shell][info]["bootShellCrashReporter~ Success"]
[35803][1636377182243][shell][info]["shellController~init: Success"]
[35803][1636377182243][shell][info]["shellMeta~init: Success"]
[35803][1636377182244][shell][info]["partitionMigrationService: State of V7 partition:"]
[35803][1636377182244][shell][info]["partitionMigrationService: V7 partitions",[]]
[35803][1636377182244][shell][info]["partitionMigrationService: V7 lastActiveUser",null]
[35803][1636377182244][shell][info]["partitionMigrationService: V7 activePartition",null]
[35803][1636377182244][shell][info]["partitionMigrationService: V7 isPartitionDirty",null]
[35803][1636377182244][shell][info]["partitionMigrationService~init: Success"]
[35803][1636377182245][shell][info]["partitionMigrationService~runV8PartitionsIntegrity: Two way migration~ removing the following partitions from v8",[]]
[35803][1636377182245][shell][info]["userPartitionService~_rectifyTheActivePartitionOfApplication: Setting the active partition to ",null]
[35803][1636377182245][shell][info]["userPartitionService~init: Success"]
[35803][1636377182246][shell][info]["userPartitionService: State of v8 partition system:"]
[35803][1636377182246][shell][info]["userPartitionService: List of partitions:",[{"partitionId":"6df2b7f9-5a68-41c0-ab97-f31f7c577af6","namespace":"users","userId":0,"teamId":0,"lastUpdated":"2021-11-01T06:55:18.805Z"},{"partitionId":"72c075c9-3c35-4186-b5ab-23fd6dcb0ae9","namespace":"scratchPad","userId":0,"teamId":0,"isDirty":false}]]
[35803][1636377182246][shell][info]["userPartitionService: users global meta:",{"activePartition":null}]
[35803][1636377182246][shell][info]["shell~init~loadView: loading scratchpad partition"]
[35803][1636377182247][shell][info]["shell~init~loadView: loading active partition","72c075c9-3c35-4186-b5ab-23fd6dcb0ae9"]
[35803][1636377182248][shell][info]["init~setViewAttributes - Initializing view with opts:",{"id":2,"type":"shared","startTime":1636377181484,"devtools":false,"partitionId":"72c075c9-3c35-4186-b5ab-23fd6dcb0ae9"}]
[35803][1636377182248][shell][info]["Shell~init~setViewAttributes: passing scratchpad partition id as ","72c075c9-3c35-4186-b5ab-23fd6dcb0ae9"]
[35803][1636377182248][shell][info]["Shell~init~setViewAttributes: do we have any logged in users? ",false]
[35803][1636377182249][shell][info]["init~setViewAttributes - Success"]
[35803][1636377184937][shell][info]["Shell~init~sendUsersDataToRenderer",[]]
[35803][1636377184938][shell][info]["Shell~init~requestTeamIdIfV7Partition: requesting user context from requester web view"]
[35803][1636377184968][shell][info]["Shell~init~attachShellIPCListeners: Received user context from requester web view",{"userId":"0","teamId":"0"}]
[35803][1636377185266][shell][info]["EventBus~initialize - Success"]
[35803][1636377185271][shell][info]["bootShellCrashReporter~ Success"]
[35803][1636377185280][shell][info]["userPartitionService: State of v8 partition system:"]
[35803][1636377185281][shell][info]["userPartitionService: List of partitions:",[{"partitionId":"6df2b7f9-5a68-41c0-ab97-f31f7c577af6","namespace":"users","userId":0,"teamId":0,"lastUpdated":"2021-11-01T06:55:18.805Z"},{"partitionId":"72c075c9-3c35-4186-b5ab-23fd6dcb0ae9","namespace":"scratchPad","userId":0,"teamId":0,"isDirty":false}]]
[35803][1636377185281][shell][info]["userPartitionService: users global meta:",{"activePartition":"72c075c9-3c35-4186-b5ab-23fd6dcb0ae9"}]
[35803][1636377185282][shell][info]["shell~init~loadView: loading active partition"]
[35803][1636377185282][shell][info]["shell~init~loadView: loading active partition","72c075c9-3c35-4186-b5ab-23fd6dcb0ae9"]
[35803][1636377185282][shell][info]["init~setViewAttributes - Initializing view with opts:",{"id":3,"type":"requester","startTime":1636377184955,"devtools":false,"primaryId":3,"allIds":[3],"partitionId":"72c075c9-3c35-4186-b5ab-23fd6dcb0ae9"}]
[35803][1636377185283][shell][info]["Shell~init~setViewAttributes: passing scratchpad partition id as ","72c075c9-3c35-4186-b5ab-23fd6dcb0ae9"]
[35803][1636377185283][shell][info]["Shell~init~setViewAttributes: do we have any logged in users? ",false]
[35803][1636377185284][shell][info]["init~setViewAttributes - Success"]
[35803][1636377188136][shell][info]["Shell~init~sendUsersDataToRenderer",[]]
[35803][1636377188169][shell][info]["Shell~init~sendUsersDataToRenderer",[]]
[4208][1636390858928][shell][info]["EventBus~initialize - Success"]
[4208][1636390858962][shell][info]["bootShellCrashReporter~ Success"]
[4208][1636390858970][shell][info]["shellController~init: Success"]
[4208][1636390858971][shell][info]["shellMeta~init: Success"]
[4208][1636390858971][shell][info]["partitionMigrationService: State of V7 partition:"]
[4208][1636390858971][shell][info]["partitionMigrationService: V7 partitions",[]]
[4208][1636390858971][shell][info]["partitionMigrationService: V7 lastActiveUser",null]
[4208][1636390858971][shell][info]["partitionMigrationService: V7 activePartition",null]
[4208][1636390858971][shell][info]["partitionMigrationService: V7 isPartitionDirty",null]
[4208][1636390858972][shell][info]["partitionMigrationService~init: Success"]
[4208][1636390858973][shell][info]["partitionMigrationService~runV8PartitionsIntegrity: Two way migration~ removing the following partitions from v8",[]]
[4208][1636390858973][shell][info]["userPartitionService~_rectifyTheActivePartitionOfApplication: Setting the active partition to ",null]
[4208][1636390858973][shell][info]["userPartitionService~init: Success"]
[4208][1636390858974][shell][info]["userPartitionService: State of v8 partition system:"]
[4208][1636390858974][shell][info]["userPartitionService: List of partitions:",[{"partitionId":"6df2b7f9-5a68-41c0-ab97-f31f7c577af6","namespace":"users","userId":0,"teamId":0,"lastUpdated":"2021-11-01T06:55:18.805Z"},{"partitionId":"72c075c9-3c35-4186-b5ab-23fd6dcb0ae9","namespace":"scratchPad","userId":0,"teamId":0,"isDirty":false}]]
[4208][1636390858975][shell][info]["userPartitionService: users global meta:",{"activePartition":null}]
[4208][1636390858975][shell][info]["shell~init~loadView: loading scratchpad partition"]
[4208][1636390858976][shell][info]["shell~init~loadView: loading active partition","72c075c9-3c35-4186-b5ab-23fd6dcb0ae9"]
[4208][1636390858977][shell][info]["init~setViewAttributes - Initializing view with opts:",{"id":2,"type":"shared","startTime":1636390857349,"devtools":false,"partitionId":"72c075c9-3c35-4186-b5ab-23fd6dcb0ae9"}]
[4208][1636390858978][shell][info]["Shell~init~setViewAttributes: passing scratchpad partition id as ","72c075c9-3c35-4186-b5ab-23fd6dcb0ae9"]
[4208][1636390858978][shell][info]["Shell~init~setViewAttributes: do we have any logged in users? ",false]
[4208][1636390858978][shell][info]["init~setViewAttributes - Success"]
[4208][1636390861506][shell][info]["Shell~init~sendUsersDataToRenderer",[]]
[4208][1636390861507][shell][info]["Shell~init~requestTeamIdIfV7Partition: requesting user context from requester web view"]
[4208][1636390861532][shell][info]["Shell~init~attachShellIPCListeners: Received user context from requester web view",{"userId":"0","teamId":"0"}]
[4208][1636390861746][shell][info]["EventBus~initialize - Success"]
[4208][1636390861751][shell][info]["bootShellCrashReporter~ Success"]
[4208][1636390861762][shell][info]["userPartitionService: State of v8 partition system:"]
[4208][1636390861763][shell][info]["userPartitionService: List of partitions:",[{"partitionId":"6df2b7f9-5a68-41c0-ab97-f31f7c577af6","namespace":"users","userId":0,"teamId":0,"lastUpdated":"2021-11-01T06:55:18.805Z"},{"partitionId":"72c075c9-3c35-4186-b5ab-23fd6dcb0ae9","namespace":"scratchPad","userId":0,"teamId":0,"isDirty":false}]]
[4208][1636390861763][shell][info]["userPartitionService: users global meta:",{"activePartition":"72c075c9-3c35-4186-b5ab-23fd6dcb0ae9"}]
[4208][1636390861763][shell][info]["shell~init~loadView: loading active partition"]
[4208][1636390861763][shell][info]["shell~init~loadView: loading active partition","72c075c9-3c35-4186-b5ab-23fd6dcb0ae9"]
[4208][1636390861764][shell][info]["init~setViewAttributes - Initializing view with opts:",{"id":3,"type":"requester","startTime":1636390861521,"devtools":false,"primaryId":3,"allIds":[3],"partitionId":"72c075c9-3c35-4186-b5ab-23fd6dcb0ae9"}]
[4208][1636390861764][shell][info]["Shell~init~setViewAttributes: passing scratchpad partition id as ","72c075c9-3c35-4186-b5ab-23fd6dcb0ae9"]
[4208][1636390861765][shell][info]["Shell~init~setViewAttributes: do we have any logged in users? ",false]
[4208][1636390861765][shell][info]["init~setViewAttributes - Success"]
[4208][1636390864381][shell][info]["Shell~init~sendUsersDataToRenderer",[]]
[4208][1636390864411][shell][info]["Shell~init~sendUsersDataToRenderer",[]]
[27962][1636445594223][shell][info]["EventBus~initialize - Success"]
[27962][1636445594240][shell][info]["bootShellCrashReporter~ Success"]
[27962][1636445594252][shell][info]["shellController~init: Success"]
[27962][1636445594253][shell][info]["shellMeta~init: Success"]
[27962][1636445594253][shell][info]["partitionMigrationService: State of V7 partition:"]
[27962][1636445594253][shell][info]["partitionMigrationService: V7 partitions",[]]
[27962][1636445594253][shell][info]["partitionMigrationService: V7 lastActiveUser",null]
[27962][1636445594253][shell][info]["partitionMigrationService: V7 activePartition",null]
[27962][1636445594253][shell][info]["partitionMigrationService: V7 isPartitionDirty",null]
[27962][1636445594254][shell][info]["partitionMigrationService~init: Success"]
[27962][1636445594254][shell][info]["partitionMigrationService~runV8PartitionsIntegrity: Two way migration~ removing the following partitions from v8",[]]
[27962][1636445594254][shell][info]["userPartitionService~_rectifyTheActivePartitionOfApplication: Setting the active partition to ",null]
[27962][1636445594255][shell][info]["userPartitionService~init: Success"]
[27962][1636445594255][shell][info]["userPartitionService: State of v8 partition system:"]
[27962][1636445594256][shell][info]["userPartitionService: List of partitions:",[{"partitionId":"6df2b7f9-5a68-41c0-ab97-f31f7c577af6","namespace":"users","userId":0,"teamId":0,"lastUpdated":"2021-11-01T06:55:18.805Z"},{"partitionId":"72c075c9-3c35-4186-b5ab-23fd6dcb0ae9","namespace":"scratchPad","userId":0,"teamId":0,"isDirty":false}]]
[27962][1636445594256][shell][info]["userPartitionService: users global meta:",{"activePartition":null}]
[27962][1636445594256][shell][info]["shell~init~loadView: loading scratchpad partition"]
[27962][1636445594257][shell][info]["shell~init~loadView: loading active partition","72c075c9-3c35-4186-b5ab-23fd6dcb0ae9"]
[27962][1636445594257][shell][info]["init~setViewAttributes - Initializing view with opts:",{"id":2,"type":"shared","startTime":1636445593842,"devtools":false,"partitionId":"72c075c9-3c35-4186-b5ab-23fd6dcb0ae9"}]
[27962][1636445594258][shell][info]["Shell~init~setViewAttributes: passing scratchpad partition id as ","72c075c9-3c35-4186-b5ab-23fd6dcb0ae9"]
[27962][1636445594258][shell][info]["Shell~init~setViewAttributes: do we have any logged in users? ",false]
[27962][1636445594258][shell][info]["init~setViewAttributes - Success"]
[27962][1636445596760][shell][info]["Shell~init~sendUsersDataToRenderer",[]]
[27962][1636445596760][shell][info]["Shell~init~requestTeamIdIfV7Partition: requesting user context from requester web view"]
[27962][1636445596797][shell][info]["Shell~init~attachShellIPCListeners: Received user context from requester web view",{"userId":"0","teamId":"0"}]
[27962][1636445597011][shell][info]["EventBus~initialize - Success"]
[27962][1636445597017][shell][info]["bootShellCrashReporter~ Success"]
[27962][1636445597026][shell][info]["userPartitionService: State of v8 partition system:"]
[27962][1636445597026][shell][info]["userPartitionService: List of partitions:",[{"partitionId":"6df2b7f9-5a68-41c0-ab97-f31f7c577af6","namespace":"users","userId":0,"teamId":0,"lastUpdated":"2021-11-01T06:55:18.805Z"},{"partitionId":"72c075c9-3c35-4186-b5ab-23fd6dcb0ae9","namespace":"scratchPad","userId":0,"teamId":0,"isDirty":false}]]
[27962][1636445597027][shell][info]["userPartitionService: users global meta:",{"activePartition":"72c075c9-3c35-4186-b5ab-23fd6dcb0ae9"}]
[27962][1636445597027][shell][info]["shell~init~loadView: loading active partition"]
[27962][1636445597027][shell][info]["shell~init~loadView: loading active partition","72c075c9-3c35-4186-b5ab-23fd6dcb0ae9"]
[27962][1636445597028][shell][info]["init~setViewAttributes - Initializing view with opts:",{"id":3,"type":"requester","startTime":1636445596780,"devtools":false,"primaryId":3,"allIds":[3],"partitionId":"72c075c9-3c35-4186-b5ab-23fd6dcb0ae9"}]
[27962][1636445597029][shell][info]["Shell~init~setViewAttributes: passing scratchpad partition id as ","72c075c9-3c35-4186-b5ab-23fd6dcb0ae9"]
[27962][1636445597029][shell][info]["Shell~init~setViewAttributes: do we have any logged in users? ",false]
[27962][1636445597030][shell][info]["init~setViewAttributes - Success"]
[27962][1636445599816][shell][info]["Shell~init~sendUsersDataToRenderer",[]]
[27962][1636445599846][shell][info]["Shell~init~sendUsersDataToRenderer",[]]
[36214][1636456228343][shell][info]["EventBus~initialize - Success"]
[36214][1636456228349][shell][info]["bootShellCrashReporter~ Success"]
[36214][1636456228357][shell][info]["shellController~init: Success"]
[36214][1636456228358][shell][info]["shellMeta~init: Success"]
[36214][1636456228358][shell][info]["partitionMigrationService: State of V7 partition:"]
[36214][1636456228358][shell][info]["partitionMigrationService: V7 partitions",[]]
[36214][1636456228358][shell][info]["partitionMigrationService: V7 lastActiveUser",null]
[36214][1636456228358][shell][info]["partitionMigrationService: V7 activePartition",null]
[36214][1636456228358][shell][info]["partitionMigrationService: V7 isPartitionDirty",null]
[36214][1636456228359][shell][info]["partitionMigrationService~init: Success"]
[36214][1636456228359][shell][info]["partitionMigrationService~runV8PartitionsIntegrity: Two way migration~ removing the following partitions from v8",[]]
[36214][1636456228359][shell][info]["userPartitionService~_rectifyTheActivePartitionOfApplication: Setting the active partition to ",null]
[36214][1636456228359][shell][info]["userPartitionService~init: Success"]
[36214][1636456228360][shell][info]["userPartitionService: State of v8 partition system:"]
[36214][1636456228360][shell][info]["userPartitionService: List of partitions:",[{"partitionId":"6df2b7f9-5a68-41c0-ab97-f31f7c577af6","namespace":"users","userId":0,"teamId":0,"lastUpdated":"2021-11-01T06:55:18.805Z"},{"partitionId":"72c075c9-3c35-4186-b5ab-23fd6dcb0ae9","namespace":"scratchPad","userId":0,"teamId":0,"isDirty":false}]]
[36214][1636456228361][shell][info]["userPartitionService: users global meta:",{"activePartition":null}]
[36214][1636456228361][shell][info]["shell~init~loadView: loading scratchpad partition"]
[36214][1636456228362][shell][info]["shell~init~loadView: loading active partition","72c075c9-3c35-4186-b5ab-23fd6dcb0ae9"]
[36214][1636456228363][shell][info]["init~setViewAttributes - Initializing view with opts:",{"id":2,"type":"shared","startTime":1636456228084,"devtools":false,"partitionId":"72c075c9-3c35-4186-b5ab-23fd6dcb0ae9"}]
[36214][1636456228363][shell][info]["Shell~init~setViewAttributes: passing scratchpad partition id as ","72c075c9-3c35-4186-b5ab-23fd6dcb0ae9"]
[36214][1636456228363][shell][info]["Shell~init~setViewAttributes: do we have any logged in users? ",false]
[36214][1636456228364][shell][info]["init~setViewAttributes - Success"]
[36214][1636456230793][shell][info]["Shell~init~sendUsersDataToRenderer",[]]
[36214][1636456230794][shell][info]["Shell~init~requestTeamIdIfV7Partition: requesting user context from requester web view"]
[36214][1636456230821][shell][info]["Shell~init~attachShellIPCListeners: Received user context from requester web view",{"userId":"0","teamId":"0"}]
[36214][1636456231018][shell][info]["EventBus~initialize - Success"]
[36214][1636456231024][shell][info]["bootShellCrashReporter~ Success"]
[36214][1636456231033][shell][info]["userPartitionService: State of v8 partition system:"]
[36214][1636456231034][shell][info]["userPartitionService: List of partitions:",[{"partitionId":"6df2b7f9-5a68-41c0-ab97-f31f7c577af6","namespace":"users","userId":0,"teamId":0,"lastUpdated":"2021-11-01T06:55:18.805Z"},{"partitionId":"72c075c9-3c35-4186-b5ab-23fd6dcb0ae9","namespace":"scratchPad","userId":0,"teamId":0,"isDirty":false}]]
[36214][1636456231034][shell][info]["userPartitionService: users global meta:",{"activePartition":"72c075c9-3c35-4186-b5ab-23fd6dcb0ae9"}]
[36214][1636456231034][shell][info]["shell~init~loadView: loading active partition"]
[36214][1636456231034][shell][info]["shell~init~loadView: loading active partition","72c075c9-3c35-4186-b5ab-23fd6dcb0ae9"]
[36214][1636456231035][shell][info]["init~setViewAttributes - Initializing view with opts:",{"id":3,"type":"requester","startTime":1636456230811,"devtools":false,"primaryId":3,"allIds":[3],"partitionId":"72c075c9-3c35-4186-b5ab-23fd6dcb0ae9"}]
[36214][1636456231036][shell][info]["Shell~init~setViewAttributes: passing scratchpad partition id as ","72c075c9-3c35-4186-b5ab-23fd6dcb0ae9"]
[36214][1636456231036][shell][info]["Shell~init~setViewAttributes: do we have any logged in users? ",false]
[36214][1636456231036][shell][info]["init~setViewAttributes - Success"]
[36214][1636456233661][shell][info]["Shell~init~sendUsersDataToRenderer",[]]
[36214][1636456233695][shell][info]["Shell~init~sendUsersDataToRenderer",[]]
