Validating found git in: git
Using git 2.25.1 from git
> git rev-parse --git-dir
Open repository: /home/moonwhite
> git fetch
> git status -z -u
> git check-ignore -v -z --stdin
> git check-ignore -v -z --stdin
> git symbolic-ref --short HEAD
> git for-each-ref --format=%(refname)%00%(upstream:short)%00%(objectname)%00%(upstream:track) refs/heads/master refs/remotes/master
> git for-each-ref --sort -committerdate --format %(refname) %(objectname) %(*objectname)
> git remote --verbose
> git config --get commit.template
> git status -z -u
> git show --textconv :MoonwhiteProjects/ClientApplication/FreespaceClient/src/app/admin/createlead/createlead.component.ts
> git ls-files --stage -- /home/moonwhite/MoonwhiteProjects/ClientApplication/FreespaceClient/src/app/admin/createlead/createlead.component.ts
> git symbolic-ref --short HEAD
> git for-each-ref --format=%(refname)%00%(upstream:short)%00%(objectname)%00%(upstream:track) refs/heads/master refs/remotes/master
> git for-each-ref --sort -committerdate --format %(refname) %(objectname) %(*objectname)
> git remote --verbose
> git config --get commit.template
> git show --textconv :MoonwhiteProjects/ClientApplication/FreespaceClient/src/app/admin/createlead/createlead.component.css
> git ls-files --stage -- /home/moonwhite/MoonwhiteProjects/ClientApplication/FreespaceClient/src/app/admin/createlead/createlead.component.css
> git show --textconv :MoonwhiteProjects/ClientApplication/FreespaceClient/src/app/admin/createlead/createlead.component.html
> git ls-files --stage -- /home/moonwhite/MoonwhiteProjects/ClientApplication/FreespaceClient/src/app/admin/createlead/createlead.component.html
> git show --textconv :MoonwhiteProjects/ClientApplication/FreespaceClient/src/app/admin/createlead/createlead.component.spec.ts
> git ls-files --stage -- /home/moonwhite/MoonwhiteProjects/ClientApplication/FreespaceClient/src/app/admin/createlead/createlead.component.spec.ts
> git show --textconv :MoonwhiteProjects/ClientApplication/FreespaceClient/src/app/admin/createlead/createlead.component.ts
> git ls-files --stage -- /home/moonwhite/MoonwhiteProjects/ClientApplication/FreespaceClient/src/app/admin/createlead/createlead.component.ts
> git show --textconv :MoonwhiteProjects/ClientApplication/FreespaceClient/src/app/admin/createlead/createlead.component.html
> git ls-files --stage -- /home/moonwhite/MoonwhiteProjects/ClientApplication/FreespaceClient/src/app/admin/createlead/createlead.component.html
> git show --textconv :MoonwhiteProjects/ClientApplication/FreespaceClient/src/app/admin/createlead/createlead.component.ts
> git ls-files --stage -- /home/moonwhite/MoonwhiteProjects/ClientApplication/FreespaceClient/src/app/admin/createlead/createlead.component.ts
> git fetch
> git status -z -u
> git symbolic-ref --short HEAD
> git for-each-ref --format=%(refname)%00%(upstream:short)%00%(objectname)%00%(upstream:track) refs/heads/master refs/remotes/master
> git for-each-ref --sort -committerdate --format %(refname) %(objectname) %(*objectname)
> git remote --verbose
> git config --get commit.template
> git ls-files --stage -- /home/moonwhite/MoonwhiteProjects/ClientApplication/FreespaceClient/src/app/admin/createlead/createlead.component.ts
> git show --textconv :MoonwhiteProjects/ClientApplication/FreespaceClient/src/app/admin/createlead/createlead.component.ts
> git show --textconv :MoonwhiteProjects/ClientApplication/FreespaceClient/src/app/admin/createlead/createlead.component.html
> git ls-files --stage -- /home/moonwhite/MoonwhiteProjects/ClientApplication/FreespaceClient/src/app/admin/createlead/createlead.component.html
> git show --textconv :MoonwhiteProjects/ClientApplication/FreespaceClient/src/app/admin/createlead/createlead.component.ts
> git ls-files --stage -- /home/moonwhite/MoonwhiteProjects/ClientApplication/FreespaceClient/src/app/admin/createlead/createlead.component.ts
> git show --textconv :MoonwhiteProjects/ClientApplication/FreespaceClient/src/app/admin/createlead/createlead.component.html
> git ls-files --stage -- /home/moonwhite/MoonwhiteProjects/ClientApplication/FreespaceClient/src/app/admin/createlead/createlead.component.html
> git fetch
> git status -z -u
> git symbolic-ref --short HEAD
> git for-each-ref --format=%(refname)%00%(upstream:short)%00%(objectname)%00%(upstream:track) refs/heads/master refs/remotes/master
> git for-each-ref --sort -committerdate --format %(refname) %(objectname) %(*objectname)
> git remote --verbose
> git config --get commit.template
> git ls-files --stage -- /home/moonwhite/MoonwhiteProjects/ClientApplication/FreespaceClient/src/app/admin/createlead/createlead.component.html
> git show --textconv :MoonwhiteProjects/ClientApplication/FreespaceClient/src/app/admin/createlead/createlead.component.html
> git fetch
> git status -z -u
> git symbolic-ref --short HEAD
> git for-each-ref --format=%(refname)%00%(upstream:short)%00%(objectname)%00%(upstream:track) refs/heads/master refs/remotes/master
> git for-each-ref --sort -committerdate --format %(refname) %(objectname) %(*objectname)
> git remote --verbose
> git config --get commit.template
> git ls-files --stage -- /home/moonwhite/MoonwhiteProjects/ClientApplication/FreespaceClient/src/app/admin/createlead/createlead.component.html
> git show --textconv :MoonwhiteProjects/ClientApplication/FreespaceClient/src/app/admin/createlead/createlead.component.html
> git fetch
> git status -z -u
> git symbolic-ref --short HEAD
> git for-each-ref --format=%(refname)%00%(upstream:short)%00%(objectname)%00%(upstream:track) refs/heads/master refs/remotes/master
> git for-each-ref --sort -committerdate --format %(refname) %(objectname) %(*objectname)
> git remote --verbose
> git config --get commit.template
> git ls-files --stage -- /home/moonwhite/MoonwhiteProjects/ClientApplication/FreespaceClient/src/app/admin/createlead/createlead.component.html
> git show --textconv :MoonwhiteProjects/ClientApplication/FreespaceClient/src/app/admin/createlead/createlead.component.html
> git fetch
> git status -z -u
> git symbolic-ref --short HEAD
> git for-each-ref --format=%(refname)%00%(upstream:short)%00%(objectname)%00%(upstream:track) refs/heads/master refs/remotes/master
> git for-each-ref --sort -committerdate --format %(refname) %(objectname) %(*objectname)
> git remote --verbose
> git config --get commit.template
> git ls-files --stage -- /home/moonwhite/MoonwhiteProjects/ClientApplication/FreespaceClient/src/app/admin/createlead/createlead.component.html
> git show --textconv :MoonwhiteProjects/ClientApplication/FreespaceClient/src/app/admin/createlead/createlead.component.html
> git show --textconv :MoonwhiteProjects/ClientApplication/FreespaceClient/src/app/admin/admin.service.ts
> git ls-files --stage -- /home/moonwhite/MoonwhiteProjects/ClientApplication/FreespaceClient/src/app/admin/admin.service.ts
> git fetch
> git status -z -u
> git symbolic-ref --short HEAD
> git for-each-ref --format=%(refname)%00%(upstream:short)%00%(objectname)%00%(upstream:track) refs/heads/master refs/remotes/master
> git for-each-ref --sort -committerdate --format %(refname) %(objectname) %(*objectname)
> git remote --verbose
> git config --get commit.template
> git ls-files --stage -- /home/moonwhite/MoonwhiteProjects/ClientApplication/FreespaceClient/src/app/admin/admin.service.ts
> git show --textconv :MoonwhiteProjects/ClientApplication/FreespaceClient/src/app/admin/admin.service.ts
> git fetch
> git status -z -u
> git symbolic-ref --short HEAD
> git for-each-ref --format=%(refname)%00%(upstream:short)%00%(objectname)%00%(upstream:track) refs/heads/master refs/remotes/master
> git for-each-ref --sort -committerdate --format %(refname) %(objectname) %(*objectname)
> git remote --verbose
> git config --get commit.template
> git ls-files --stage -- /home/moonwhite/MoonwhiteProjects/ClientApplication/FreespaceClient/src/app/admin/admin.service.ts
> git show --textconv :MoonwhiteProjects/ClientApplication/FreespaceClient/src/app/admin/admin.service.ts
> git show --textconv :MoonwhiteProjects/ClientApplication/FreespaceClient/src/app/admin/createlead/createlead.component.ts
> git ls-files --stage -- /home/moonwhite/MoonwhiteProjects/ClientApplication/FreespaceClient/src/app/admin/createlead/createlead.component.ts
> git fetch
> git status -z -u
> git symbolic-ref --short HEAD
> git for-each-ref --format=%(refname)%00%(upstream:short)%00%(objectname)%00%(upstream:track) refs/heads/master refs/remotes/master
> git for-each-ref --sort -committerdate --format %(refname) %(objectname) %(*objectname)
> git remote --verbose
> git config --get commit.template
> git ls-files --stage -- /home/moonwhite/MoonwhiteProjects/ClientApplication/FreespaceClient/src/app/admin/createlead/createlead.component.ts
> git show --textconv :MoonwhiteProjects/ClientApplication/FreespaceClient/src/app/admin/createlead/createlead.component.ts
> git fetch
> git status -z -u
> git symbolic-ref --short HEAD
> git for-each-ref --format=%(refname)%00%(upstream:short)%00%(objectname)%00%(upstream:track) refs/heads/master refs/remotes/master
> git for-each-ref --sort -committerdate --format %(refname) %(objectname) %(*objectname)
> git remote --verbose
> git config --get commit.template
> git ls-files --stage -- /home/moonwhite/MoonwhiteProjects/ClientApplication/FreespaceClient/src/app/admin/createlead/createlead.component.ts
> git show --textconv :MoonwhiteProjects/ClientApplication/FreespaceClient/src/app/admin/createlead/createlead.component.ts
> git show --textconv :MoonwhiteProjects/ClientApplication/FreespaceClient/src/app/admin/admin.service.ts
> git ls-files --stage -- /home/moonwhite/MoonwhiteProjects/ClientApplication/FreespaceClient/src/app/admin/admin.service.ts
> git fetch
> git status -z -u
> git symbolic-ref --short HEAD
> git for-each-ref --format=%(refname)%00%(upstream:short)%00%(objectname)%00%(upstream:track) refs/heads/master refs/remotes/master
> git for-each-ref --sort -committerdate --format %(refname) %(objectname) %(*objectname)
> git remote --verbose
> git config --get commit.template
> git ls-files --stage -- /home/moonwhite/MoonwhiteProjects/ClientApplication/FreespaceClient/src/app/admin/admin.service.ts
> git show --textconv :MoonwhiteProjects/ClientApplication/FreespaceClient/src/app/admin/admin.service.ts
> git fetch
> git status -z -u
> git symbolic-ref --short HEAD
> git for-each-ref --format=%(refname)%00%(upstream:short)%00%(objectname)%00%(upstream:track) refs/heads/master refs/remotes/master
> git for-each-ref --sort -committerdate --format %(refname) %(objectname) %(*objectname)
> git remote --verbose
> git config --get commit.template
> git ls-files --stage -- /home/moonwhite/MoonwhiteProjects/ClientApplication/FreespaceClient/src/app/admin/admin.service.ts
> git show --textconv :MoonwhiteProjects/ClientApplication/FreespaceClient/src/app/admin/admin.service.ts
> git show --textconv :MoonwhiteProjects/ClientApplication/FreespaceClient/src/app/admin/createlead/createlead.component.ts
> git ls-files --stage -- /home/moonwhite/MoonwhiteProjects/ClientApplication/FreespaceClient/src/app/admin/createlead/createlead.component.ts
> git fetch
> git status -z -u
> git symbolic-ref --short HEAD
> git for-each-ref --format=%(refname)%00%(upstream:short)%00%(objectname)%00%(upstream:track) refs/heads/master refs/remotes/master
> git for-each-ref --sort -committerdate --format %(refname) %(objectname) %(*objectname)
> git remote --verbose
> git config --get commit.template
> git ls-files --stage -- /home/moonwhite/MoonwhiteProjects/ClientApplication/FreespaceClient/src/app/admin/createlead/createlead.component.ts
> git show --textconv :MoonwhiteProjects/ClientApplication/FreespaceClient/src/app/admin/createlead/createlead.component.ts
> git fetch
> git status -z -u
> git symbolic-ref --short HEAD
> git for-each-ref --format=%(refname)%00%(upstream:short)%00%(objectname)%00%(upstream:track) refs/heads/master refs/remotes/master
> git for-each-ref --sort -committerdate --format %(refname) %(objectname) %(*objectname)
> git remote --verbose
> git config --get commit.template
> git ls-files --stage -- /home/moonwhite/MoonwhiteProjects/ClientApplication/FreespaceClient/src/app/admin/createlead/createlead.component.ts
> git show --textconv :MoonwhiteProjects/ClientApplication/FreespaceClient/src/app/admin/createlead/createlead.component.ts
> git fetch
> git status -z -u
> git symbolic-ref --short HEAD
> git for-each-ref --format=%(refname)%00%(upstream:short)%00%(objectname)%00%(upstream:track) refs/heads/master refs/remotes/master
> git for-each-ref --sort -committerdate --format %(refname) %(objectname) %(*objectname)
> git remote --verbose
> git config --get commit.template
> git ls-files --stage -- /home/moonwhite/MoonwhiteProjects/ClientApplication/FreespaceClient/src/app/admin/createlead/createlead.component.ts
> git show --textconv :MoonwhiteProjects/ClientApplication/FreespaceClient/src/app/admin/createlead/createlead.component.ts
> git fetch
> git status -z -u
> git symbolic-ref --short HEAD
> git for-each-ref --format=%(refname)%00%(upstream:short)%00%(objectname)%00%(upstream:track) refs/heads/master refs/remotes/master
> git for-each-ref --sort -committerdate --format %(refname) %(objectname) %(*objectname)
> git remote --verbose
> git config --get commit.template
> git ls-files --stage -- /home/moonwhite/MoonwhiteProjects/ClientApplication/FreespaceClient/src/app/admin/createlead/createlead.component.ts
> git show --textconv :MoonwhiteProjects/ClientApplication/FreespaceClient/src/app/admin/createlead/createlead.component.ts
