0 info it worked if it ends with ok
1 verbose cli [
1 verbose cli   '/usr/local/bin/node',
1 verbose cli   '/usr/local/bin/npm',
1 verbose cli   'install',
1 verbose cli   '-g',
1 verbose cli   '@angular/cli'
1 verbose cli ]
2 info using npm@6.14.15
3 info using node@v14.18.0
4 verbose npm-session 5412e53c6b9432a5
5 silly install loadCurrentTree
6 silly install readGlobalPackageData
7 http fetch GET 200 https://registry.npmjs.org/@angular%2fcli 439ms
8 http fetch GET 200 https://registry.npmjs.org/@angular/cli/-/cli-12.2.12.tgz 114ms
9 silly pacote tag manifest for @angular/cli@latest fetched in 569ms
10 timing stage:loadCurrentTree Completed in 580ms
11 silly install loadIdealTree
12 silly install cloneCurrentTreeToIdealTree
13 timing stage:loadIdealTree:cloneCurrentTree Completed in 0ms
14 silly install loadShrinkwrap
15 timing stage:loadIdealTree:loadShrinkwrap Completed in 0ms
16 silly install loadAllDepsIntoIdealTree
17 silly resolveWithNewModule @angular/cli@12.2.12 checking installable status
18 http fetch GET 200 https://registry.npmjs.org/ansi-colors 17ms (from cache)
19 http fetch GET 200 https://registry.npmjs.org/@angular-devkit%2farchitect 24ms (from cache)
20 http fetch GET 200 https://registry.npmjs.org/@angular-devkit%2fcore 27ms (from cache)
21 silly pacote version manifest for @angular-devkit/architect@0.1202.12 fetched in 31ms
22 silly resolveWithNewModule @angular-devkit/architect@0.1202.12 checking installable status
23 silly pacote version manifest for @angular-devkit/core@12.2.12 fetched in 32ms
24 silly resolveWithNewModule @angular-devkit/core@12.2.12 checking installable status
25 http fetch GET 200 https://registry.npmjs.org/ansi-colors/-/ansi-colors-4.1.1.tgz 14ms (from cache)
26 silly pacote version manifest for ansi-colors@4.1.1 fetched in 33ms
27 silly resolveWithNewModule ansi-colors@4.1.1 checking installable status
28 http fetch GET 200 https://registry.npmjs.org/ini 144ms
29 http fetch GET 304 https://registry.npmjs.org/debug 151ms (from cache)
30 http fetch GET 200 https://registry.npmjs.org/ini/-/ini-2.0.0.tgz 7ms (from cache)
31 http fetch GET 200 https://registry.npmjs.org/debug/-/debug-4.3.2.tgz 4ms (from cache)
32 http fetch GET 200 https://registry.npmjs.org/jsonc-parser 160ms
33 silly pacote version manifest for ini@2.0.0 fetched in 163ms
34 silly resolveWithNewModule ini@2.0.0 checking installable status
35 silly pacote version manifest for debug@4.3.2 fetched in 167ms
36 silly resolveWithNewModule debug@4.3.2 checking installable status
37 http fetch GET 200 https://registry.npmjs.org/npm-package-arg 140ms
38 http fetch GET 200 https://registry.npmjs.org/jsonc-parser/-/jsonc-parser-3.0.0.tgz 5ms (from cache)
39 http fetch GET 200 https://registry.npmjs.org/@yarnpkg%2flockfile 171ms
40 http fetch GET 200 https://registry.npmjs.org/@yarnpkg/lockfile/-/lockfile-1.1.0.tgz 5ms (from cache)
41 http fetch GET 200 https://registry.npmjs.org/npm-package-arg/-/npm-package-arg-8.1.5.tgz 6ms (from cache)
42 silly pacote version manifest for jsonc-parser@3.0.0 fetched in 178ms
43 silly resolveWithNewModule jsonc-parser@3.0.0 checking installable status
44 silly pacote version manifest for npm-package-arg@8.1.5 fetched in 157ms
45 silly resolveWithNewModule npm-package-arg@8.1.5 checking installable status
46 silly pacote version manifest for @yarnpkg/lockfile@1.1.0 fetched in 184ms
47 silly resolveWithNewModule @yarnpkg/lockfile@1.1.0 checking installable status
48 http fetch GET 200 https://registry.npmjs.org/semver 2ms (from cache)
49 http fetch GET 200 https://registry.npmjs.org/semver/-/semver-7.3.5.tgz 5ms (from cache)
50 silly pacote version manifest for semver@7.3.5 fetched in 9ms
51 silly resolveWithNewModule semver@7.3.5 checking installable status
52 http fetch GET 200 https://registry.npmjs.org/ora 106ms
53 http fetch GET 200 https://registry.npmjs.org/ora/-/ora-5.4.1.tgz 4ms (from cache)
54 silly pacote version manifest for ora@5.4.1 fetched in 114ms
55 silly resolveWithNewModule ora@5.4.1 checking installable status
56 http fetch GET 200 https://registry.npmjs.org/inquirer 325ms
57 http fetch GET 200 https://registry.npmjs.org/inquirer/-/inquirer-8.1.2.tgz 6ms (from cache)
58 silly pacote version manifest for inquirer@8.1.2 fetched in 340ms
59 silly resolveWithNewModule inquirer@8.1.2 checking installable status
60 http fetch GET 200 https://registry.npmjs.org/uuid 197ms
61 http fetch GET 200 https://registry.npmjs.org/uuid/-/uuid-8.3.2.tgz 6ms (from cache)
62 silly pacote version manifest for uuid@8.3.2 fetched in 207ms
63 silly resolveWithNewModule uuid@8.3.2 checking installable status
64 http fetch GET 200 https://registry.npmjs.org/symbol-observable 219ms
65 http fetch GET 200 https://registry.npmjs.org/symbol-observable/-/symbol-observable-4.0.0.tgz 2ms (from cache)
66 silly pacote version manifest for symbol-observable@4.0.0 fetched in 223ms
67 silly resolveWithNewModule symbol-observable@4.0.0 checking installable status
68 http fetch GET 200 https://registry.npmjs.org/open 412ms
69 http fetch GET 200 https://registry.npmjs.org/open/-/open-8.2.1.tgz 3ms (from cache)
70 silly pacote version manifest for open@8.2.1 fetched in 419ms
71 silly resolveWithNewModule open@8.2.1 checking installable status
72 http fetch GET 200 https://registry.npmjs.org/@angular-devkit%2fschematics 626ms
73 http fetch GET 200 https://registry.npmjs.org/npm-pick-manifest 649ms
74 http fetch GET 200 https://registry.npmjs.org/npm-pick-manifest/-/npm-pick-manifest-6.1.1.tgz 4ms (from cache)
75 silly pacote version manifest for npm-pick-manifest@6.1.1 fetched in 657ms
76 silly resolveWithNewModule npm-pick-manifest@6.1.1 checking installable status
77 http fetch GET 200 https://registry.npmjs.org/resolve 529ms
78 http fetch GET 200 https://registry.npmjs.org/resolve/-/resolve-1.20.0.tgz 6ms (from cache)
79 silly pacote version manifest for resolve@1.20.0 fetched in 538ms
80 silly resolveWithNewModule resolve@1.20.0 checking installable status
81 http fetch GET 200 https://registry.npmjs.org/pacote 621ms
82 http fetch GET 200 https://registry.npmjs.org/pacote/-/pacote-11.3.5.tgz 5ms (from cache)
83 silly pacote version manifest for pacote@11.3.5 fetched in 633ms
84 silly resolveWithNewModule pacote@11.3.5 checking installable status
85 http fetch GET 200 https://registry.npmjs.org/@schematics%2fangular 838ms
86 http fetch GET 200 https://registry.npmjs.org/@angular-devkit/schematics/-/schematics-12.2.12.tgz 211ms
87 silly pacote version manifest for @angular-devkit/schematics@12.2.12 fetched in 845ms
88 silly resolveWithNewModule @angular-devkit/schematics@12.2.12 checking installable status
89 http fetch GET 200 https://registry.npmjs.org/@schematics/angular/-/angular-12.2.12.tgz 556ms
90 silly pacote version manifest for @schematics/angular@12.2.12 fetched in 1398ms
91 silly resolveWithNewModule @schematics/angular@12.2.12 checking installable status
92 http fetch GET 200 https://registry.npmjs.org/rxjs 2ms (from cache)
93 silly pacote version manifest for rxjs@6.6.7 fetched in 5ms
94 silly resolveWithNewModule rxjs@6.6.7 checking installable status
95 http fetch GET 200 https://registry.npmjs.org/ajv 6ms (from cache)
96 http fetch GET 200 https://registry.npmjs.org/source-map 10ms (from cache)
97 http fetch GET 200 https://registry.npmjs.org/source-map/-/source-map-0.7.3.tgz 3ms (from cache)
98 http fetch GET 200 https://registry.npmjs.org/ajv/-/ajv-8.6.2.tgz 18ms (from cache)
99 silly pacote version manifest for ajv@8.6.2 fetched in 34ms
100 silly resolveWithNewModule ajv@8.6.2 checking installable status
101 silly pacote version manifest for source-map@0.7.3 fetched in 33ms
102 silly resolveWithNewModule source-map@0.7.3 checking installable status
103 http fetch GET 200 https://registry.npmjs.org/ajv-formats 50ms
104 http fetch GET 200 https://registry.npmjs.org/ajv-formats/-/ajv-formats-2.1.0.tgz 2ms (from cache)
105 silly pacote version manifest for ajv-formats@2.1.0 fetched in 55ms
106 silly resolveWithNewModule ajv-formats@2.1.0 checking installable status
107 http fetch GET 200 https://registry.npmjs.org/magic-string 66ms
108 http fetch GET 200 https://registry.npmjs.org/fast-json-stable-stringify 67ms
109 http fetch GET 200 https://registry.npmjs.org/magic-string/-/magic-string-0.25.7.tgz 4ms (from cache)
110 http fetch GET 200 https://registry.npmjs.org/fast-json-stable-stringify/-/fast-json-stable-stringify-2.1.0.tgz 4ms (from cache)
111 silly pacote version manifest for magic-string@0.25.7 fetched in 74ms
112 silly resolveWithNewModule magic-string@0.25.7 checking installable status
113 silly pacote version manifest for fast-json-stable-stringify@2.1.0 fetched in 74ms
114 silly resolveWithNewModule fast-json-stable-stringify@2.1.0 checking installable status
115 http fetch GET 200 https://registry.npmjs.org/json-schema-traverse 3ms (from cache)
116 http fetch GET 200 https://registry.npmjs.org/json-schema-traverse/-/json-schema-traverse-1.0.0.tgz 1ms (from cache)
117 silly pacote range manifest for json-schema-traverse@^1.0.0 fetched in 5ms
118 silly resolveWithNewModule json-schema-traverse@1.0.0 checking installable status
119 http fetch GET 200 https://registry.npmjs.org/uri-js 53ms
120 http fetch GET 200 https://registry.npmjs.org/uri-js/-/uri-js-4.4.1.tgz 10ms (from cache)
121 http fetch GET 200 https://registry.npmjs.org/require-from-string 66ms
122 silly pacote range manifest for uri-js@^4.2.2 fetched in 66ms
123 silly resolveWithNewModule uri-js@4.4.1 checking installable status
124 http fetch GET 200 https://registry.npmjs.org/require-from-string/-/require-from-string-2.0.2.tgz 1ms (from cache)
125 silly pacote range manifest for require-from-string@^2.0.2 fetched in 70ms
126 silly resolveWithNewModule require-from-string@2.0.2 checking installable status
127 http fetch GET 200 https://registry.npmjs.org/fast-deep-equal 88ms
128 http fetch GET 200 https://registry.npmjs.org/fast-deep-equal/-/fast-deep-equal-3.1.3.tgz 3ms (from cache)
129 silly pacote range manifest for fast-deep-equal@^3.1.1 fetched in 94ms
130 silly resolveWithNewModule fast-deep-equal@3.1.3 checking installable status
131 http fetch GET 200 https://registry.npmjs.org/punycode 2ms (from cache)
132 http fetch GET 200 https://registry.npmjs.org/punycode/-/punycode-2.1.1.tgz 3ms (from cache)
133 silly pacote range manifest for punycode@^2.1.0 fetched in 6ms
134 silly resolveWithNewModule punycode@2.1.1 checking installable status
135 http fetch GET 200 https://registry.npmjs.org/sourcemap-codec 65ms
136 http fetch GET 200 https://registry.npmjs.org/sourcemap-codec/-/sourcemap-codec-1.4.8.tgz 2ms (from cache)
137 silly pacote range manifest for sourcemap-codec@^1.4.4 fetched in 69ms
138 silly resolveWithNewModule sourcemap-codec@1.4.8 checking installable status
139 http fetch GET 304 https://registry.npmjs.org/tslib 79ms (from cache)
140 silly pacote range manifest for tslib@^1.9.0 fetched in 80ms
141 silly resolveWithNewModule tslib@1.14.1 checking installable status
142 http fetch GET 200 https://registry.npmjs.org/chalk 8ms (from cache)
143 http fetch GET 200 https://registry.npmjs.org/strip-ansi 6ms (from cache)
144 silly pacote range manifest for chalk@^4.1.0 fetched in 10ms
145 silly resolveWithNewModule chalk@4.1.2 checking installable status
146 http fetch GET 200 https://registry.npmjs.org/strip-ansi/-/strip-ansi-6.0.1.tgz 2ms (from cache)
147 silly pacote range manifest for strip-ansi@^6.0.0 fetched in 11ms
148 silly resolveWithNewModule strip-ansi@6.0.1 checking installable status
149 http fetch GET 200 https://registry.npmjs.org/cli-cursor 52ms
150 http fetch GET 200 https://registry.npmjs.org/cli-cursor/-/cli-cursor-3.1.0.tgz 3ms (from cache)
151 silly pacote range manifest for cli-cursor@^3.1.0 fetched in 61ms
152 silly resolveWithNewModule cli-cursor@3.1.0 checking installable status
153 http fetch GET 200 https://registry.npmjs.org/log-symbols 59ms
154 http fetch GET 200 https://registry.npmjs.org/log-symbols/-/log-symbols-4.1.0.tgz 3ms (from cache)
155 http fetch GET 200 https://registry.npmjs.org/cli-spinners 65ms
156 http fetch GET 200 https://registry.npmjs.org/cli-spinners/-/cli-spinners-2.6.1.tgz 1ms (from cache)
157 silly pacote range manifest for log-symbols@^4.1.0 fetched in 67ms
158 silly resolveWithNewModule log-symbols@4.1.0 checking installable status
159 silly pacote range manifest for cli-spinners@^2.5.0 fetched in 69ms
160 silly resolveWithNewModule cli-spinners@2.6.1 checking installable status
161 http fetch GET 200 https://registry.npmjs.org/is-interactive 70ms
162 http fetch GET 200 https://registry.npmjs.org/is-interactive/-/is-interactive-1.0.0.tgz 1ms (from cache)
163 http fetch GET 200 https://registry.npmjs.org/wcwidth 72ms
164 http fetch GET 200 https://registry.npmjs.org/wcwidth/-/wcwidth-1.0.1.tgz 2ms (from cache)
165 silly pacote range manifest for is-interactive@^1.0.0 fetched in 75ms
166 silly resolveWithNewModule is-interactive@1.0.0 checking installable status
167 silly pacote range manifest for wcwidth@^1.0.1 fetched in 75ms
168 silly resolveWithNewModule wcwidth@1.0.1 checking installable status
169 http fetch GET 200 https://registry.npmjs.org/bl 107ms
170 http fetch GET 200 https://registry.npmjs.org/bl/-/bl-4.1.0.tgz 3ms (from cache)
171 http fetch GET 200 https://registry.npmjs.org/is-unicode-supported 112ms
172 silly pacote range manifest for bl@^4.1.0 fetched in 116ms
173 silly resolveWithNewModule bl@4.1.0 checking installable status
174 http fetch GET 200 https://registry.npmjs.org/is-unicode-supported/-/is-unicode-supported-0.1.0.tgz 2ms (from cache)
175 silly pacote range manifest for is-unicode-supported@^0.1.0 fetched in 117ms
176 silly resolveWithNewModule is-unicode-supported@0.1.0 checking installable status
177 http fetch GET 200 https://registry.npmjs.org/inherits 4ms (from cache)
178 http fetch GET 200 https://registry.npmjs.org/inherits/-/inherits-2.0.4.tgz 1ms (from cache)
179 silly pacote range manifest for inherits@^2.0.4 fetched in 7ms
180 silly resolveWithNewModule inherits@2.0.4 checking installable status
181 http fetch GET 200 https://registry.npmjs.org/buffer 122ms
182 http fetch GET 200 https://registry.npmjs.org/buffer/-/buffer-5.7.1.tgz 3ms (from cache)
183 http fetch GET 304 https://registry.npmjs.org/readable-stream 128ms (from cache)
184 http fetch GET 200 https://registry.npmjs.org/readable-stream/-/readable-stream-3.6.0.tgz 2ms (from cache)
185 silly pacote range manifest for buffer@^5.5.0 fetched in 133ms
186 silly resolveWithNewModule buffer@5.7.1 checking installable status
187 silly pacote range manifest for readable-stream@^3.4.0 fetched in 134ms
188 silly resolveWithNewModule readable-stream@3.6.0 checking installable status
189 http fetch GET 200 https://registry.npmjs.org/ieee754 54ms
190 http fetch GET 200 https://registry.npmjs.org/ieee754/-/ieee754-1.2.1.tgz 4ms (from cache)
191 http fetch GET 200 https://registry.npmjs.org/base64-js 63ms
192 silly pacote range manifest for ieee754@^1.1.13 fetched in 65ms
193 silly resolveWithNewModule ieee754@1.2.1 checking installable status
194 http fetch GET 200 https://registry.npmjs.org/base64-js/-/base64-js-1.5.1.tgz 3ms (from cache)
195 silly pacote range manifest for base64-js@^1.3.1 fetched in 69ms
196 silly resolveWithNewModule base64-js@1.5.1 checking installable status
197 http fetch GET 200 https://registry.npmjs.org/string_decoder 2ms (from cache)
198 http fetch GET 200 https://registry.npmjs.org/string_decoder/-/string_decoder-1.3.0.tgz 1ms (from cache)
199 silly pacote range manifest for string_decoder@^1.1.1 fetched in 5ms
200 silly resolveWithNewModule string_decoder@1.3.0 checking installable status
201 http fetch GET 200 https://registry.npmjs.org/util-deprecate 58ms
202 http fetch GET 200 https://registry.npmjs.org/util-deprecate/-/util-deprecate-1.0.2.tgz 4ms (from cache)
203 silly pacote range manifest for util-deprecate@^1.0.1 fetched in 65ms
204 silly resolveWithNewModule util-deprecate@1.0.2 checking installable status
205 http fetch GET 200 https://registry.npmjs.org/safe-buffer 50ms
206 http fetch GET 200 https://registry.npmjs.org/safe-buffer/-/safe-buffer-5.2.1.tgz 3ms (from cache)
207 silly pacote range manifest for safe-buffer@~5.2.0 fetched in 57ms
208 silly resolveWithNewModule safe-buffer@5.2.1 checking installable status
209 http fetch GET 200 https://registry.npmjs.org/supports-color 4ms (from cache)
210 silly pacote range manifest for supports-color@^7.1.0 fetched in 6ms
211 silly resolveWithNewModule supports-color@7.2.0 checking installable status
212 http fetch GET 304 https://registry.npmjs.org/ansi-styles 56ms (from cache)
213 silly pacote range manifest for ansi-styles@^4.1.0 fetched in 58ms
214 silly resolveWithNewModule ansi-styles@4.3.0 checking installable status
215 http fetch GET 304 https://registry.npmjs.org/color-convert 59ms (from cache)
216 silly pacote range manifest for color-convert@^2.0.1 fetched in 62ms
217 silly resolveWithNewModule color-convert@2.0.1 checking installable status
218 http fetch GET 304 https://registry.npmjs.org/color-name 60ms (from cache)
219 silly pacote range manifest for color-name@~1.1.4 fetched in 61ms
220 silly resolveWithNewModule color-name@1.1.4 checking installable status
221 http fetch GET 200 https://registry.npmjs.org/has-flag 3ms (from cache)
222 silly pacote range manifest for has-flag@^4.0.0 fetched in 4ms
223 silly resolveWithNewModule has-flag@4.0.0 checking installable status
224 http fetch GET 200 https://registry.npmjs.org/restore-cursor 86ms
225 http fetch GET 200 https://registry.npmjs.org/restore-cursor/-/restore-cursor-3.1.0.tgz 3ms (from cache)
226 silly pacote range manifest for restore-cursor@^3.1.0 fetched in 94ms
227 silly resolveWithNewModule restore-cursor@3.1.0 checking installable status
228 http fetch GET 200 https://registry.npmjs.org/signal-exit 78ms
229 http fetch GET 200 https://registry.npmjs.org/signal-exit/-/signal-exit-3.0.5.tgz 3ms (from cache)
230 http fetch GET 200 https://registry.npmjs.org/onetime 83ms
231 http fetch GET 200 https://registry.npmjs.org/onetime/-/onetime-5.1.2.tgz 2ms (from cache)
232 silly pacote range manifest for signal-exit@^3.0.2 fetched in 86ms
233 silly resolveWithNewModule signal-exit@3.0.5 checking installable status
234 silly pacote range manifest for onetime@^5.1.0 fetched in 87ms
235 silly resolveWithNewModule onetime@5.1.2 checking installable status
236 http fetch GET 304 https://registry.npmjs.org/mimic-fn 56ms (from cache)
237 http fetch GET 200 https://registry.npmjs.org/mimic-fn/-/mimic-fn-2.1.0.tgz 3ms (from cache)
238 silly pacote range manifest for mimic-fn@^2.1.0 fetched in 62ms
239 silly resolveWithNewModule mimic-fn@2.1.0 checking installable status
240 http fetch GET 200 https://registry.npmjs.org/ansi-regex 2ms (from cache)
241 http fetch GET 200 https://registry.npmjs.org/ansi-regex/-/ansi-regex-5.0.1.tgz 2ms (from cache)
242 silly pacote range manifest for ansi-regex@^5.0.1 fetched in 6ms
243 silly resolveWithNewModule ansi-regex@5.0.1 checking installable status
244 http fetch GET 200 https://registry.npmjs.org/defaults 57ms
245 http fetch GET 200 https://registry.npmjs.org/defaults/-/defaults-1.0.3.tgz 4ms (from cache)
246 silly pacote range manifest for defaults@^1.0.3 fetched in 67ms
247 silly resolveWithNewModule defaults@1.0.3 checking installable status
248 http fetch GET 200 https://registry.npmjs.org/clone 59ms
249 http fetch GET 200 https://registry.npmjs.org/clone/-/clone-1.0.4.tgz 4ms (from cache)
250 silly pacote range manifest for clone@^1.0.2 fetched in 67ms
251 silly resolveWithNewModule clone@1.0.4 checking installable status
252 http fetch GET 304 https://registry.npmjs.org/ms 65ms (from cache)
253 http fetch GET 200 https://registry.npmjs.org/ms/-/ms-2.1.2.tgz 3ms (from cache)
254 silly pacote version manifest for ms@2.1.2 fetched in 71ms
255 silly resolveWithNewModule ms@2.1.2 checking installable status
256 http fetch GET 200 https://registry.npmjs.org/string-width 5ms (from cache)
257 http fetch GET 200 https://registry.npmjs.org/rxjs/-/rxjs-7.4.0.tgz 43ms (from cache)
258 http fetch GET 200 https://registry.npmjs.org/string-width/-/string-width-4.2.3.tgz 43ms (from cache)
259 silly pacote range manifest for rxjs@^7.2.0 fetched in 50ms
260 silly resolveWithNewModule rxjs@7.4.0 checking installable status
261 silly pacote range manifest for string-width@^4.1.0 fetched in 50ms
262 silly resolveWithNewModule string-width@4.2.3 checking installable status
263 http fetch GET 200 https://registry.npmjs.org/run-async 51ms
264 http fetch GET 200 https://registry.npmjs.org/run-async/-/run-async-2.4.1.tgz 2ms (from cache)
265 http fetch GET 200 https://registry.npmjs.org/external-editor 55ms
266 silly pacote range manifest for run-async@^2.4.0 fetched in 57ms
267 silly resolveWithNewModule run-async@2.4.1 checking installable status
268 http fetch GET 200 https://registry.npmjs.org/external-editor/-/external-editor-3.1.0.tgz 3ms (from cache)
269 http fetch GET 200 https://registry.npmjs.org/through 58ms
270 http fetch GET 200 https://registry.npmjs.org/through/-/through-2.3.8.tgz 3ms (from cache)
271 silly pacote range manifest for external-editor@^3.0.3 fetched in 64ms
272 silly resolveWithNewModule external-editor@3.1.0 checking installable status
273 http fetch GET 200 https://registry.npmjs.org/figures 64ms
274 http fetch GET 200 https://registry.npmjs.org/ansi-escapes 66ms
275 http fetch GET 200 https://registry.npmjs.org/figures/-/figures-3.2.0.tgz 3ms (from cache)
276 silly pacote range manifest for through@^2.3.6 fetched in 66ms
277 silly resolveWithNewModule through@2.3.8 checking installable status
278 http fetch GET 200 https://registry.npmjs.org/ansi-escapes/-/ansi-escapes-4.3.2.tgz 2ms (from cache)
279 silly pacote range manifest for figures@^3.0.0 fetched in 70ms
280 silly resolveWithNewModule figures@3.2.0 checking installable status
281 silly pacote range manifest for ansi-escapes@^4.2.1 fetched in 70ms
282 silly resolveWithNewModule ansi-escapes@4.3.2 checking installable status
283 http fetch GET 200 https://registry.npmjs.org/mute-stream 72ms
284 http fetch GET 200 https://registry.npmjs.org/lodash 73ms
285 http fetch GET 200 https://registry.npmjs.org/mute-stream/-/mute-stream-0.0.8.tgz 2ms (from cache)
286 http fetch GET 200 https://registry.npmjs.org/lodash/-/lodash-4.17.21.tgz 16ms (from cache)
287 silly pacote version manifest for mute-stream@0.0.8 fetched in 92ms
288 silly resolveWithNewModule mute-stream@0.0.8 checking installable status
289 silly pacote range manifest for lodash@^4.17.21 fetched in 92ms
290 silly resolveWithNewModule lodash@4.17.21 checking installable status
291 http fetch GET 200 https://registry.npmjs.org/cli-width 112ms
292 http fetch GET 200 https://registry.npmjs.org/cli-width/-/cli-width-3.0.0.tgz 1ms (from cache)
293 silly pacote range manifest for cli-width@^3.0.0 fetched in 115ms
294 silly resolveWithNewModule cli-width@3.0.0 checking installable status
295 http fetch GET 200 https://registry.npmjs.org/type-fest 63ms
296 http fetch GET 200 https://registry.npmjs.org/type-fest/-/type-fest-0.21.3.tgz 4ms (from cache)
297 silly pacote range manifest for type-fest@^0.21.3 fetched in 71ms
298 silly resolveWithNewModule type-fest@0.21.3 checking installable status
299 http fetch GET 200 https://registry.npmjs.org/iconv-lite 2ms (from cache)
300 http fetch GET 200 https://registry.npmjs.org/iconv-lite/-/iconv-lite-0.4.24.tgz 3ms (from cache)
301 silly pacote range manifest for iconv-lite@^0.4.24 fetched in 7ms
302 silly resolveWithNewModule iconv-lite@0.4.24 checking installable status
303 http fetch GET 200 https://registry.npmjs.org/chardet 60ms
304 http fetch GET 200 https://registry.npmjs.org/chardet/-/chardet-0.7.0.tgz 4ms (from cache)
305 http fetch GET 200 https://registry.npmjs.org/tmp 67ms
306 http fetch GET 200 https://registry.npmjs.org/tmp/-/tmp-0.0.33.tgz 5ms (from cache)
307 silly pacote range manifest for chardet@^0.7.0 fetched in 76ms
308 silly resolveWithNewModule chardet@0.7.0 checking installable status
309 silly pacote range manifest for tmp@^0.0.33 fetched in 76ms
310 silly resolveWithNewModule tmp@0.0.33 checking installable status
311 http fetch GET 200 https://registry.npmjs.org/safer-buffer 66ms
312 http fetch GET 200 https://registry.npmjs.org/safer-buffer/-/safer-buffer-2.1.2.tgz 6ms (from cache)
313 silly pacote range manifest for safer-buffer@>= 2.1.2 < 3 fetched in 84ms
314 silly resolveWithNewModule safer-buffer@2.1.2 checking installable status
315 http fetch GET 200 https://registry.npmjs.org/os-tmpdir 64ms
316 http fetch GET 200 https://registry.npmjs.org/os-tmpdir/-/os-tmpdir-1.0.2.tgz 5ms (from cache)
317 silly pacote range manifest for os-tmpdir@~1.0.2 fetched in 72ms
318 silly resolveWithNewModule os-tmpdir@1.0.2 checking installable status
319 http fetch GET 200 https://registry.npmjs.org/escape-string-regexp 61ms
320 http fetch GET 200 https://registry.npmjs.org/escape-string-regexp/-/escape-string-regexp-1.0.5.tgz 3ms (from cache)
321 silly pacote range manifest for escape-string-regexp@^1.0.5 fetched in 67ms
322 silly resolveWithNewModule escape-string-regexp@1.0.5 checking installable status
323 http fetch GET 200 https://registry.npmjs.org/tslib/-/tslib-2.1.0.tgz 3ms (from cache)
324 silly pacote range manifest for tslib@~2.1.0 fetched in 6ms
325 silly resolveWithNewModule tslib@2.1.0 checking installable status
326 http fetch GET 304 https://registry.npmjs.org/is-fullwidth-code-point 57ms (from cache)
327 http fetch GET 304 https://registry.npmjs.org/emoji-regex 60ms (from cache)
328 http fetch GET 200 https://registry.npmjs.org/is-fullwidth-code-point/-/is-fullwidth-code-point-3.0.0.tgz 7ms (from cache)
329 http fetch GET 200 https://registry.npmjs.org/emoji-regex/-/emoji-regex-8.0.0.tgz 4ms (from cache)
330 silly pacote range manifest for is-fullwidth-code-point@^3.0.0 fetched in 68ms
331 silly resolveWithNewModule is-fullwidth-code-point@3.0.0 checking installable status
332 silly pacote range manifest for emoji-regex@^8.0.0 fetched in 68ms
333 silly resolveWithNewModule emoji-regex@8.0.0 checking installable status
334 http fetch GET 200 https://registry.npmjs.org/validate-npm-package-name 65ms
335 http fetch GET 200 https://registry.npmjs.org/hosted-git-info 66ms
336 http fetch GET 200 https://registry.npmjs.org/validate-npm-package-name/-/validate-npm-package-name-3.0.0.tgz 4ms (from cache)
337 http fetch GET 200 https://registry.npmjs.org/hosted-git-info/-/hosted-git-info-4.0.2.tgz 4ms (from cache)
338 silly pacote range manifest for hosted-git-info@^4.0.1 fetched in 75ms
339 silly resolveWithNewModule hosted-git-info@4.0.2 checking installable status
340 silly pacote range manifest for validate-npm-package-name@^3.0.0 fetched in 75ms
341 silly resolveWithNewModule validate-npm-package-name@3.0.0 checking installable status
342 http fetch GET 200 https://registry.npmjs.org/lru-cache 68ms
343 http fetch GET 200 https://registry.npmjs.org/lru-cache/-/lru-cache-6.0.0.tgz 3ms (from cache)
344 silly pacote range manifest for lru-cache@^6.0.0 fetched in 75ms
345 silly resolveWithNewModule lru-cache@6.0.0 checking installable status
346 http fetch GET 200 https://registry.npmjs.org/yallist 67ms
347 http fetch GET 200 https://registry.npmjs.org/yallist/-/yallist-4.0.0.tgz 2ms (from cache)
348 silly pacote range manifest for yallist@^4.0.0 fetched in 72ms
349 silly resolveWithNewModule yallist@4.0.0 checking installable status
350 http fetch GET 200 https://registry.npmjs.org/builtins 61ms
351 http fetch GET 200 https://registry.npmjs.org/builtins/-/builtins-1.0.3.tgz 3ms (from cache)
352 silly pacote range manifest for builtins@^1.0.3 fetched in 66ms
353 silly resolveWithNewModule builtins@1.0.3 checking installable status
354 http fetch GET 200 https://registry.npmjs.org/npm-normalize-package-bin 54ms
355 http fetch GET 200 https://registry.npmjs.org/npm-normalize-package-bin/-/npm-normalize-package-bin-1.0.1.tgz 4ms (from cache)
356 silly pacote range manifest for npm-normalize-package-bin@^1.0.1 fetched in 62ms
357 silly resolveWithNewModule npm-normalize-package-bin@1.0.1 checking installable status
358 http fetch GET 200 https://registry.npmjs.org/npm-install-checks 68ms
359 http fetch GET 200 https://registry.npmjs.org/npm-install-checks/-/npm-install-checks-4.0.0.tgz 2ms (from cache)
360 silly pacote range manifest for npm-install-checks@^4.0.0 fetched in 72ms
361 silly resolveWithNewModule npm-install-checks@4.0.0 checking installable status
362 http fetch GET 200 https://registry.npmjs.org/is-wsl 1ms (from cache)
363 http fetch GET 200 https://registry.npmjs.org/is-wsl/-/is-wsl-2.2.0.tgz 1ms (from cache)
364 silly pacote range manifest for is-wsl@^2.2.0 fetched in 4ms
365 silly resolveWithNewModule is-wsl@2.2.0 checking installable status
366 http fetch GET 200 https://registry.npmjs.org/is-docker 45ms
367 http fetch GET 200 https://registry.npmjs.org/is-docker/-/is-docker-2.2.1.tgz 3ms (from cache)
368 http fetch GET 200 https://registry.npmjs.org/define-lazy-prop 52ms
369 http fetch GET 200 https://registry.npmjs.org/define-lazy-prop/-/define-lazy-prop-2.0.0.tgz 2ms (from cache)
370 silly pacote range manifest for is-docker@^2.1.1 fetched in 55ms
371 silly resolveWithNewModule is-docker@2.2.1 checking installable status
372 silly pacote range manifest for define-lazy-prop@^2.0.0 fetched in 56ms
373 silly resolveWithNewModule define-lazy-prop@2.0.0 checking installable status
374 http fetch GET 200 https://registry.npmjs.org/chownr 51ms
375 http fetch GET 200 https://registry.npmjs.org/chownr/-/chownr-2.0.0.tgz 3ms (from cache)
376 silly pacote range manifest for chownr@^2.0.0 fetched in 58ms
377 silly resolveWithNewModule chownr@2.0.0 checking installable status
378 http fetch GET 200 https://registry.npmjs.org/cacache 86ms
379 http fetch GET 200 https://registry.npmjs.org/infer-owner 94ms
380 http fetch GET 200 https://registry.npmjs.org/fs-minipass 95ms
381 http fetch GET 200 https://registry.npmjs.org/minipass 95ms
382 http fetch GET 200 https://registry.npmjs.org/@npmcli%2fpromise-spawn 97ms
383 http fetch GET 200 https://registry.npmjs.org/infer-owner/-/infer-owner-1.0.4.tgz 4ms (from cache)
384 http fetch GET 200 https://registry.npmjs.org/fs-minipass/-/fs-minipass-2.1.0.tgz 3ms (from cache)
385 http fetch GET 200 https://registry.npmjs.org/minipass/-/minipass-3.1.5.tgz 5ms (from cache)
386 http fetch GET 200 https://registry.npmjs.org/@npmcli/promise-spawn/-/promise-spawn-1.3.2.tgz 4ms (from cache)
387 silly pacote range manifest for infer-owner@^1.0.4 fetched in 104ms
388 silly resolveWithNewModule infer-owner@1.0.4 checking installable status
389 silly pacote range manifest for fs-minipass@^2.1.0 fetched in 106ms
390 silly resolveWithNewModule fs-minipass@2.1.0 checking installable status
391 silly pacote range manifest for minipass@^3.1.3 fetched in 106ms
392 silly resolveWithNewModule minipass@3.1.5 checking installable status
393 silly pacote range manifest for @npmcli/promise-spawn@^1.2.0 fetched in 108ms
394 silly resolveWithNewModule @npmcli/promise-spawn@1.3.2 checking installable status
395 http fetch GET 200 https://registry.npmjs.org/@npmcli%2frun-script 110ms
396 http fetch GET 200 https://registry.npmjs.org/rimraf 5ms (from cache)
397 http fetch GET 200 https://registry.npmjs.org/@npmcli/run-script/-/run-script-1.8.6.tgz 3ms (from cache)
398 http fetch GET 200 https://registry.npmjs.org/@npmcli%2finstalled-package-contents 117ms
399 http fetch GET 200 https://registry.npmjs.org/@npmcli%2fgit 118ms
400 http fetch GET 200 https://registry.npmjs.org/rimraf/-/rimraf-3.0.2.tgz 4ms (from cache)
401 silly pacote range manifest for @npmcli/run-script@^1.8.2 fetched in 121ms
402 silly resolveWithNewModule @npmcli/run-script@1.8.6 checking installable status
403 http fetch GET 200 https://registry.npmjs.org/@npmcli/installed-package-contents/-/installed-package-contents-1.0.7.tgz 4ms (from cache)
404 http fetch GET 200 https://registry.npmjs.org/@npmcli/git/-/git-2.1.0.tgz 4ms (from cache)
405 silly pacote range manifest for rimraf@^3.0.2 fetched in 15ms
406 silly resolveWithNewModule rimraf@3.0.2 checking installable status
407 silly pacote range manifest for @npmcli/installed-package-contents@^1.0.6 fetched in 127ms
408 silly resolveWithNewModule @npmcli/installed-package-contents@1.0.7 checking installable status
409 http fetch GET 200 https://registry.npmjs.org/npm-packlist 70ms
410 silly pacote range manifest for @npmcli/git@^2.1.0 fetched in 130ms
411 silly resolveWithNewModule @npmcli/git@2.1.0 checking installable status
412 http fetch GET 200 https://registry.npmjs.org/npm-packlist/-/npm-packlist-2.2.2.tgz 3ms (from cache)
413 silly pacote range manifest for npm-packlist@^2.1.4 fetched in 75ms
414 silly resolveWithNewModule npm-packlist@2.2.2 checking installable status
415 http fetch GET 200 https://registry.npmjs.org/cacache/-/cacache-15.3.0.tgz 72ms
416 silly pacote range manifest for cacache@^15.0.5 fetched in 164ms
417 silly resolveWithNewModule cacache@15.3.0 checking installable status
418 http fetch GET 200 https://registry.npmjs.org/npm-registry-fetch 75ms
419 http fetch GET 200 https://registry.npmjs.org/npm-registry-fetch/-/npm-registry-fetch-11.0.0.tgz 3ms (from cache)
420 silly pacote range manifest for npm-registry-fetch@^11.0.0 fetched in 81ms
421 silly resolveWithNewModule npm-registry-fetch@11.0.0 checking installable status
422 http fetch GET 200 https://registry.npmjs.org/promise-retry 83ms
423 http fetch GET 200 https://registry.npmjs.org/promise-retry/-/promise-retry-2.0.1.tgz 3ms (from cache)
424 silly pacote range manifest for promise-retry@^2.0.1 fetched in 89ms
425 silly resolveWithNewModule promise-retry@2.0.1 checking installable status
426 http fetch GET 200 https://registry.npmjs.org/read-package-json-fast 97ms
427 http fetch GET 200 https://registry.npmjs.org/tar 83ms
428 http fetch GET 200 https://registry.npmjs.org/read-package-json-fast/-/read-package-json-fast-2.0.3.tgz 4ms (from cache)
429 http fetch GET 200 https://registry.npmjs.org/tar/-/tar-6.1.11.tgz 4ms (from cache)
430 silly pacote range manifest for read-package-json-fast@^2.0.1 fetched in 105ms
431 silly resolveWithNewModule read-package-json-fast@2.0.3 checking installable status
432 silly pacote range manifest for tar@^6.1.0 fetched in 90ms
433 silly resolveWithNewModule tar@6.1.11 checking installable status
434 http fetch GET 304 https://registry.npmjs.org/mkdirp 331ms (from cache)
435 http fetch GET 200 https://registry.npmjs.org/mkdirp/-/mkdirp-1.0.4.tgz 3ms (from cache)
436 silly pacote range manifest for mkdirp@^1.0.3 fetched in 338ms
437 silly resolveWithNewModule mkdirp@1.0.4 checking installable status
438 http fetch GET 200 https://registry.npmjs.org/ssri 4952ms
439 http fetch GET 200 https://registry.npmjs.org/ssri/-/ssri-8.0.1.tgz 5ms (from cache)
440 silly pacote range manifest for ssri@^8.0.1 fetched in 4961ms
441 silly resolveWithNewModule ssri@8.0.1 checking installable status
442 http fetch GET 200 https://registry.npmjs.org/which 58ms
443 http fetch GET 200 https://registry.npmjs.org/which/-/which-2.0.2.tgz 4ms (from cache)
444 silly pacote range manifest for which@^2.0.2 fetched in 65ms
445 silly resolveWithNewModule which@2.0.2 checking installable status
446 http fetch GET 200 https://registry.npmjs.org/promise-inflight 144ms
447 http fetch GET 200 https://registry.npmjs.org/promise-inflight/-/promise-inflight-1.0.1.tgz 3ms (from cache)
448 silly pacote range manifest for promise-inflight@^1.0.1 fetched in 150ms
449 silly resolveWithNewModule promise-inflight@1.0.1 checking installable status
450 http fetch GET 200 https://registry.npmjs.org/err-code 66ms
451 http fetch GET 200 https://registry.npmjs.org/err-code/-/err-code-2.0.3.tgz 6ms (from cache)
452 http fetch GET 200 https://registry.npmjs.org/retry 75ms
453 silly pacote range manifest for err-code@^2.0.2 fetched in 77ms
454 silly resolveWithNewModule err-code@2.0.3 checking installable status
455 http fetch GET 200 https://registry.npmjs.org/retry/-/retry-0.12.0.tgz 3ms (from cache)
456 silly pacote range manifest for retry@^0.12.0 fetched in 80ms
457 silly resolveWithNewModule retry@0.12.0 checking installable status
458 http fetch GET 200 https://registry.npmjs.org/isexe 89ms
459 http fetch GET 200 https://registry.npmjs.org/isexe/-/isexe-2.0.0.tgz 3ms (from cache)
460 silly pacote range manifest for isexe@^2.0.0 fetched in 96ms
461 silly resolveWithNewModule isexe@2.0.0 checking installable status
462 http fetch GET 200 https://registry.npmjs.org/npm-bundled 64ms
463 http fetch GET 200 https://registry.npmjs.org/npm-bundled/-/npm-bundled-1.1.2.tgz 2ms (from cache)
464 silly pacote range manifest for npm-bundled@^1.1.1 fetched in 69ms
465 silly resolveWithNewModule npm-bundled@1.1.2 checking installable status
466 http fetch GET 200 https://registry.npmjs.org/node-gyp 83ms
467 http fetch GET 200 https://registry.npmjs.org/node-gyp/-/node-gyp-7.1.2.tgz 15ms (from cache)
468 http fetch GET 200 https://registry.npmjs.org/@npmcli%2fnode-gyp 104ms
469 silly pacote range manifest for node-gyp@^7.1.0 fetched in 104ms
470 silly resolveWithNewModule node-gyp@7.1.2 checking installable status
471 http fetch GET 200 https://registry.npmjs.org/@npmcli/node-gyp/-/node-gyp-1.0.3.tgz 2ms (from cache)
472 silly pacote range manifest for @npmcli/node-gyp@^1.0.2 fetched in 108ms
473 silly resolveWithNewModule @npmcli/node-gyp@1.0.3 checking installable status
474 http fetch GET 200 https://registry.npmjs.org/request 75ms
475 http fetch GET 200 https://registry.npmjs.org/env-paths 84ms
476 http fetch GET 200 https://registry.npmjs.org/request/-/request-2.88.2.tgz 4ms (from cache)
477 http fetch GET 200 https://registry.npmjs.org/npmlog 87ms
478 http fetch GET 200 https://registry.npmjs.org/graceful-fs 88ms
479 http fetch GET 200 https://registry.npmjs.org/nopt 89ms
480 http fetch GET 200 https://registry.npmjs.org/env-paths/-/env-paths-2.2.1.tgz 4ms (from cache)
481 http fetch GET 200 https://registry.npmjs.org/npmlog/-/npmlog-4.1.2.tgz 4ms (from cache)
482 http fetch GET 200 https://registry.npmjs.org/graceful-fs/-/graceful-fs-4.2.8.tgz 4ms (from cache)
483 http fetch GET 200 https://registry.npmjs.org/nopt/-/nopt-5.0.0.tgz 4ms (from cache)
484 silly pacote range manifest for request@^2.88.2 fetched in 93ms
485 warn deprecated request@2.88.2: request has been deprecated, see https://github.com/request/request/issues/3142
486 silly resolveWithNewModule request@2.88.2 checking installable status
487 silly pacote range manifest for env-paths@^2.2.0 fetched in 96ms
488 silly resolveWithNewModule env-paths@2.2.1 checking installable status
489 silly pacote range manifest for npmlog@^4.1.2 fetched in 97ms
490 silly resolveWithNewModule npmlog@4.1.2 checking installable status
491 silly pacote range manifest for graceful-fs@^4.2.3 fetched in 97ms
492 silly resolveWithNewModule graceful-fs@4.2.8 checking installable status
493 http fetch GET 200 https://registry.npmjs.org/glob 97ms
494 silly pacote range manifest for nopt@^5.0.0 fetched in 98ms
495 silly resolveWithNewModule nopt@5.0.0 checking installable status
496 http fetch GET 200 https://registry.npmjs.org/glob/-/glob-7.2.0.tgz 59ms
497 silly pacote range manifest for glob@^7.1.4 fetched in 160ms
498 silly resolveWithNewModule glob@7.2.0 checking installable status
499 http fetch GET 200 https://registry.npmjs.org/once 42ms
500 http fetch GET 200 https://registry.npmjs.org/once/-/once-1.4.0.tgz 3ms (from cache)
501 silly pacote range manifest for once@^1.3.0 fetched in 48ms
502 silly resolveWithNewModule once@1.4.0 checking installable status
503 http fetch GET 200 https://registry.npmjs.org/inflight 52ms
504 http fetch GET 200 https://registry.npmjs.org/inflight/-/inflight-1.0.6.tgz 5ms (from cache)
505 http fetch GET 200 https://registry.npmjs.org/fs.realpath 59ms
506 silly pacote range manifest for inflight@^1.0.4 fetched in 60ms
507 silly resolveWithNewModule inflight@1.0.6 checking installable status
508 http fetch GET 200 https://registry.npmjs.org/fs.realpath/-/fs.realpath-1.0.0.tgz 3ms (from cache)
509 http fetch GET 200 https://registry.npmjs.org/path-is-absolute 63ms
510 silly pacote range manifest for fs.realpath@^1.0.0 fetched in 66ms
511 silly resolveWithNewModule fs.realpath@1.0.0 checking installable status
512 http fetch GET 200 https://registry.npmjs.org/minimatch 66ms
513 http fetch GET 200 https://registry.npmjs.org/path-is-absolute/-/path-is-absolute-1.0.1.tgz 2ms (from cache)
514 http fetch GET 200 https://registry.npmjs.org/minimatch/-/minimatch-3.0.4.tgz 1ms (from cache)
515 silly pacote range manifest for path-is-absolute@^1.0.0 fetched in 69ms
516 silly resolveWithNewModule path-is-absolute@1.0.1 checking installable status
517 silly pacote range manifest for minimatch@^3.0.4 fetched in 71ms
518 silly resolveWithNewModule minimatch@3.0.4 checking installable status
519 http fetch GET 200 https://registry.npmjs.org/wrappy 548ms
520 http fetch GET 200 https://registry.npmjs.org/wrappy/-/wrappy-1.0.2.tgz 3ms (from cache)
521 silly pacote range manifest for wrappy@1 fetched in 555ms
522 silly resolveWithNewModule wrappy@1.0.2 checking installable status
523 http fetch GET 200 https://registry.npmjs.org/brace-expansion 55ms
524 http fetch GET 200 https://registry.npmjs.org/brace-expansion/-/brace-expansion-1.1.11.tgz 3ms (from cache)
525 silly pacote range manifest for brace-expansion@^1.1.7 fetched in 61ms
526 silly resolveWithNewModule brace-expansion@1.1.11 checking installable status
527 http fetch GET 200 https://registry.npmjs.org/concat-map 52ms
528 http fetch GET 200 https://registry.npmjs.org/concat-map/-/concat-map-0.0.1.tgz 3ms (from cache)
529 silly pacote version manifest for concat-map@0.0.1 fetched in 58ms
530 silly resolveWithNewModule concat-map@0.0.1 checking installable status
531 http fetch GET 200 https://registry.npmjs.org/balanced-match 77ms
532 http fetch GET 200 https://registry.npmjs.org/balanced-match/-/balanced-match-1.0.2.tgz 3ms (from cache)
533 silly pacote range manifest for balanced-match@^1.0.0 fetched in 83ms
534 silly resolveWithNewModule balanced-match@1.0.2 checking installable status
535 http fetch GET 200 https://registry.npmjs.org/abbrev 56ms
536 http fetch GET 200 https://registry.npmjs.org/abbrev/-/abbrev-1.1.1.tgz 3ms (from cache)
537 silly pacote range manifest for abbrev@1 fetched in 62ms
538 silly resolveWithNewModule abbrev@1.1.1 checking installable status
539 http fetch GET 200 https://registry.npmjs.org/console-control-strings 47ms
540 http fetch GET 200 https://registry.npmjs.org/console-control-strings/-/console-control-strings-1.1.0.tgz 7ms (from cache)
541 http fetch GET 200 https://registry.npmjs.org/gauge 56ms
542 http fetch GET 200 https://registry.npmjs.org/are-we-there-yet 60ms
543 silly pacote range manifest for console-control-strings@~1.1.0 fetched in 61ms
544 silly resolveWithNewModule console-control-strings@1.1.0 checking installable status
545 http fetch GET 200 https://registry.npmjs.org/gauge/-/gauge-2.7.4.tgz 5ms (from cache)
546 http fetch GET 200 https://registry.npmjs.org/are-we-there-yet/-/are-we-there-yet-1.1.7.tgz 5ms (from cache)
547 silly pacote range manifest for gauge@~2.7.3 fetched in 65ms
548 silly resolveWithNewModule gauge@2.7.4 checking installable status
549 silly pacote range manifest for are-we-there-yet@~1.1.2 fetched in 66ms
550 silly resolveWithNewModule are-we-there-yet@1.1.7 checking installable status
551 http fetch GET 200 https://registry.npmjs.org/set-blocking 67ms
552 http fetch GET 200 https://registry.npmjs.org/set-blocking/-/set-blocking-2.0.0.tgz 1ms (from cache)
553 silly pacote range manifest for set-blocking@~2.0.0 fetched in 70ms
554 silly resolveWithNewModule set-blocking@2.0.0 checking installable status
555 silly pacote range manifest for readable-stream@^2.0.6 fetched in 1ms
556 silly resolveWithNewModule readable-stream@2.3.7 checking installable status
557 http fetch GET 200 https://registry.npmjs.org/delegates 49ms
558 http fetch GET 200 https://registry.npmjs.org/delegates/-/delegates-1.0.0.tgz 3ms (from cache)
559 silly pacote range manifest for delegates@^1.0.0 fetched in 56ms
560 silly resolveWithNewModule delegates@1.0.0 checking installable status
561 silly pacote range manifest for string_decoder@~1.1.1 fetched in 4ms
562 silly resolveWithNewModule string_decoder@1.1.1 checking installable status
563 http fetch GET 200 https://registry.npmjs.org/safe-buffer/-/safe-buffer-5.1.2.tgz 4ms (from cache)
564 silly pacote range manifest for safe-buffer@~5.1.1 fetched in 8ms
565 silly resolveWithNewModule safe-buffer@5.1.2 checking installable status
566 http fetch GET 200 https://registry.npmjs.org/core-util-is 50ms
567 http fetch GET 200 https://registry.npmjs.org/process-nextick-args 52ms
568 http fetch GET 200 https://registry.npmjs.org/core-util-is/-/core-util-is-1.0.3.tgz 6ms (from cache)
569 http fetch GET 200 https://registry.npmjs.org/process-nextick-args/-/process-nextick-args-2.0.1.tgz 4ms (from cache)
570 http fetch GET 200 https://registry.npmjs.org/isarray 60ms
571 silly pacote range manifest for core-util-is@~1.0.0 fetched in 63ms
572 silly resolveWithNewModule core-util-is@1.0.3 checking installable status
573 silly pacote range manifest for process-nextick-args@~2.0.0 fetched in 63ms
574 silly resolveWithNewModule process-nextick-args@2.0.1 checking installable status
575 http fetch GET 200 https://registry.npmjs.org/isarray/-/isarray-1.0.0.tgz 3ms (from cache)
576 silly pacote range manifest for isarray@~1.0.0 fetched in 65ms
577 silly resolveWithNewModule isarray@1.0.0 checking installable status
578 silly pacote range manifest for strip-ansi@^3.0.1 fetched in 3ms
579 silly resolveWithNewModule strip-ansi@3.0.1 checking installable status
580 http fetch GET 200 https://registry.npmjs.org/string-width/-/string-width-1.0.2.tgz 2ms (from cache)
581 silly pacote range manifest for string-width@^1.0.1 fetched in 5ms
582 silly resolveWithNewModule string-width@1.0.2 checking installable status
583 http fetch GET 200 https://registry.npmjs.org/aproba 54ms
584 http fetch GET 200 https://registry.npmjs.org/object-assign 56ms
585 http fetch GET 200 https://registry.npmjs.org/aproba/-/aproba-1.2.0.tgz 6ms (from cache)
586 http fetch GET 200 https://registry.npmjs.org/has-unicode 62ms
587 http fetch GET 200 https://registry.npmjs.org/object-assign/-/object-assign-4.1.1.tgz 6ms (from cache)
588 http fetch GET 200 https://registry.npmjs.org/wide-align 66ms
589 http fetch GET 200 https://registry.npmjs.org/has-unicode/-/has-unicode-2.0.1.tgz 3ms (from cache)
590 silly pacote range manifest for aproba@^1.0.3 fetched in 68ms
591 silly resolveWithNewModule aproba@1.2.0 checking installable status
592 silly pacote range manifest for object-assign@^4.1.0 fetched in 68ms
593 silly resolveWithNewModule object-assign@4.1.1 checking installable status
594 http fetch GET 200 https://registry.npmjs.org/wide-align/-/wide-align-1.1.5.tgz 3ms (from cache)
595 silly pacote range manifest for has-unicode@^2.0.0 fetched in 71ms
596 silly resolveWithNewModule has-unicode@2.0.1 checking installable status
597 silly pacote range manifest for wide-align@^1.1.0 fetched in 71ms
598 silly resolveWithNewModule wide-align@1.1.5 checking installable status
599 http fetch GET 200 https://registry.npmjs.org/is-fullwidth-code-point/-/is-fullwidth-code-point-1.0.0.tgz 1ms (from cache)
600 silly pacote range manifest for is-fullwidth-code-point@^1.0.0 fetched in 2ms
601 silly resolveWithNewModule is-fullwidth-code-point@1.0.0 checking installable status
602 http fetch GET 200 https://registry.npmjs.org/code-point-at 50ms
603 http fetch GET 200 https://registry.npmjs.org/code-point-at/-/code-point-at-1.1.0.tgz 2ms (from cache)
604 silly pacote range manifest for code-point-at@^1.0.0 fetched in 55ms
605 silly resolveWithNewModule code-point-at@1.1.0 checking installable status
606 http fetch GET 200 https://registry.npmjs.org/number-is-nan 50ms
607 http fetch GET 200 https://registry.npmjs.org/number-is-nan/-/number-is-nan-1.0.1.tgz 3ms (from cache)
608 silly pacote range manifest for number-is-nan@^1.0.0 fetched in 55ms
609 silly resolveWithNewModule number-is-nan@1.0.1 checking installable status
610 silly pacote range manifest for ansi-regex@^2.0.0 fetched in 2ms
611 silly resolveWithNewModule ansi-regex@2.1.1 checking installable status
612 http fetch GET 200 https://registry.npmjs.org/form-data 52ms
613 http fetch GET 200 https://registry.npmjs.org/form-data/-/form-data-2.3.3.tgz 4ms (from cache)
614 silly pacote range manifest for form-data@~2.3.2 fetched in 59ms
615 silly resolveWithNewModule form-data@2.3.3 checking installable status
616 http fetch GET 200 https://registry.npmjs.org/caseless 76ms
617 http fetch GET 200 https://registry.npmjs.org/har-validator 75ms
618 http fetch GET 200 https://registry.npmjs.org/forever-agent 77ms
619 http fetch GET 200 https://registry.npmjs.org/http-signature 78ms
620 http fetch GET 200 https://registry.npmjs.org/is-typedarray 78ms
621 http fetch GET 200 https://registry.npmjs.org/caseless/-/caseless-0.12.0.tgz 7ms (from cache)
622 http fetch GET 200 https://registry.npmjs.org/har-validator/-/har-validator-5.1.5.tgz 8ms (from cache)
623 http fetch GET 200 https://registry.npmjs.org/forever-agent/-/forever-agent-0.6.1.tgz 6ms (from cache)
624 http fetch GET 200 https://registry.npmjs.org/http-signature/-/http-signature-1.2.0.tgz 6ms (from cache)
625 http fetch GET 200 https://registry.npmjs.org/is-typedarray/-/is-typedarray-1.0.0.tgz 6ms (from cache)
626 silly pacote range manifest for caseless@~0.12.0 fetched in 89ms
627 silly resolveWithNewModule caseless@0.12.0 checking installable status
628 silly pacote range manifest for har-validator@~5.1.3 fetched in 89ms
629 warn deprecated har-validator@5.1.5: this library is no longer supported
630 silly resolveWithNewModule har-validator@5.1.5 checking installable status
631 silly pacote range manifest for forever-agent@~0.6.1 fetched in 90ms
632 silly resolveWithNewModule forever-agent@0.6.1 checking installable status
633 silly pacote range manifest for is-typedarray@~1.0.0 fetched in 90ms
634 silly resolveWithNewModule is-typedarray@1.0.0 checking installable status
635 silly pacote range manifest for http-signature@~1.2.0 fetched in 91ms
636 silly resolveWithNewModule http-signature@1.2.0 checking installable status
637 http fetch GET 200 https://registry.npmjs.org/isstream 51ms
638 http fetch GET 200 https://registry.npmjs.org/isstream/-/isstream-0.1.2.tgz 3ms (from cache)
639 silly pacote range manifest for isstream@~0.1.2 fetched in 57ms
640 silly resolveWithNewModule isstream@0.1.2 checking installable status
641 http fetch GET 200 https://registry.npmjs.org/aws4 147ms
642 http fetch GET 200 https://registry.npmjs.org/oauth-sign 57ms
643 http fetch GET 200 https://registry.npmjs.org/aws4/-/aws4-1.11.0.tgz 4ms (from cache)
644 http fetch GET 200 https://registry.npmjs.org/oauth-sign/-/oauth-sign-0.9.0.tgz 4ms (from cache)
645 silly pacote range manifest for aws4@^1.8.0 fetched in 156ms
646 silly resolveWithNewModule aws4@1.11.0 checking installable status
647 silly pacote range manifest for oauth-sign@~0.9.0 fetched in 66ms
648 silly resolveWithNewModule oauth-sign@0.9.0 checking installable status
649 http fetch GET 200 https://registry.npmjs.org/uuid/-/uuid-3.4.0.tgz 3ms (from cache)
650 silly pacote range manifest for uuid@^3.3.2 fetched in 5ms
651 warn deprecated uuid@3.4.0: Please upgrade  to version 7 or higher.  Older versions may use Math.random() in certain circumstances, which is known to be problematic.  See https://v8.dev/blog/math-random for details.
652 silly resolveWithNewModule uuid@3.4.0 checking installable status
653 http fetch GET 200 https://registry.npmjs.org/qs 128ms
654 http fetch GET 200 https://registry.npmjs.org/qs/-/qs-6.5.2.tgz 5ms (from cache)
655 silly pacote range manifest for qs@~6.5.2 fetched in 139ms
656 silly resolveWithNewModule qs@6.5.2 checking installable status
657 http fetch GET 200 https://registry.npmjs.org/json-stringify-safe 145ms
658 http fetch GET 200 https://registry.npmjs.org/mime-types 145ms
659 http fetch GET 200 https://registry.npmjs.org/json-stringify-safe/-/json-stringify-safe-5.0.1.tgz 2ms (from cache)
660 http fetch GET 200 https://registry.npmjs.org/mime-types/-/mime-types-2.1.33.tgz 3ms (from cache)
661 silly pacote range manifest for json-stringify-safe@~5.0.1 fetched in 151ms
662 silly resolveWithNewModule json-stringify-safe@5.0.1 checking installable status
663 silly pacote range manifest for mime-types@~2.1.19 fetched in 150ms
664 silly resolveWithNewModule mime-types@2.1.33 checking installable status
665 http fetch GET 200 https://registry.npmjs.org/tough-cookie 128ms
666 http fetch GET 200 https://registry.npmjs.org/performance-now 155ms
667 http fetch GET 200 https://registry.npmjs.org/tunnel-agent 91ms
668 http fetch GET 200 https://registry.npmjs.org/tough-cookie/-/tough-cookie-2.5.0.tgz 3ms (from cache)
669 http fetch GET 200 https://registry.npmjs.org/performance-now/-/performance-now-2.1.0.tgz 3ms (from cache)
670 http fetch GET 200 https://registry.npmjs.org/tunnel-agent/-/tunnel-agent-0.6.0.tgz 3ms (from cache)
671 silly pacote range manifest for tough-cookie@~2.5.0 fetched in 134ms
672 silly resolveWithNewModule tough-cookie@2.5.0 checking installable status
673 silly pacote range manifest for tunnel-agent@^0.6.0 fetched in 96ms
674 silly resolveWithNewModule tunnel-agent@0.6.0 checking installable status
675 silly pacote range manifest for performance-now@^2.1.0 fetched in 162ms
676 silly resolveWithNewModule performance-now@2.1.0 checking installable status
677 http fetch GET 200 https://registry.npmjs.org/aws-sign2 553ms
678 http fetch GET 200 https://registry.npmjs.org/extend 553ms
679 http fetch GET 200 https://registry.npmjs.org/combined-stream 554ms
680 http fetch GET 200 https://registry.npmjs.org/aws-sign2/-/aws-sign2-0.7.0.tgz 6ms (from cache)
681 http fetch GET 200 https://registry.npmjs.org/extend/-/extend-3.0.2.tgz 6ms (from cache)
682 http fetch GET 200 https://registry.npmjs.org/combined-stream/-/combined-stream-1.0.8.tgz 6ms (from cache)
683 silly pacote range manifest for aws-sign2@~0.7.0 fetched in 565ms
684 silly resolveWithNewModule aws-sign2@0.7.0 checking installable status
685 silly pacote range manifest for combined-stream@~1.0.6 fetched in 564ms
686 silly resolveWithNewModule combined-stream@1.0.8 checking installable status
687 silly pacote range manifest for extend@~3.0.2 fetched in 565ms
688 silly resolveWithNewModule extend@3.0.2 checking installable status
689 http fetch GET 200 https://registry.npmjs.org/delayed-stream 53ms
690 http fetch GET 200 https://registry.npmjs.org/delayed-stream/-/delayed-stream-1.0.0.tgz 4ms (from cache)
691 silly pacote range manifest for delayed-stream@~1.0.0 fetched in 61ms
692 silly resolveWithNewModule delayed-stream@1.0.0 checking installable status
693 http fetch GET 200 https://registry.npmjs.org/asynckit 65ms
694 http fetch GET 200 https://registry.npmjs.org/asynckit/-/asynckit-0.4.0.tgz 4ms (from cache)
695 silly pacote range manifest for asynckit@^0.4.0 fetched in 73ms
696 silly resolveWithNewModule asynckit@0.4.0 checking installable status
697 http fetch GET 200 https://registry.npmjs.org/mime-db 56ms
698 http fetch GET 200 https://registry.npmjs.org/mime-db/-/mime-db-1.50.0.tgz 4ms (from cache)
699 silly pacote version manifest for mime-db@1.50.0 fetched in 62ms
700 silly resolveWithNewModule mime-db@1.50.0 checking installable status
701 silly pacote range manifest for ajv@^6.12.3 fetched in 5ms
702 silly resolveWithNewModule ajv@6.12.6 checking installable status
703 http fetch GET 200 https://registry.npmjs.org/har-schema 54ms
704 http fetch GET 200 https://registry.npmjs.org/har-schema/-/har-schema-2.0.0.tgz 3ms (from cache)
705 silly pacote range manifest for har-schema@^2.0.0 fetched in 62ms
706 silly resolveWithNewModule har-schema@2.0.0 checking installable status
707 silly pacote range manifest for json-schema-traverse@^0.4.1 fetched in 1ms
708 silly resolveWithNewModule json-schema-traverse@0.4.1 checking installable status
709 http fetch GET 200 https://registry.npmjs.org/jsprim 50ms
710 http fetch GET 200 https://registry.npmjs.org/jsprim/-/jsprim-1.4.1.tgz 4ms (from cache)
711 http fetch GET 200 https://registry.npmjs.org/assert-plus 57ms
712 silly pacote range manifest for jsprim@^1.2.2 fetched in 59ms
713 silly resolveWithNewModule jsprim@1.4.1 checking installable status
714 http fetch GET 200 https://registry.npmjs.org/assert-plus/-/assert-plus-1.0.0.tgz 3ms (from cache)
715 silly pacote range manifest for assert-plus@^1.0.0 fetched in 63ms
716 silly resolveWithNewModule assert-plus@1.0.0 checking installable status
717 http fetch GET 200 https://registry.npmjs.org/sshpk 78ms
718 http fetch GET 200 https://registry.npmjs.org/sshpk/-/sshpk-1.16.1.tgz 5ms (from cache)
719 silly pacote range manifest for sshpk@^1.7.0 fetched in 86ms
720 silly resolveWithNewModule sshpk@1.16.1 checking installable status
721 http fetch GET 200 https://registry.npmjs.org/extsprintf 52ms
722 http fetch GET 200 https://registry.npmjs.org/verror 53ms
723 http fetch GET 200 https://registry.npmjs.org/verror/-/verror-1.10.0.tgz 4ms (from cache)
724 http fetch GET 200 https://registry.npmjs.org/extsprintf/-/extsprintf-1.3.0.tgz 5ms (from cache)
725 silly pacote version manifest for verror@1.10.0 fetched in 62ms
726 silly resolveWithNewModule verror@1.10.0 checking installable status
727 silly pacote version manifest for extsprintf@1.3.0 fetched in 63ms
728 silly resolveWithNewModule extsprintf@1.3.0 checking installable status
729 http fetch GET 200 https://registry.npmjs.org/json-schema 63ms
730 http fetch GET 200 https://registry.npmjs.org/json-schema/-/json-schema-0.2.3.tgz 4ms (from cache)
731 silly pacote version manifest for json-schema@0.2.3 fetched in 69ms
732 silly resolveWithNewModule json-schema@0.2.3 checking installable status
733 http fetch GET 200 https://registry.npmjs.org/core-util-is/-/core-util-is-1.0.2.tgz 1ms (from cache)
734 silly pacote version manifest for core-util-is@1.0.2 fetched in 2ms
735 silly resolveWithNewModule core-util-is@1.0.2 checking installable status
736 http fetch GET 200 https://registry.npmjs.org/getpass 60ms
737 http fetch GET 200 https://registry.npmjs.org/bcrypt-pbkdf 60ms
738 http fetch GET 200 https://registry.npmjs.org/asn1 66ms
739 http fetch GET 200 https://registry.npmjs.org/ecc-jsbn 67ms
740 http fetch GET 200 https://registry.npmjs.org/getpass/-/getpass-0.1.7.tgz 9ms (from cache)
741 http fetch GET 200 https://registry.npmjs.org/bcrypt-pbkdf/-/bcrypt-pbkdf-1.0.2.tgz 6ms (from cache)
742 http fetch GET 200 https://registry.npmjs.org/dashdash 73ms
743 http fetch GET 200 https://registry.npmjs.org/asn1/-/asn1-0.2.4.tgz 5ms (from cache)
744 http fetch GET 200 https://registry.npmjs.org/ecc-jsbn/-/ecc-jsbn-0.1.2.tgz 6ms (from cache)
745 http fetch GET 200 https://registry.npmjs.org/tweetnacl 77ms
746 silly pacote range manifest for getpass@^0.1.1 fetched in 79ms
747 silly resolveWithNewModule getpass@0.1.7 checking installable status
748 silly pacote range manifest for bcrypt-pbkdf@^1.0.0 fetched in 79ms
749 silly resolveWithNewModule bcrypt-pbkdf@1.0.2 checking installable status
750 http fetch GET 200 https://registry.npmjs.org/dashdash/-/dashdash-1.14.1.tgz 6ms (from cache)
751 silly pacote range manifest for asn1@~0.2.3 fetched in 82ms
752 silly resolveWithNewModule asn1@0.2.4 checking installable status
753 silly pacote range manifest for ecc-jsbn@~0.1.1 fetched in 82ms
754 silly resolveWithNewModule ecc-jsbn@0.1.2 checking installable status
755 http fetch GET 200 https://registry.npmjs.org/tweetnacl/-/tweetnacl-0.14.5.tgz 4ms (from cache)
756 silly pacote range manifest for dashdash@^1.12.0 fetched in 84ms
757 silly resolveWithNewModule dashdash@1.14.1 checking installable status
758 silly pacote range manifest for tweetnacl@~0.14.0 fetched in 84ms
759 silly resolveWithNewModule tweetnacl@0.14.5 checking installable status
760 http fetch GET 200 https://registry.npmjs.org/jsbn 89ms
761 http fetch GET 200 https://registry.npmjs.org/jsbn/-/jsbn-0.1.1.tgz 2ms (from cache)
762 silly pacote range manifest for jsbn@~0.1.0 fetched in 91ms
763 silly resolveWithNewModule jsbn@0.1.1 checking installable status
764 http fetch GET 200 https://registry.npmjs.org/psl 44ms
765 http fetch GET 200 https://registry.npmjs.org/psl/-/psl-1.8.0.tgz 6ms (from cache)
766 silly pacote range manifest for psl@^1.1.28 fetched in 53ms
767 silly resolveWithNewModule psl@1.8.0 checking installable status
768 http fetch GET 200 https://registry.npmjs.org/minizlib 71ms
769 http fetch GET 200 https://registry.npmjs.org/minizlib/-/minizlib-2.1.2.tgz 4ms (from cache)
770 silly pacote range manifest for minizlib@^2.1.1 fetched in 78ms
771 silly resolveWithNewModule minizlib@2.1.2 checking installable status
772 http fetch GET 200 https://registry.npmjs.org/json-parse-even-better-errors 54ms
773 http fetch GET 200 https://registry.npmjs.org/json-parse-even-better-errors/-/json-parse-even-better-errors-2.3.1.tgz 3ms (from cache)
774 silly pacote range manifest for json-parse-even-better-errors@^2.3.0 fetched in 61ms
775 silly resolveWithNewModule json-parse-even-better-errors@2.3.1 checking installable status
776 http fetch GET 200 https://registry.npmjs.org/minipass-collect 48ms
777 http fetch GET 200 https://registry.npmjs.org/minipass-collect/-/minipass-collect-1.0.2.tgz 3ms (from cache)
778 silly pacote range manifest for minipass-collect@^1.0.2 fetched in 53ms
779 silly resolveWithNewModule minipass-collect@1.0.2 checking installable status
780 http fetch GET 200 https://registry.npmjs.org/unique-filename 64ms
781 http fetch GET 200 https://registry.npmjs.org/minipass-pipeline 66ms
782 http fetch GET 200 https://registry.npmjs.org/unique-filename/-/unique-filename-1.1.1.tgz 7ms (from cache)
783 http fetch GET 200 https://registry.npmjs.org/minipass-pipeline/-/minipass-pipeline-1.2.4.tgz 7ms (from cache)
784 silly pacote range manifest for unique-filename@^1.1.1 fetched in 75ms
785 silly resolveWithNewModule unique-filename@1.1.1 checking installable status
786 silly pacote range manifest for minipass-pipeline@^1.2.2 fetched in 76ms
787 silly resolveWithNewModule minipass-pipeline@1.2.4 checking installable status
788 http fetch GET 200 https://registry.npmjs.org/@npmcli%2ffs 80ms
789 http fetch GET 304 https://registry.npmjs.org/p-map 84ms (from cache)
790 http fetch GET 200 https://registry.npmjs.org/p-map/-/p-map-4.0.0.tgz 1ms (from cache)
791 silly pacote range manifest for p-map@^4.0.0 fetched in 87ms
792 silly resolveWithNewModule p-map@4.0.0 checking installable status
793 http fetch GET 200 https://registry.npmjs.org/minipass-flush 97ms
794 http fetch GET 200 https://registry.npmjs.org/minipass-flush/-/minipass-flush-1.0.5.tgz 2ms (from cache)
795 silly pacote range manifest for minipass-flush@^1.0.5 fetched in 100ms
796 silly resolveWithNewModule minipass-flush@1.0.5 checking installable status
797 http fetch GET 200 https://registry.npmjs.org/@npmcli%2fmove-file 103ms
798 http fetch GET 200 https://registry.npmjs.org/@npmcli/move-file/-/move-file-1.1.2.tgz 1ms (from cache)
799 silly pacote range manifest for @npmcli/move-file@^1.0.1 fetched in 107ms
800 silly resolveWithNewModule @npmcli/move-file@1.1.2 checking installable status
801 http fetch GET 200 https://registry.npmjs.org/@npmcli/fs/-/fs-1.0.0.tgz 65ms
802 silly pacote range manifest for @npmcli/fs@^1.0.0 fetched in 148ms
803 silly resolveWithNewModule @npmcli/fs@1.0.0 checking installable status
804 http fetch GET 200 https://registry.npmjs.org/@gar%2fpromisify 78ms
805 http fetch GET 200 https://registry.npmjs.org/@gar/promisify/-/promisify-1.1.2.tgz 73ms
806 silly pacote range manifest for @gar/promisify@^1.0.1 fetched in 155ms
807 silly resolveWithNewModule @gar/promisify@1.1.2 checking installable status
808 http fetch GET 200 https://registry.npmjs.org/aggregate-error 56ms
809 http fetch GET 200 https://registry.npmjs.org/aggregate-error/-/aggregate-error-3.1.0.tgz 3ms (from cache)
810 silly pacote range manifest for aggregate-error@^3.0.0 fetched in 62ms
811 silly resolveWithNewModule aggregate-error@3.1.0 checking installable status
812 http fetch GET 200 https://registry.npmjs.org/indent-string 57ms
813 http fetch GET 200 https://registry.npmjs.org/indent-string/-/indent-string-4.0.0.tgz 3ms (from cache)
814 http fetch GET 200 https://registry.npmjs.org/clean-stack 65ms
815 silly pacote range manifest for indent-string@^4.0.0 fetched in 65ms
816 silly resolveWithNewModule indent-string@4.0.0 checking installable status
817 http fetch GET 200 https://registry.npmjs.org/clean-stack/-/clean-stack-2.2.0.tgz 2ms (from cache)
818 silly pacote range manifest for clean-stack@^2.0.0 fetched in 69ms
819 silly resolveWithNewModule clean-stack@2.2.0 checking installable status
820 http fetch GET 200 https://registry.npmjs.org/unique-slug 59ms
821 http fetch GET 200 https://registry.npmjs.org/unique-slug/-/unique-slug-2.0.2.tgz 3ms (from cache)
822 silly pacote range manifest for unique-slug@^2.0.0 fetched in 65ms
823 silly resolveWithNewModule unique-slug@2.0.2 checking installable status
824 http fetch GET 200 https://registry.npmjs.org/imurmurhash 61ms
825 http fetch GET 200 https://registry.npmjs.org/imurmurhash/-/imurmurhash-0.1.4.tgz 3ms (from cache)
826 silly pacote range manifest for imurmurhash@^0.1.4 fetched in 66ms
827 silly resolveWithNewModule imurmurhash@0.1.4 checking installable status
828 http fetch GET 200 https://registry.npmjs.org/ignore-walk 79ms
829 http fetch GET 200 https://registry.npmjs.org/ignore-walk/-/ignore-walk-3.0.4.tgz 4ms (from cache)
830 silly pacote range manifest for ignore-walk@^3.0.3 fetched in 86ms
831 silly resolveWithNewModule ignore-walk@3.0.4 checking installable status
832 http fetch GET 200 https://registry.npmjs.org/minipass-fetch 66ms
833 http fetch GET 200 https://registry.npmjs.org/minipass-json-stream 67ms
834 http fetch GET 200 https://registry.npmjs.org/make-fetch-happen 68ms
835 http fetch GET 200 https://registry.npmjs.org/minipass-fetch/-/minipass-fetch-1.4.1.tgz 5ms (from cache)
836 http fetch GET 200 https://registry.npmjs.org/minipass-json-stream/-/minipass-json-stream-1.0.1.tgz 5ms (from cache)
837 http fetch GET 200 https://registry.npmjs.org/make-fetch-happen/-/make-fetch-happen-9.1.0.tgz 6ms (from cache)
838 silly pacote range manifest for minipass-fetch@^1.3.0 fetched in 78ms
839 silly resolveWithNewModule minipass-fetch@1.4.1 checking installable status
840 silly pacote range manifest for minipass-json-stream@^1.0.1 fetched in 78ms
841 silly resolveWithNewModule minipass-json-stream@1.0.1 checking installable status
842 silly pacote range manifest for make-fetch-happen@^9.0.1 fetched in 79ms
843 silly resolveWithNewModule make-fetch-happen@9.1.0 checking installable status
844 http fetch GET 200 https://registry.npmjs.org/socks-proxy-agent 58ms
845 http fetch GET 200 https://registry.npmjs.org/http-cache-semantics 62ms
846 http fetch GET 200 https://registry.npmjs.org/is-lambda 65ms
847 http fetch GET 200 https://registry.npmjs.org/http-proxy-agent 65ms
848 http fetch GET 200 https://registry.npmjs.org/https-proxy-agent 67ms
849 http fetch GET 200 https://registry.npmjs.org/socks-proxy-agent/-/socks-proxy-agent-6.1.0.tgz 7ms (from cache)
850 http fetch GET 200 https://registry.npmjs.org/negotiator 72ms
851 http fetch GET 200 https://registry.npmjs.org/http-cache-semantics/-/http-cache-semantics-4.1.0.tgz 11ms (from cache)
852 http fetch GET 200 https://registry.npmjs.org/is-lambda/-/is-lambda-1.0.1.tgz 11ms (from cache)
853 http fetch GET 200 https://registry.npmjs.org/http-proxy-agent/-/http-proxy-agent-4.0.1.tgz 14ms (from cache)
854 http fetch GET 200 https://registry.npmjs.org/https-proxy-agent/-/https-proxy-agent-5.0.0.tgz 12ms (from cache)
855 http fetch GET 200 https://registry.npmjs.org/negotiator/-/negotiator-0.6.2.tgz 10ms (from cache)
856 silly pacote range manifest for socks-proxy-agent@^6.0.0 fetched in 85ms
857 silly resolveWithNewModule socks-proxy-agent@6.1.0 checking installable status
858 silly pacote range manifest for http-cache-semantics@^4.1.0 fetched in 86ms
859 silly resolveWithNewModule http-cache-semantics@4.1.0 checking installable status
860 silly pacote range manifest for is-lambda@^1.0.1 fetched in 86ms
861 silly resolveWithNewModule is-lambda@1.0.1 checking installable status
862 silly pacote range manifest for http-proxy-agent@^4.0.1 fetched in 86ms
863 silly resolveWithNewModule http-proxy-agent@4.0.1 checking installable status
864 silly pacote range manifest for https-proxy-agent@^5.0.0 fetched in 87ms
865 silly resolveWithNewModule https-proxy-agent@5.0.0 checking installable status
866 silly pacote range manifest for negotiator@^0.6.2 fetched in 87ms
867 silly resolveWithNewModule negotiator@0.6.2 checking installable status
868 http fetch GET 200 https://registry.npmjs.org/agentkeepalive 340ms
869 http fetch GET 200 https://registry.npmjs.org/agentkeepalive/-/agentkeepalive-4.1.4.tgz 3ms (from cache)
870 silly pacote range manifest for agentkeepalive@^4.1.3 fetched in 349ms
871 silly resolveWithNewModule agentkeepalive@4.1.4 checking installable status
872 http fetch GET 200 https://registry.npmjs.org/humanize-ms 59ms
873 http fetch GET 200 https://registry.npmjs.org/humanize-ms/-/humanize-ms-1.2.1.tgz 3ms (from cache)
874 silly pacote range manifest for humanize-ms@^1.2.1 fetched in 66ms
875 silly resolveWithNewModule humanize-ms@1.2.1 checking installable status
876 http fetch GET 200 https://registry.npmjs.org/depd 71ms
877 http fetch GET 200 https://registry.npmjs.org/depd/-/depd-1.1.2.tgz 3ms (from cache)
878 silly pacote range manifest for depd@^1.1.2 fetched in 76ms
879 silly resolveWithNewModule depd@1.1.2 checking installable status
880 http fetch GET 200 https://registry.npmjs.org/agent-base 63ms
881 http fetch GET 200 https://registry.npmjs.org/agent-base/-/agent-base-6.0.2.tgz 3ms (from cache)
882 silly pacote range manifest for agent-base@6 fetched in 70ms
883 silly resolveWithNewModule agent-base@6.0.2 checking installable status
884 http fetch GET 200 https://registry.npmjs.org/@tootallnate%2fonce 83ms
885 http fetch GET 200 https://registry.npmjs.org/@tootallnate/once/-/once-1.1.2.tgz 3ms (from cache)
886 silly pacote range manifest for @tootallnate/once@1 fetched in 90ms
887 silly resolveWithNewModule @tootallnate/once@1.1.2 checking installable status
888 http fetch GET 200 https://registry.npmjs.org/minipass-sized 52ms
889 http fetch GET 200 https://registry.npmjs.org/encoding 53ms
890 http fetch GET 200 https://registry.npmjs.org/minipass-sized/-/minipass-sized-1.0.3.tgz 4ms (from cache)
891 http fetch GET 200 https://registry.npmjs.org/encoding/-/encoding-0.1.13.tgz 4ms (from cache)
892 silly pacote range manifest for minipass-sized@^1.0.3 fetched in 61ms
893 silly resolveWithNewModule minipass-sized@1.0.3 checking installable status
894 silly pacote range manifest for encoding@^0.1.12 fetched in 63ms
895 silly resolveWithNewModule encoding@0.1.13 checking installable status
896 silly pacote range manifest for iconv-lite@^0.6.2 fetched in 1ms
897 silly resolveWithNewModule iconv-lite@0.6.3 checking installable status
898 http fetch GET 200 https://registry.npmjs.org/socks 61ms
899 http fetch GET 200 https://registry.npmjs.org/socks/-/socks-2.6.1.tgz 4ms (from cache)
900 silly pacote range manifest for socks@^2.6.1 fetched in 69ms
901 silly resolveWithNewModule socks@2.6.1 checking installable status
902 http fetch GET 200 https://registry.npmjs.org/smart-buffer 58ms
903 http fetch GET 200 https://registry.npmjs.org/smart-buffer/-/smart-buffer-4.2.0.tgz 3ms (from cache)
904 silly pacote range manifest for smart-buffer@^4.1.0 fetched in 65ms
905 silly resolveWithNewModule smart-buffer@4.2.0 checking installable status
906 http fetch GET 200 https://registry.npmjs.org/ip 81ms
907 http fetch GET 200 https://registry.npmjs.org/ip/-/ip-1.1.5.tgz 4ms (from cache)
908 silly pacote range manifest for ip@^1.1.5 fetched in 88ms
909 silly resolveWithNewModule ip@1.1.5 checking installable status
910 http fetch GET 200 https://registry.npmjs.org/jsonparse 53ms
911 http fetch GET 200 https://registry.npmjs.org/jsonparse/-/jsonparse-1.3.1.tgz 3ms (from cache)
912 silly pacote range manifest for jsonparse@^1.3.1 fetched in 60ms
913 silly resolveWithNewModule jsonparse@1.3.1 checking installable status
914 http fetch GET 200 https://registry.npmjs.org/path-parse 54ms
915 http fetch GET 200 https://registry.npmjs.org/is-core-module 56ms
916 http fetch GET 200 https://registry.npmjs.org/path-parse/-/path-parse-1.0.7.tgz 5ms (from cache)
917 http fetch GET 200 https://registry.npmjs.org/is-core-module/-/is-core-module-2.8.0.tgz 4ms (from cache)
918 silly pacote range manifest for path-parse@^1.0.6 fetched in 63ms
919 silly resolveWithNewModule path-parse@1.0.7 checking installable status
920 silly pacote range manifest for is-core-module@^2.2.0 fetched in 64ms
921 silly resolveWithNewModule is-core-module@2.8.0 checking installable status
922 http fetch GET 200 https://registry.npmjs.org/has 64ms
923 http fetch GET 200 https://registry.npmjs.org/has/-/has-1.0.3.tgz 3ms (from cache)
924 silly pacote range manifest for has@^1.0.3 fetched in 71ms
925 silly resolveWithNewModule has@1.0.3 checking installable status
926 http fetch GET 200 https://registry.npmjs.org/function-bind 65ms
927 http fetch GET 200 https://registry.npmjs.org/function-bind/-/function-bind-1.1.1.tgz 4ms (from cache)
928 silly pacote range manifest for function-bind@^1.1.1 fetched in 72ms
929 silly resolveWithNewModule function-bind@1.1.1 checking installable status
930 timing stage:loadIdealTree:loadAllDepsIntoIdealTree Completed in 13946ms
931 timing stage:loadIdealTree Completed in 14004ms
932 silly currentTree lib
933 silly idealTree lib
933 silly idealTree `-- @angular/cli@12.2.12
933 silly idealTree   +-- @angular-devkit/architect@0.1202.12
933 silly idealTree   +-- @angular-devkit/core@12.2.12
933 silly idealTree   +-- @angular-devkit/schematics@12.2.12
933 silly idealTree   +-- @gar/promisify@1.1.2
933 silly idealTree   +-- @npmcli/fs@1.0.0
933 silly idealTree   +-- @npmcli/git@2.1.0
933 silly idealTree   +-- @npmcli/installed-package-contents@1.0.7
933 silly idealTree   +-- @npmcli/move-file@1.1.2
933 silly idealTree   +-- @npmcli/node-gyp@1.0.3
933 silly idealTree   +-- @npmcli/promise-spawn@1.3.2
933 silly idealTree   +-- @npmcli/run-script@1.8.6
933 silly idealTree   +-- @schematics/angular@12.2.12
933 silly idealTree   +-- @tootallnate/once@1.1.2
933 silly idealTree   +-- @yarnpkg/lockfile@1.1.0
933 silly idealTree   +-- abbrev@1.1.1
933 silly idealTree   +-- agent-base@6.0.2
933 silly idealTree   +-- agentkeepalive@4.1.4
933 silly idealTree   +-- aggregate-error@3.1.0
933 silly idealTree   +-- ajv-formats@2.1.0
933 silly idealTree   +-- ajv@8.6.2
933 silly idealTree   +-- ansi-colors@4.1.1
933 silly idealTree   +-- ansi-escapes@4.3.2
933 silly idealTree   +-- ansi-regex@5.0.1
933 silly idealTree   +-- ansi-styles@4.3.0
933 silly idealTree   +-- aproba@1.2.0
933 silly idealTree   +-- are-we-there-yet@1.1.7
933 silly idealTree   | +-- readable-stream@2.3.7
933 silly idealTree   | +-- safe-buffer@5.1.2
933 silly idealTree   | `-- string_decoder@1.1.1
933 silly idealTree   +-- asn1@0.2.4
933 silly idealTree   +-- assert-plus@1.0.0
933 silly idealTree   +-- asynckit@0.4.0
933 silly idealTree   +-- aws-sign2@0.7.0
933 silly idealTree   +-- aws4@1.11.0
933 silly idealTree   +-- balanced-match@1.0.2
933 silly idealTree   +-- base64-js@1.5.1
933 silly idealTree   +-- bcrypt-pbkdf@1.0.2
933 silly idealTree   +-- bl@4.1.0
933 silly idealTree   +-- brace-expansion@1.1.11
933 silly idealTree   +-- buffer@5.7.1
933 silly idealTree   +-- builtins@1.0.3
933 silly idealTree   +-- cacache@15.3.0
933 silly idealTree   +-- caseless@0.12.0
933 silly idealTree   +-- chalk@4.1.2
933 silly idealTree   +-- chardet@0.7.0
933 silly idealTree   +-- chownr@2.0.0
933 silly idealTree   +-- clean-stack@2.2.0
933 silly idealTree   +-- cli-cursor@3.1.0
933 silly idealTree   +-- cli-spinners@2.6.1
933 silly idealTree   +-- cli-width@3.0.0
933 silly idealTree   +-- clone@1.0.4
933 silly idealTree   +-- code-point-at@1.1.0
933 silly idealTree   +-- color-convert@2.0.1
933 silly idealTree   +-- color-name@1.1.4
933 silly idealTree   +-- combined-stream@1.0.8
933 silly idealTree   +-- concat-map@0.0.1
933 silly idealTree   +-- console-control-strings@1.1.0
933 silly idealTree   +-- core-util-is@1.0.3
933 silly idealTree   +-- dashdash@1.14.1
933 silly idealTree   +-- debug@4.3.2
933 silly idealTree   +-- defaults@1.0.3
933 silly idealTree   +-- define-lazy-prop@2.0.0
933 silly idealTree   +-- delayed-stream@1.0.0
933 silly idealTree   +-- delegates@1.0.0
933 silly idealTree   +-- depd@1.1.2
933 silly idealTree   +-- ecc-jsbn@0.1.2
933 silly idealTree   +-- emoji-regex@8.0.0
933 silly idealTree   +-- encoding@0.1.13
933 silly idealTree   | `-- iconv-lite@0.6.3
933 silly idealTree   +-- env-paths@2.2.1
933 silly idealTree   +-- err-code@2.0.3
933 silly idealTree   +-- escape-string-regexp@1.0.5
933 silly idealTree   +-- extend@3.0.2
933 silly idealTree   +-- external-editor@3.1.0
933 silly idealTree   +-- extsprintf@1.3.0
933 silly idealTree   +-- fast-deep-equal@3.1.3
933 silly idealTree   +-- fast-json-stable-stringify@2.1.0
933 silly idealTree   +-- figures@3.2.0
933 silly idealTree   +-- forever-agent@0.6.1
933 silly idealTree   +-- form-data@2.3.3
933 silly idealTree   +-- fs-minipass@2.1.0
933 silly idealTree   +-- fs.realpath@1.0.0
933 silly idealTree   +-- function-bind@1.1.1
933 silly idealTree   +-- gauge@2.7.4
933 silly idealTree   | +-- ansi-regex@2.1.1
933 silly idealTree   | +-- is-fullwidth-code-point@1.0.0
933 silly idealTree   | +-- string-width@1.0.2
933 silly idealTree   | `-- strip-ansi@3.0.1
933 silly idealTree   +-- getpass@0.1.7
933 silly idealTree   +-- glob@7.2.0
933 silly idealTree   +-- graceful-fs@4.2.8
933 silly idealTree   +-- har-schema@2.0.0
933 silly idealTree   +-- har-validator@5.1.5
933 silly idealTree   | +-- ajv@6.12.6
933 silly idealTree   | `-- json-schema-traverse@0.4.1
933 silly idealTree   +-- has-flag@4.0.0
933 silly idealTree   +-- has-unicode@2.0.1
933 silly idealTree   +-- has@1.0.3
933 silly idealTree   +-- hosted-git-info@4.0.2
933 silly idealTree   +-- http-cache-semantics@4.1.0
933 silly idealTree   +-- http-proxy-agent@4.0.1
933 silly idealTree   +-- http-signature@1.2.0
933 silly idealTree   +-- https-proxy-agent@5.0.0
933 silly idealTree   +-- humanize-ms@1.2.1
933 silly idealTree   +-- iconv-lite@0.4.24
933 silly idealTree   +-- ieee754@1.2.1
933 silly idealTree   +-- ignore-walk@3.0.4
933 silly idealTree   +-- imurmurhash@0.1.4
933 silly idealTree   +-- indent-string@4.0.0
933 silly idealTree   +-- infer-owner@1.0.4
933 silly idealTree   +-- inflight@1.0.6
933 silly idealTree   +-- inherits@2.0.4
933 silly idealTree   +-- ini@2.0.0
933 silly idealTree   +-- inquirer@8.1.2
933 silly idealTree   | +-- rxjs@7.4.0
933 silly idealTree   | `-- tslib@2.1.0
933 silly idealTree   +-- ip@1.1.5
933 silly idealTree   +-- is-core-module@2.8.0
933 silly idealTree   +-- is-docker@2.2.1
933 silly idealTree   +-- is-fullwidth-code-point@3.0.0
933 silly idealTree   +-- is-interactive@1.0.0
933 silly idealTree   +-- is-lambda@1.0.1
933 silly idealTree   +-- is-typedarray@1.0.0
933 silly idealTree   +-- is-unicode-supported@0.1.0
933 silly idealTree   +-- is-wsl@2.2.0
933 silly idealTree   +-- isarray@1.0.0
933 silly idealTree   +-- isexe@2.0.0
933 silly idealTree   +-- isstream@0.1.2
933 silly idealTree   +-- jsbn@0.1.1
933 silly idealTree   +-- json-parse-even-better-errors@2.3.1
933 silly idealTree   +-- json-schema-traverse@1.0.0
933 silly idealTree   +-- json-schema@0.2.3
933 silly idealTree   +-- json-stringify-safe@5.0.1
933 silly idealTree   +-- jsonc-parser@3.0.0
933 silly idealTree   +-- jsonparse@1.3.1
933 silly idealTree   +-- jsprim@1.4.1
933 silly idealTree   +-- lodash@4.17.21
933 silly idealTree   +-- log-symbols@4.1.0
933 silly idealTree   +-- lru-cache@6.0.0
933 silly idealTree   +-- magic-string@0.25.7
933 silly idealTree   +-- make-fetch-happen@9.1.0
933 silly idealTree   +-- mime-db@1.50.0
933 silly idealTree   +-- mime-types@2.1.33
933 silly idealTree   +-- mimic-fn@2.1.0
933 silly idealTree   +-- minimatch@3.0.4
933 silly idealTree   +-- minipass-collect@1.0.2
933 silly idealTree   +-- minipass-fetch@1.4.1
933 silly idealTree   +-- minipass-flush@1.0.5
933 silly idealTree   +-- minipass-json-stream@1.0.1
933 silly idealTree   +-- minipass-pipeline@1.2.4
933 silly idealTree   +-- minipass-sized@1.0.3
933 silly idealTree   +-- minipass@3.1.5
933 silly idealTree   +-- minizlib@2.1.2
933 silly idealTree   +-- mkdirp@1.0.4
933 silly idealTree   +-- ms@2.1.2
933 silly idealTree   +-- mute-stream@0.0.8
933 silly idealTree   +-- negotiator@0.6.2
933 silly idealTree   +-- node-gyp@7.1.2
933 silly idealTree   +-- nopt@5.0.0
933 silly idealTree   +-- npm-bundled@1.1.2
933 silly idealTree   +-- npm-install-checks@4.0.0
933 silly idealTree   +-- npm-normalize-package-bin@1.0.1
933 silly idealTree   +-- npm-package-arg@8.1.5
933 silly idealTree   +-- npm-packlist@2.2.2
933 silly idealTree   +-- npm-pick-manifest@6.1.1
933 silly idealTree   +-- npm-registry-fetch@11.0.0
933 silly idealTree   +-- npmlog@4.1.2
933 silly idealTree   +-- number-is-nan@1.0.1
933 silly idealTree   +-- oauth-sign@0.9.0
933 silly idealTree   +-- object-assign@4.1.1
933 silly idealTree   +-- once@1.4.0
933 silly idealTree   +-- onetime@5.1.2
933 silly idealTree   +-- open@8.2.1
933 silly idealTree   +-- ora@5.4.1
933 silly idealTree   +-- os-tmpdir@1.0.2
933 silly idealTree   +-- p-map@4.0.0
933 silly idealTree   +-- pacote@11.3.5
933 silly idealTree   +-- path-is-absolute@1.0.1
933 silly idealTree   +-- path-parse@1.0.7
933 silly idealTree   +-- performance-now@2.1.0
933 silly idealTree   +-- process-nextick-args@2.0.1
933 silly idealTree   +-- promise-inflight@1.0.1
933 silly idealTree   +-- promise-retry@2.0.1
933 silly idealTree   +-- psl@1.8.0
933 silly idealTree   +-- punycode@2.1.1
933 silly idealTree   +-- qs@6.5.2
933 silly idealTree   +-- read-package-json-fast@2.0.3
933 silly idealTree   +-- readable-stream@3.6.0
933 silly idealTree   +-- request@2.88.2
933 silly idealTree   | `-- uuid@3.4.0
933 silly idealTree   +-- require-from-string@2.0.2
933 silly idealTree   +-- resolve@1.20.0
933 silly idealTree   +-- restore-cursor@3.1.0
933 silly idealTree   +-- retry@0.12.0
933 silly idealTree   +-- rimraf@3.0.2
933 silly idealTree   +-- run-async@2.4.1
933 silly idealTree   +-- rxjs@6.6.7
933 silly idealTree   +-- safe-buffer@5.2.1
933 silly idealTree   +-- safer-buffer@2.1.2
933 silly idealTree   +-- semver@7.3.5
933 silly idealTree   +-- set-blocking@2.0.0
933 silly idealTree   +-- signal-exit@3.0.5
933 silly idealTree   +-- smart-buffer@4.2.0
933 silly idealTree   +-- socks-proxy-agent@6.1.0
933 silly idealTree   +-- socks@2.6.1
933 silly idealTree   +-- source-map@0.7.3
933 silly idealTree   +-- sourcemap-codec@1.4.8
933 silly idealTree   +-- sshpk@1.16.1
933 silly idealTree   +-- ssri@8.0.1
933 silly idealTree   +-- string_decoder@1.3.0
933 silly idealTree   +-- string-width@4.2.3
933 silly idealTree   +-- strip-ansi@6.0.1
933 silly idealTree   +-- supports-color@7.2.0
933 silly idealTree   +-- symbol-observable@4.0.0
933 silly idealTree   +-- tar@6.1.11
933 silly idealTree   +-- through@2.3.8
933 silly idealTree   +-- tmp@0.0.33
933 silly idealTree   +-- tough-cookie@2.5.0
933 silly idealTree   +-- tslib@1.14.1
933 silly idealTree   +-- tunnel-agent@0.6.0
933 silly idealTree   +-- tweetnacl@0.14.5
933 silly idealTree   +-- type-fest@0.21.3
933 silly idealTree   +-- unique-filename@1.1.1
933 silly idealTree   +-- unique-slug@2.0.2
933 silly idealTree   +-- uri-js@4.4.1
933 silly idealTree   +-- util-deprecate@1.0.2
933 silly idealTree   +-- uuid@8.3.2
933 silly idealTree   +-- validate-npm-package-name@3.0.0
933 silly idealTree   +-- verror@1.10.0
933 silly idealTree   | `-- core-util-is@1.0.2
933 silly idealTree   +-- wcwidth@1.0.1
933 silly idealTree   +-- which@2.0.2
933 silly idealTree   +-- wide-align@1.1.5
933 silly idealTree   +-- wrappy@1.0.2
933 silly idealTree   `-- yallist@4.0.0
934 silly install generateActionsToTake
935 warn checkPermissions Missing write access to /usr/local/lib/node_modules
936 timing stage:rollbackFailedOptional Completed in 1ms
937 timing stage:runTopLevelLifecycles Completed in 14599ms
938 verbose stack Error: EACCES: permission denied, access '/usr/local/lib/node_modules'
939 verbose cwd /home/moonwhite/Desktop
940 verbose Linux 5.11.0-38-generic
941 verbose argv "/usr/local/bin/node" "/usr/local/bin/npm" "install" "-g" "@angular/cli"
942 verbose node v14.18.0
943 verbose npm  v6.14.15
944 error code EACCES
945 error syscall access
946 error path /usr/local/lib/node_modules
947 error errno -13
948 error Error: EACCES: permission denied, access '/usr/local/lib/node_modules'
948 error  [Error: EACCES: permission denied, access '/usr/local/lib/node_modules'] {
948 error   errno: -13,
948 error   code: 'EACCES',
948 error   syscall: 'access',
948 error   path: '/usr/local/lib/node_modules'
948 error }
949 error The operation was rejected by your operating system.
949 error It is likely you do not have the permissions to access this file as the current user
949 error
949 error If you believe this might be a permissions issue, please double-check the
949 error permissions of the file and its containing directories, or try running
949 error the command again as root/Administrator.
950 verbose exit [ -13, true ]
