[2021-11-08 09:42:28.262] [exthost] [info] extension host started
[2021-11-08 09:42:28.262] [exthost] [info] Skipping acquiring lock for /home/moonwhite/.config/Code/User/workspaceStorage/185f27b6d75422de9574e07dbb44ad0a.
[2021-11-08 09:42:28.339] [exthost] [info] ExtensionService#_doActivateExtension vscode.microsoft-authentication, startup: false, activationEvent: 'onAuthenticationRequest:microsoft'
[2021-11-08 09:42:28.339] [exthost] [info] ExtensionService#loadCommonJSModule file:///usr/share/code/resources/app/extensions/microsoft-authentication/dist/extension.js
[2021-11-08 09:42:28.347] [exthost] [info] ExtensionService#_doActivateExtension vscode.typescript-language-features, startup: false, activationEvent: 'onLanguage:typescript'
[2021-11-08 09:42:28.347] [exthost] [info] ExtensionService#loadCommonJSModule file:///usr/share/code/resources/app/extensions/typescript-language-features/dist/extension
[2021-11-08 09:42:28.354] [exthost] [info] ExtensionService#_doActivateExtension vscode.debug-auto-launch, startup: true, activationEvent: '*'
[2021-11-08 09:42:28.354] [exthost] [info] ExtensionService#loadCommonJSModule file:///usr/share/code/resources/app/extensions/debug-auto-launch/dist/extension
[2021-11-08 09:42:28.355] [exthost] [info] ExtensionService#_doActivateExtension vscode.git, startup: true, activationEvent: '*', root cause: vscode.github
[2021-11-08 09:42:28.355] [exthost] [info] ExtensionService#loadCommonJSModule file:///usr/share/code/resources/app/extensions/git/dist/main
[2021-11-08 09:42:28.365] [exthost] [info] ExtensionService#_doActivateExtension PKief.material-icon-theme, startup: true, activationEvent: '*'
[2021-11-08 09:42:28.365] [exthost] [info] ExtensionService#loadCommonJSModule file:///home/moonwhite/.vscode/extensions/pkief.material-icon-theme-4.10.0/dist/extension
[2021-11-08 09:42:28.779] [exthost] [info] ExtensionService#_doActivateExtension vscode.github, startup: true, activationEvent: '*'
[2021-11-08 09:42:28.779] [exthost] [info] ExtensionService#loadCommonJSModule file:///usr/share/code/resources/app/extensions/github/dist/extension.js
[2021-11-08 09:42:28.844] [exthost] [info] eager extensions activated
[2021-11-08 09:42:29.022] [exthost] [info] ExtensionService#_doActivateExtension ms-vscode.js-debug, startup: false, activationEvent: 'onCommand:extension.js-debug.clearAutoAttachVariables'
[2021-11-08 09:42:29.022] [exthost] [info] ExtensionService#loadCommonJSModule file:///usr/share/code/resources/app/extensions/ms-vscode.js-debug/src/extension.js
[2021-11-08 09:42:29.128] [exthost] [info] ExtensionService#_doActivateExtension vscode.emmet, startup: false, activationEvent: 'onStartupFinished'
[2021-11-08 09:42:29.128] [exthost] [info] ExtensionService#loadCommonJSModule file:///usr/share/code/resources/app/extensions/emmet/dist/node/emmetNodeMain
[2021-11-08 09:42:29.133] [exthost] [info] ExtensionService#_doActivateExtension vscode.merge-conflict, startup: false, activationEvent: 'onStartupFinished'
[2021-11-08 09:42:29.133] [exthost] [info] ExtensionService#loadCommonJSModule file:///usr/share/code/resources/app/extensions/merge-conflict/dist/mergeConflictMain
[2021-11-08 09:42:29.296] [exthost] [info] ExtensionService#_doActivateExtension vscode.github-authentication, startup: false, activationEvent: 'onAuthenticationRequest:github'
[2021-11-08 09:42:29.296] [exthost] [info] ExtensionService#loadCommonJSModule file:///usr/share/code/resources/app/extensions/github-authentication/dist/extension.js
[2021-11-08 09:42:30.711] [exthost] [info] ExtensionService#_doActivateExtension vscode.configuration-editing, startup: false, activationEvent: 'onLanguage:jsonc'
[2021-11-08 09:42:30.711] [exthost] [info] ExtensionService#loadCommonJSModule file:///usr/share/code/resources/app/extensions/configuration-editing/dist/configurationEditingMain
[2021-11-08 09:42:30.712] [exthost] [info] ExtensionService#_doActivateExtension vscode.json-language-features, startup: false, activationEvent: 'onLanguage:jsonc'
[2021-11-08 09:42:30.712] [exthost] [info] ExtensionService#loadCommonJSModule file:///usr/share/code/resources/app/extensions/json-language-features/client/dist/node/jsonClientMain
[2021-11-08 09:42:35.286] [exthost] [warning] [Decorations] CAPPING events from decorations provider vscode.git 10000
[2021-11-08 09:42:36.186] [exthost] [warning] [Decorations] CAPPING events from decorations provider vscode.git 10000
[2021-11-08 09:43:27.927] [exthost] [info] ExtensionService#_doActivateExtension vscode.simple-browser, startup: false, activationEvent: 'onOpenExternalUri:http'
[2021-11-08 09:43:27.927] [exthost] [info] ExtensionService#loadCommonJSModule file:///usr/share/code/resources/app/extensions/simple-browser/dist/extension
[2021-11-08 09:44:54.177] [exthost] [info] ExtensionService#_doActivateExtension vscode.html-language-features, startup: false, activationEvent: 'onLanguage:html'
[2021-11-08 09:44:54.177] [exthost] [info] ExtensionService#loadCommonJSModule file:///usr/share/code/resources/app/extensions/html-language-features/client/dist/node/htmlClientMain
[2021-11-08 09:45:09.953] [exthost] [info] ExtensionService#_doActivateExtension vscode.css-language-features, startup: false, activationEvent: 'onLanguage:css'
[2021-11-08 09:45:09.954] [exthost] [info] ExtensionService#loadCommonJSModule file:///usr/share/code/resources/app/extensions/css-language-features/client/dist/node/cssClientMain
[2021-11-08 09:45:36.614] [exthost] [warning] [Decorations] CAPPING events from decorations provider vscode.git 10000
[2021-11-08 09:48:37.089] [exthost] [warning] [Decorations] CAPPING events from decorations provider vscode.git 10000
[2021-11-08 09:53:11.138] [exthost] [warning] [Decorations] CAPPING events from decorations provider vscode.git 10000
[2021-11-08 09:56:14.520] [exthost] [warning] [Decorations] CAPPING events from decorations provider vscode.git 10000
[2021-11-08 10:03:35.742] [exthost] [warning] [Decorations] CAPPING events from decorations provider vscode.git 10000
[2021-11-08 10:06:37.650] [exthost] [warning] [Decorations] CAPPING events from decorations provider vscode.git 10000
[2021-11-08 10:09:02.304] [exthost] [warning] [Decorations] CAPPING events from decorations provider vscode.git 10000
[2021-11-08 10:09:37.979] [exthost] [warning] [Decorations] CAPPING events from decorations provider vscode.git 10000
[2021-11-08 10:11:05.247] [exthost] [warning] [Decorations] CAPPING events from decorations provider vscode.git 19992
[2021-11-08 10:12:38.226] [exthost] [warning] [Decorations] CAPPING events from decorations provider vscode.git 10002
[2021-11-08 10:15:38.474] [exthost] [warning] [Decorations] CAPPING events from decorations provider vscode.git 10008
[2021-11-08 10:18:38.749] [exthost] [warning] [Decorations] CAPPING events from decorations provider vscode.git 10001
[2021-11-08 10:21:39.083] [exthost] [warning] [Decorations] CAPPING events from decorations provider vscode.git 10018
[2021-11-08 10:24:40.799] [exthost] [warning] [Decorations] CAPPING events from decorations provider vscode.git 10006
[2021-11-08 10:27:41.131] [exthost] [warning] [Decorations] CAPPING events from decorations provider vscode.git 10006
[2021-11-08 10:30:41.517] [exthost] [warning] [Decorations] CAPPING events from decorations provider vscode.git 10003
[2021-11-08 10:34:35.309] [exthost] [warning] [Decorations] CAPPING events from decorations provider vscode.git 10008
[2021-11-08 10:37:35.638] [exthost] [warning] [Decorations] CAPPING events from decorations provider vscode.git 10001
[2021-11-08 10:40:35.987] [exthost] [warning] [Decorations] CAPPING events from decorations provider vscode.git 10018
[2021-11-08 10:43:37.687] [exthost] [warning] [Decorations] CAPPING events from decorations provider vscode.git 10044
[2021-11-08 10:47:50.209] [exthost] [warning] [Decorations] CAPPING events from decorations provider vscode.git 10043
[2021-11-08 10:50:50.534] [exthost] [warning] [Decorations] CAPPING events from decorations provider vscode.git 10000
[2021-11-08 10:53:50.868] [exthost] [warning] [Decorations] CAPPING events from decorations provider vscode.git 10000
[2021-11-08 10:56:51.176] [exthost] [warning] [Decorations] CAPPING events from decorations provider vscode.git 10000
[2021-11-08 11:05:59.353] [exthost] [warning] [Decorations] CAPPING events from decorations provider vscode.git 10002
[2021-11-08 11:11:11.926] [exthost] [warning] [Decorations] CAPPING events from decorations provider vscode.git 10003
[2021-11-08 11:15:17.403] [exthost] [warning] [Decorations] CAPPING events from decorations provider vscode.git 10249
[2021-11-08 11:23:53.664] [exthost] [warning] [Decorations] CAPPING events from decorations provider vscode.git 10992
[2021-11-08 11:27:12.008] [exthost] [warning] [Decorations] CAPPING events from decorations provider vscode.git 10079
[2021-11-08 11:31:10.361] [exthost] [warning] [Decorations] CAPPING events from decorations provider vscode.git 10050
[2021-11-08 11:34:10.779] [exthost] [warning] [Decorations] CAPPING events from decorations provider vscode.git 10074
[2021-11-08 11:37:11.193] [exthost] [warning] [Decorations] CAPPING events from decorations provider vscode.git 10041
[2021-11-08 11:40:11.589] [exthost] [warning] [Decorations] CAPPING events from decorations provider vscode.git 10000
[2021-11-08 11:43:12.019] [exthost] [warning] [Decorations] CAPPING events from decorations provider vscode.git 10001
[2021-11-08 11:46:55.344] [exthost] [warning] [Decorations] CAPPING events from decorations provider vscode.git 10001
[2021-11-08 11:55:47.300] [exthost] [warning] [Decorations] CAPPING events from decorations provider vscode.git 10031
[2021-11-08 11:58:47.673] [exthost] [warning] [Decorations] CAPPING events from decorations provider vscode.git 10027
[2021-11-08 12:01:48.013] [exthost] [warning] [Decorations] CAPPING events from decorations provider vscode.git 10000
[2021-11-08 12:04:48.381] [exthost] [warning] [Decorations] CAPPING events from decorations provider vscode.git 10000
[2021-11-08 12:07:48.747] [exthost] [warning] [Decorations] CAPPING events from decorations provider vscode.git 10000
[2021-11-08 12:10:49.095] [exthost] [warning] [Decorations] CAPPING events from decorations provider vscode.git 10000
[2021-11-08 12:13:49.440] [exthost] [warning] [Decorations] CAPPING events from decorations provider vscode.git 10000
[2021-11-08 12:16:49.783] [exthost] [warning] [Decorations] CAPPING events from decorations provider vscode.git 10000
[2021-11-08 12:19:50.137] [exthost] [warning] [Decorations] CAPPING events from decorations provider vscode.git 10000
[2021-11-08 12:22:50.509] [exthost] [warning] [Decorations] CAPPING events from decorations provider vscode.git 10006
[2021-11-08 12:25:50.892] [exthost] [warning] [Decorations] CAPPING events from decorations provider vscode.git 10005
[2021-11-08 12:28:57.407] [exthost] [warning] [Decorations] CAPPING events from decorations provider vscode.git 10002
[2021-11-08 12:31:57.805] [exthost] [warning] [Decorations] CAPPING events from decorations provider vscode.git 10008
[2021-11-08 12:35:22.807] [exthost] [warning] [Decorations] CAPPING events from decorations provider vscode.git 10008
[2021-11-08 12:38:56.766] [exthost] [warning] [Decorations] CAPPING events from decorations provider vscode.git 10000
[2021-11-08 12:41:57.119] [exthost] [warning] [Decorations] CAPPING events from decorations provider vscode.git 10027
[2021-11-08 12:44:57.475] [exthost] [warning] [Decorations] CAPPING events from decorations provider vscode.git 10027
[2021-11-08 12:47:57.838] [exthost] [warning] [Decorations] CAPPING events from decorations provider vscode.git 10000
[2021-11-08 12:50:58.202] [exthost] [warning] [Decorations] CAPPING events from decorations provider vscode.git 10000
[2021-11-08 12:53:58.568] [exthost] [warning] [Decorations] CAPPING events from decorations provider vscode.git 10007
[2021-11-08 12:56:58.936] [exthost] [warning] [Decorations] CAPPING events from decorations provider vscode.git 10000
[2021-11-08 12:59:59.314] [exthost] [warning] [Decorations] CAPPING events from decorations provider vscode.git 10007
[2021-11-08 13:02:59.732] [exthost] [warning] [Decorations] CAPPING events from decorations provider vscode.git 10014
[2021-11-08 13:06:00.102] [exthost] [warning] [Decorations] CAPPING events from decorations provider vscode.git 10001
[2021-11-08 13:09:00.454] [exthost] [warning] [Decorations] CAPPING events from decorations provider vscode.git 10000
[2021-11-08 13:12:00.806] [exthost] [warning] [Decorations] CAPPING events from decorations provider vscode.git 10000
[2021-11-08 13:56:54.993] [exthost] [warning] [Decorations] CAPPING events from decorations provider vscode.git 10008
[2021-11-08 13:59:56.938] [exthost] [warning] [Decorations] CAPPING events from decorations provider vscode.git 10004
[2021-11-08 14:02:57.294] [exthost] [warning] [Decorations] CAPPING events from decorations provider vscode.git 10000
[2021-11-08 14:16:28.119] [exthost] [warning] [Decorations] CAPPING events from decorations provider vscode.git 11390
[2021-11-08 14:19:28.477] [exthost] [warning] [Decorations] CAPPING events from decorations provider vscode.git 10021
[2021-11-08 14:22:28.835] [exthost] [warning] [Decorations] CAPPING events from decorations provider vscode.git 10001
[2021-11-08 14:25:29.211] [exthost] [warning] [Decorations] CAPPING events from decorations provider vscode.git 10000
[2021-11-08 14:28:29.574] [exthost] [warning] [Decorations] CAPPING events from decorations provider vscode.git 10000
[2021-11-08 14:32:59.158] [exthost] [warning] [Decorations] CAPPING events from decorations provider vscode.git 10000
[2021-11-08 14:35:59.551] [exthost] [warning] [Decorations] CAPPING events from decorations provider vscode.git 10003
[2021-11-08 14:39:30.853] [exthost] [warning] [Decorations] CAPPING events from decorations provider vscode.git 10000
[2021-11-08 14:49:42.962] [exthost] [warning] [Decorations] CAPPING events from decorations provider vscode.git 10042
[2021-11-08 14:52:43.392] [exthost] [warning] [Decorations] CAPPING events from decorations provider vscode.git 10001
[2021-11-08 14:55:43.789] [exthost] [warning] [Decorations] CAPPING events from decorations provider vscode.git 10000
[2021-11-08 14:58:44.189] [exthost] [warning] [Decorations] CAPPING events from decorations provider vscode.git 10000
[2021-11-08 15:02:45.534] [exthost] [warning] [Decorations] CAPPING events from decorations provider vscode.git 10006
[2021-11-08 15:06:47.667] [exthost] [warning] [Decorations] CAPPING events from decorations provider vscode.git 10000
[2021-11-08 15:10:51.045] [exthost] [warning] [Decorations] CAPPING events from decorations provider vscode.git 10008
[2021-11-08 15:14:19.857] [exthost] [warning] [Decorations] CAPPING events from decorations provider vscode.git 10000
[2021-11-08 15:17:20.251] [exthost] [warning] [Decorations] CAPPING events from decorations provider vscode.git 10019
[2021-11-08 15:24:56.711] [exthost] [warning] [Decorations] CAPPING events from decorations provider vscode.git 10051
[2021-11-08 15:46:28.505] [exthost] [warning] [Decorations] CAPPING events from decorations provider vscode.git 10009
[2021-11-08 16:02:52.175] [exthost] [warning] [Decorations] CAPPING events from decorations provider vscode.git 10000
[2021-11-08 16:05:54.124] [exthost] [warning] [Decorations] CAPPING events from decorations provider vscode.git 10000
[2021-11-08 16:09:58.599] [exthost] [warning] [Decorations] CAPPING events from decorations provider vscode.git 10000
[2021-11-08 16:32:08.515] [exthost] [warning] [Decorations] CAPPING events from decorations provider vscode.git 10000
[2021-11-08 16:35:08.953] [exthost] [warning] [Decorations] CAPPING events from decorations provider vscode.git 10000
[2021-11-08 16:38:09.378] [exthost] [warning] [Decorations] CAPPING events from decorations provider vscode.git 10000
[2021-11-08 16:41:09.827] [exthost] [warning] [Decorations] CAPPING events from decorations provider vscode.git 10001
[2021-11-08 16:44:10.299] [exthost] [warning] [Decorations] CAPPING events from decorations provider vscode.git 10000
[2021-11-08 16:47:10.736] [exthost] [warning] [Decorations] CAPPING events from decorations provider vscode.git 10001
[2021-11-08 16:50:11.190] [exthost] [warning] [Decorations] CAPPING events from decorations provider vscode.git 10000
[2021-11-08 16:53:11.657] [exthost] [warning] [Decorations] CAPPING events from decorations provider vscode.git 10000
[2021-11-08 17:00:06.261] [exthost] [warning] [Decorations] CAPPING events from decorations provider vscode.git 10000
[2021-11-08 17:03:06.673] [exthost] [warning] [Decorations] CAPPING events from decorations provider vscode.git 10001
[2021-11-08 17:07:04.055] [exthost] [warning] [Decorations] CAPPING events from decorations provider vscode.git 10001
[2021-11-08 17:10:05.857] [exthost] [warning] [Decorations] CAPPING events from decorations provider vscode.git 10000
[2021-11-08 17:15:12.847] [exthost] [warning] [Decorations] CAPPING events from decorations provider vscode.git 10000
[2021-11-08 17:18:13.277] [exthost] [warning] [Decorations] CAPPING events from decorations provider vscode.git 10000
[2021-11-08 17:23:16.428] [exthost] [warning] [Decorations] CAPPING events from decorations provider vscode.git 10002
[2021-11-08 17:26:16.869] [exthost] [warning] [Decorations] CAPPING events from decorations provider vscode.git 10000
[2021-11-08 17:29:17.278] [exthost] [warning] [Decorations] CAPPING events from decorations provider vscode.git 10000
[2021-11-08 17:33:59.895] [exthost] [warning] [Decorations] CAPPING events from decorations provider vscode.git 10000
[2021-11-08 17:37:01.937] [exthost] [warning] [Decorations] CAPPING events from decorations provider vscode.git 10001
[2021-11-08 17:42:05.341] [exthost] [warning] [Decorations] CAPPING events from decorations provider vscode.git 10001
[2021-11-08 17:45:13.841] [exthost] [warning] [Decorations] CAPPING events from decorations provider vscode.git 10000
[2021-11-08 17:48:15.578] [exthost] [warning] [Decorations] CAPPING events from decorations provider vscode.git 10000
[2021-11-08 17:51:46.582] [exthost] [warning] [Decorations] CAPPING events from decorations provider vscode.git 10000
[2021-11-08 17:56:53.421] [exthost] [warning] [Decorations] CAPPING events from decorations provider vscode.git 10000
[2021-11-08 18:02:50.590] [exthost] [warning] [Decorations] CAPPING events from decorations provider vscode.git 10000
[2021-11-08 18:05:52.648] [exthost] [warning] [Decorations] CAPPING events from decorations provider vscode.git 10000
[2021-11-08 18:12:20.236] [exthost] [warning] [Decorations] CAPPING events from decorations provider vscode.git 10002
[2021-11-08 18:24:53.994] [exthost] [warning] [Decorations] CAPPING events from decorations provider vscode.git 10007
[2021-11-08 18:27:55.748] [exthost] [warning] [Decorations] CAPPING events from decorations provider vscode.git 10000
[2021-11-08 18:31:22.835] [exthost] [warning] [Decorations] CAPPING events from decorations provider vscode.git 10000
[2021-11-08 18:34:24.117] [exthost] [warning] [Decorations] CAPPING events from decorations provider vscode.git 10000
[2021-11-08 18:40:44.920] [exthost] [warning] [Decorations] CAPPING events from decorations provider vscode.git 10000
[2021-11-08 18:47:08.180] [exthost] [warning] [Decorations] CAPPING events from decorations provider vscode.git 10006
[2021-11-08 18:54:25.833] [exthost] [warning] [Decorations] CAPPING events from decorations provider vscode.git 10002
[2021-11-08 18:57:26.231] [exthost] [warning] [Decorations] CAPPING events from decorations provider vscode.git 10000
[2021-11-08 19:01:39.925] [exthost] [warning] [Decorations] CAPPING events from decorations provider vscode.git 10042
[2021-11-08 19:05:27.160] [exthost] [warning] [Decorations] CAPPING events from decorations provider vscode.git 10489
[2021-11-08 19:08:28.404] [exthost] [warning] [Decorations] CAPPING events from decorations provider vscode.git 10168
[2021-11-08 19:10:39.381] [exthost] [info] extension host terminating: renderer closed the socket
[2021-11-08 19:10:40.425] [exthost] [info] exiting with code 0
