[2021-11-08 22:03:07.857] [exthost] [info] extension host started
[2021-11-08 22:03:07.857] [exthost] [info] Skipping acquiring lock for /home/moonwhite/.config/Code/User/workspaceStorage/9b880bd2d765c699cf80a10ae53d9bc5.
[2021-11-08 22:03:07.943] [exthost] [info] ExtensionService#_doActivateExtension vscode.microsoft-authentication, startup: false, activationEvent: 'onAuthenticationRequest:microsoft'
[2021-11-08 22:03:07.943] [exthost] [info] ExtensionService#loadCommonJSModule file:///usr/share/code/resources/app/extensions/microsoft-authentication/dist/extension.js
[2021-11-08 22:03:07.952] [exthost] [info] ExtensionService#_doActivateExtension vscode.typescript-language-features, startup: false, activationEvent: 'onLanguage:typescript'
[2021-11-08 22:03:07.952] [exthost] [info] ExtensionService#loadCommonJSModule file:///usr/share/code/resources/app/extensions/typescript-language-features/dist/extension
[2021-11-08 22:03:07.962] [exthost] [info] ExtensionService#_doActivateExtension vscode.debug-auto-launch, startup: true, activationEvent: '*'
[2021-11-08 22:03:07.962] [exthost] [info] ExtensionService#loadCommonJSModule file:///usr/share/code/resources/app/extensions/debug-auto-launch/dist/extension
[2021-11-08 22:03:07.964] [exthost] [info] ExtensionService#_doActivateExtension vscode.git, startup: true, activationEvent: '*', root cause: vscode.github
[2021-11-08 22:03:07.964] [exthost] [info] ExtensionService#loadCommonJSModule file:///usr/share/code/resources/app/extensions/git/dist/main
[2021-11-08 22:03:07.978] [exthost] [info] ExtensionService#_doActivateExtension PKief.material-icon-theme, startup: true, activationEvent: '*'
[2021-11-08 22:03:07.978] [exthost] [info] ExtensionService#loadCommonJSModule file:///home/moonwhite/.vscode/extensions/pkief.material-icon-theme-4.10.0/dist/extension
[2021-11-08 22:03:08.306] [exthost] [info] ExtensionService#_doActivateExtension vscode.github, startup: true, activationEvent: '*'
[2021-11-08 22:03:08.306] [exthost] [info] ExtensionService#loadCommonJSModule file:///usr/share/code/resources/app/extensions/github/dist/extension.js
[2021-11-08 22:03:08.457] [exthost] [info] eager extensions activated
[2021-11-08 22:03:08.631] [exthost] [info] ExtensionService#_doActivateExtension ms-vscode.js-debug, startup: false, activationEvent: 'onCommand:extension.js-debug.clearAutoAttachVariables'
[2021-11-08 22:03:08.631] [exthost] [info] ExtensionService#loadCommonJSModule file:///usr/share/code/resources/app/extensions/ms-vscode.js-debug/src/extension.js
[2021-11-08 22:03:08.735] [exthost] [info] ExtensionService#_doActivateExtension vscode.emmet, startup: false, activationEvent: 'onStartupFinished'
[2021-11-08 22:03:08.735] [exthost] [info] ExtensionService#loadCommonJSModule file:///usr/share/code/resources/app/extensions/emmet/dist/node/emmetNodeMain
[2021-11-08 22:03:08.741] [exthost] [info] ExtensionService#_doActivateExtension vscode.merge-conflict, startup: false, activationEvent: 'onStartupFinished'
[2021-11-08 22:03:08.741] [exthost] [info] ExtensionService#loadCommonJSModule file:///usr/share/code/resources/app/extensions/merge-conflict/dist/mergeConflictMain
[2021-11-08 22:03:08.991] [exthost] [info] ExtensionService#_doActivateExtension vscode.github-authentication, startup: false, activationEvent: 'onAuthenticationRequest:github'
[2021-11-08 22:03:08.992] [exthost] [info] ExtensionService#loadCommonJSModule file:///usr/share/code/resources/app/extensions/github-authentication/dist/extension.js
[2021-11-08 22:03:11.365] [exthost] [info] ExtensionService#_doActivateExtension vscode.configuration-editing, startup: false, activationEvent: 'onLanguage:jsonc'
[2021-11-08 22:03:11.365] [exthost] [info] ExtensionService#loadCommonJSModule file:///usr/share/code/resources/app/extensions/configuration-editing/dist/configurationEditingMain
[2021-11-08 22:03:11.368] [exthost] [info] ExtensionService#_doActivateExtension vscode.json-language-features, startup: false, activationEvent: 'onLanguage:jsonc'
[2021-11-08 22:03:11.368] [exthost] [info] ExtensionService#loadCommonJSModule file:///usr/share/code/resources/app/extensions/json-language-features/client/dist/node/jsonClientMain
[2021-11-08 22:03:12.949] [exthost] [warning] [Decorations] CAPPING events from decorations provider vscode.git 10000
[2021-11-08 22:03:13.861] [exthost] [warning] [Decorations] CAPPING events from decorations provider vscode.git 10005
[2021-11-08 22:06:14.319] [exthost] [warning] [Decorations] CAPPING events from decorations provider vscode.git 10002
[2021-11-08 22:06:21.478] [exthost] [info] ExtensionService#_doActivateExtension vscode.simple-browser, startup: false, activationEvent: 'onOpenExternalUri:http'
[2021-11-08 22:06:21.479] [exthost] [info] ExtensionService#loadCommonJSModule file:///usr/share/code/resources/app/extensions/simple-browser/dist/extension
[2021-11-08 22:23:25.531] [exthost] [warning] [Decorations] CAPPING events from decorations provider vscode.git 10021
[2021-11-08 22:26:25.936] [exthost] [warning] [Decorations] CAPPING events from decorations provider vscode.git 10000
[2021-11-08 22:29:06.159] [exthost] [info] ExtensionService#_doActivateExtension vscode.html-language-features, startup: false, activationEvent: 'onLanguage:html'
[2021-11-08 22:29:06.159] [exthost] [info] ExtensionService#loadCommonJSModule file:///usr/share/code/resources/app/extensions/html-language-features/client/dist/node/htmlClientMain
[2021-11-08 22:29:26.378] [exthost] [warning] [Decorations] CAPPING events from decorations provider vscode.git 10000
[2021-11-08 22:32:26.799] [exthost] [warning] [Decorations] CAPPING events from decorations provider vscode.git 10000
[2021-11-08 22:41:58.396] [exthost] [warning] [Decorations] CAPPING events from decorations provider vscode.git 10000
[2021-11-08 22:52:48.727] [exthost] [warning] [Decorations] CAPPING events from decorations provider vscode.git 10001
[2021-11-08 22:55:49.152] [exthost] [warning] [Decorations] CAPPING events from decorations provider vscode.git 10000
[2021-11-08 23:01:10.464] [exthost] [warning] [Decorations] CAPPING events from decorations provider vscode.git 10472
[2021-11-08 23:04:32.336] [exthost] [warning] [Decorations] CAPPING events from decorations provider vscode.git 10184
[2021-11-08 23:09:20.717] [exthost] [warning] [Decorations] CAPPING events from decorations provider vscode.git 10309
[2021-11-08 23:12:21.181] [exthost] [warning] [Decorations] CAPPING events from decorations provider vscode.git 10192
[2021-11-08 23:15:21.633] [exthost] [warning] [Decorations] CAPPING events from decorations provider vscode.git 10041
[2021-11-08 23:18:22.074] [exthost] [warning] [Decorations] CAPPING events from decorations provider vscode.git 10172
[2021-11-08 23:21:22.518] [exthost] [warning] [Decorations] CAPPING events from decorations provider vscode.git 10170
[2021-11-08 23:24:22.940] [exthost] [warning] [Decorations] CAPPING events from decorations provider vscode.git 10031
[2021-11-08 23:27:23.363] [exthost] [warning] [Decorations] CAPPING events from decorations provider vscode.git 10000
[2021-11-08 23:30:23.789] [exthost] [warning] [Decorations] CAPPING events from decorations provider vscode.git 10000
[2021-11-08 23:33:24.216] [exthost] [warning] [Decorations] CAPPING events from decorations provider vscode.git 10000
[2021-11-08 23:36:24.640] [exthost] [warning] [Decorations] CAPPING events from decorations provider vscode.git 10000
[2021-11-08 23:39:25.059] [exthost] [warning] [Decorations] CAPPING events from decorations provider vscode.git 10000
[2021-11-08 23:42:25.468] [exthost] [warning] [Decorations] CAPPING events from decorations provider vscode.git 10000
[2021-11-08 23:45:25.875] [exthost] [warning] [Decorations] CAPPING events from decorations provider vscode.git 10000
[2021-11-09 09:27:40.990] [exthost] [warning] [Decorations] CAPPING events from decorations provider vscode.git 10000
[2021-11-09 09:30:42.896] [exthost] [warning] [Decorations] CAPPING events from decorations provider vscode.git 10000
[2021-11-09 09:35:00.551] [exthost] [warning] [Decorations] CAPPING events from decorations provider vscode.git 10000
[2021-11-09 09:38:01.024] [exthost] [warning] [Decorations] CAPPING events from decorations provider vscode.git 10000
[2021-11-09 09:41:01.478] [exthost] [warning] [Decorations] CAPPING events from decorations provider vscode.git 10001
[2021-11-09 09:47:44.318] [exthost] [warning] [Decorations] CAPPING events from decorations provider vscode.git 10003
[2021-11-09 10:01:38.887] [exthost] [warning] [Decorations] CAPPING events from decorations provider vscode.git 10220
[2021-11-09 10:29:18.398] [exthost] [warning] [Decorations] CAPPING events from decorations provider vscode.git 10647
[2021-11-09 13:40:15.578] [exthost] [info] extension host terminating: renderer closed the socket
[2021-11-09 13:40:16.608] [exthost] [info] exiting with code 0
