[2021-11-09 19:08:14.384] [exthost] [info] extension host started
[2021-11-09 19:08:14.384] [exthost] [info] Skipping acquiring lock for /home/moonwhite/.config/Code/User/workspaceStorage/9b880bd2d765c699cf80a10ae53d9bc5.
[2021-11-09 19:08:14.469] [exthost] [info] ExtensionService#_doActivateExtension vscode.microsoft-authentication, startup: false, activationEvent: 'onAuthenticationRequest:microsoft'
[2021-11-09 19:08:14.469] [exthost] [info] ExtensionService#loadCommonJSModule file:///usr/share/code/resources/app/extensions/microsoft-authentication/dist/extension.js
[2021-11-09 19:08:14.474] [exthost] [info] ExtensionService#_doActivateExtension vscode.typescript-language-features, startup: false, activationEvent: 'onLanguage:typescript'
[2021-11-09 19:08:14.474] [exthost] [info] ExtensionService#loadCommonJSModule file:///usr/share/code/resources/app/extensions/typescript-language-features/dist/extension
[2021-11-09 19:08:14.479] [exthost] [info] ExtensionService#_doActivateExtension vscode.debug-auto-launch, startup: true, activationEvent: '*'
[2021-11-09 19:08:14.479] [exthost] [info] ExtensionService#loadCommonJSModule file:///usr/share/code/resources/app/extensions/debug-auto-launch/dist/extension
[2021-11-09 19:08:14.480] [exthost] [info] ExtensionService#_doActivateExtension vscode.git, startup: true, activationEvent: '*', root cause: vscode.github
[2021-11-09 19:08:14.481] [exthost] [info] ExtensionService#loadCommonJSModule file:///usr/share/code/resources/app/extensions/git/dist/main
[2021-11-09 19:08:14.491] [exthost] [info] ExtensionService#_doActivateExtension PKief.material-icon-theme, startup: true, activationEvent: '*'
[2021-11-09 19:08:14.491] [exthost] [info] ExtensionService#loadCommonJSModule file:///home/moonwhite/.vscode/extensions/pkief.material-icon-theme-4.10.0/dist/extension
[2021-11-09 19:08:14.727] [exthost] [info] ExtensionService#_doActivateExtension vscode.github, startup: true, activationEvent: '*'
[2021-11-09 19:08:14.727] [exthost] [info] ExtensionService#loadCommonJSModule file:///usr/share/code/resources/app/extensions/github/dist/extension.js
[2021-11-09 19:08:14.902] [exthost] [info] eager extensions activated
[2021-11-09 19:08:14.982] [exthost] [info] ExtensionService#_doActivateExtension ms-vscode.js-debug, startup: false, activationEvent: 'onCommand:extension.js-debug.clearAutoAttachVariables'
[2021-11-09 19:08:14.982] [exthost] [info] ExtensionService#loadCommonJSModule file:///usr/share/code/resources/app/extensions/ms-vscode.js-debug/src/extension.js
[2021-11-09 19:08:15.091] [exthost] [info] ExtensionService#_doActivateExtension vscode.emmet, startup: false, activationEvent: 'onStartupFinished'
[2021-11-09 19:08:15.092] [exthost] [info] ExtensionService#loadCommonJSModule file:///usr/share/code/resources/app/extensions/emmet/dist/node/emmetNodeMain
[2021-11-09 19:08:15.095] [exthost] [info] ExtensionService#_doActivateExtension vscode.merge-conflict, startup: false, activationEvent: 'onStartupFinished'
[2021-11-09 19:08:15.095] [exthost] [info] ExtensionService#loadCommonJSModule file:///usr/share/code/resources/app/extensions/merge-conflict/dist/mergeConflictMain
[2021-11-09 19:08:15.418] [exthost] [info] ExtensionService#_doActivateExtension vscode.github-authentication, startup: false, activationEvent: 'onAuthenticationRequest:github'
[2021-11-09 19:08:15.418] [exthost] [info] ExtensionService#loadCommonJSModule file:///usr/share/code/resources/app/extensions/github-authentication/dist/extension.js
[2021-11-09 19:08:17.027] [exthost] [info] ExtensionService#_doActivateExtension vscode.configuration-editing, startup: false, activationEvent: 'onLanguage:jsonc'
[2021-11-09 19:08:17.028] [exthost] [info] ExtensionService#loadCommonJSModule file:///usr/share/code/resources/app/extensions/configuration-editing/dist/configurationEditingMain
[2021-11-09 19:08:17.030] [exthost] [info] ExtensionService#_doActivateExtension vscode.json-language-features, startup: false, activationEvent: 'onLanguage:jsonc'
[2021-11-09 19:08:17.030] [exthost] [info] ExtensionService#loadCommonJSModule file:///usr/share/code/resources/app/extensions/json-language-features/client/dist/node/jsonClientMain
[2021-11-09 19:08:24.347] [exthost] [warning] [Decorations] CAPPING events from decorations provider vscode.git 10003
[2021-11-09 19:08:25.287] [exthost] [warning] [Decorations] CAPPING events from decorations provider vscode.git 10003
[2021-11-09 19:09:00.325] [exthost] [info] ExtensionService#_doActivateExtension vscode.css-language-features, startup: false, activationEvent: 'onLanguage:css'
[2021-11-09 19:09:00.326] [exthost] [info] ExtensionService#loadCommonJSModule file:///usr/share/code/resources/app/extensions/css-language-features/client/dist/node/cssClientMain
[2021-11-09 19:09:01.450] [exthost] [info] ExtensionService#_doActivateExtension vscode.html-language-features, startup: false, activationEvent: 'onLanguage:html'
[2021-11-09 19:09:01.450] [exthost] [info] ExtensionService#loadCommonJSModule file:///usr/share/code/resources/app/extensions/html-language-features/client/dist/node/htmlClientMain
[2021-11-09 19:11:25.572] [exthost] [warning] [Decorations] CAPPING events from decorations provider vscode.git 10003
[2021-11-09 19:14:25.873] [exthost] [warning] [Decorations] CAPPING events from decorations provider vscode.git 10003
[2021-11-09 19:20:44.136] [exthost] [warning] [Decorations] CAPPING events from decorations provider vscode.git 10003
[2021-11-09 19:23:44.423] [exthost] [warning] [Decorations] CAPPING events from decorations provider vscode.git 10003
[2021-11-09 19:33:27.130] [exthost] [warning] [Decorations] CAPPING events from decorations provider vscode.git 10003
[2021-11-09 19:36:27.468] [exthost] [warning] [Decorations] CAPPING events from decorations provider vscode.git 10003
[2021-11-09 19:39:27.796] [exthost] [warning] [Decorations] CAPPING events from decorations provider vscode.git 10003
[2021-11-09 19:42:29.440] [exthost] [warning] [Decorations] CAPPING events from decorations provider vscode.git 10003
[2021-11-09 19:46:57.529] [exthost] [warning] [Decorations] CAPPING events from decorations provider vscode.git 10004
[2021-11-09 19:51:29.834] [exthost] [warning] [Decorations] CAPPING events from decorations provider vscode.git 10003
[2021-11-09 19:54:30.201] [exthost] [warning] [Decorations] CAPPING events from decorations provider vscode.git 10003
[2021-11-09 19:57:30.576] [exthost] [warning] [Decorations] CAPPING events from decorations provider vscode.git 10003
[2021-11-09 20:00:31.010] [exthost] [warning] [Decorations] CAPPING events from decorations provider vscode.git 10003
[2021-11-09 20:03:31.457] [exthost] [warning] [Decorations] CAPPING events from decorations provider vscode.git 10003
[2021-11-09 20:06:31.836] [exthost] [warning] [Decorations] CAPPING events from decorations provider vscode.git 10003
[2021-11-09 20:10:24.033] [exthost] [info] extension host terminating: renderer closed the socket
