[Info  - 03:22:52.549] Reading sessions from keychain...
[Info  - 03:22:52.561] Getting sessions for all scopes...
[Info  - 03:22:52.561] Getting sessions for all scopes...
[Info  - 03:22:52.564] Got 0 sessions for all scopes...
[Info  - 03:22:52.564] Got 0 sessions for all scopes...
[Info  - 04:52:41.466] Getting sessions for repo,workflow...
[Info  - 04:52:41.466] Got 0 sessions for repo,workflow...
[Info  - 04:52:43.931] Logging in for the following scopes: repo workflow
[Info  - 04:53:43.990] Getting sessions for repo,workflow...
[Info  - 04:53:43.990] Got 0 sessions for repo,workflow...
[Info  - 04:53:44.335] Logging in for the following scopes: repo workflow
[Info  - 04:22:31.879] Getting sessions for repo,workflow...
[Info  - 04:22:31.879] Got 0 sessions for repo,workflow...
[Info  - 04:22:38.937] Logging in for the following scopes: repo workflow
[Info  - 04:26:07.349] Getting sessions for repo,workflow...
[Info  - 04:26:07.349] Got 0 sessions for repo,workflow...
[Info  - 04:26:15.229] Logging in for the following scopes: repo workflow
[Trace  - 04:26:50.486] Handling Uri...
[Info  - 04:26:50.486] Exchanging code for token...
[Info  - 04:26:55.663] Token exchange success!
[Info  - 04:26:55.664] Getting user info...
[Info  - 04:26:56.192] Got account info!
[Info  - 04:26:56.192] Storing 1 sessions...
[Info  - 04:26:56.219] Reading sessions from keychain...
[Info  - 04:26:56.219] Stored 1 sessions!
[Info  - 04:26:56.219] Login success!
[Info  - 04:26:56.227] Getting sessions for all scopes...
[Trace  - 04:26:56.227] Token acquired from secret storage.
[Info  - 04:26:56.227] Got stored sessions!
[Trace  - 04:26:56.227] Read the following session from the keychain with the following scopes: repo,workflow
[Info  - 04:26:56.227] Got 1 verified sessions.
[Info  - 04:26:56.227] Got 1 sessions for all scopes...
